This is pdfTeX, Version 3.1415926-2.5-1.40.14 (TeX Live 2013/Debian) (format=pdflatex 2014.2.1)  23 JUN 2014 23:19
entering extended mode
 restricted \write18 enabled.
 %&-line parsing enabled.
**paper_harpsm_calv11_arxiv.tex
(./paper_harpsm_calv11_arxiv.tex
LaTeX2e <2011/06/27>
Babel <3.9f> and hyphenation patterns for 2 languages loaded.
(./aa.cls
Document Class: aa 2010/20/02 v7.0 
LaTeX document class for Astronomy and Astrophysics journal
(/usr/share/texlive/texmf-dist/tex/latex/base/fleqn.clo
File: fleqn.clo 1998/08/17 v1.1c Standard LaTeX option (flush left equations)
\mathindent=\dimen102
)
\logodepth=\dimen103
\headerboxheight=\dimen104
\betweenumberspace=\dimen105
\aftertext=\dimen106
\headlineindent=\dimen107
\c@inst=\count79
\c@auth=\count80
\instindent=\dimen108
\authrun=\box26
\authorrunning=\toks14
\titrun=\box27
\titlerunning=\toks15
\number@fw@rds=\count81
\c@section=\count82
\c@subsection=\count83
\c@subsubsection=\count84
\c@paragraph=\count85
\c@subparagraph=\count86
\c@theorem=\count87
\figgap=\dimen109
\c@append=\count88
\c@figure=\count89
\c@table=\count90
\abovecaptionskip=\skip41
\belowcaptionskip=\skip42
\figcapgap=\dimen110
\tabcapgap=\dimen111
\bibindent=\dimen112
)
(/usr/share/texlive/texmf-dist/tex/latex/txfonts/txfonts.sty
Package: txfonts 2008/01/22 v3.2.1
LaTeX Font Info:    Redeclaring symbol font `operators' on input line 21.
LaTeX Font Info:    Overwriting symbol font `operators' in version `normal'
(Font)                  OT1/cmr/m/n --> OT1/txr/m/n on input line 21.
LaTeX Font Info:    Overwriting symbol font `operators' in version `bold'
(Font)                  OT1/cmr/bx/n --> OT1/txr/m/n on input line 21.
LaTeX Font Info:    Overwriting symbol font `operators' in version `bold'
(Font)                  OT1/txr/m/n --> OT1/txr/bx/n on input line 22.
\symitalic=\mathgroup4
LaTeX Font Info:    Overwriting symbol font `italic' in version `bold'
(Font)                  OT1/txr/m/it --> OT1/txr/bx/it on input line 26.
LaTeX Font Info:    Redeclaring math alphabet \mathbf on input line 29.
LaTeX Font Info:    Overwriting math alphabet `\mathbf' in version `normal'
(Font)                  OT1/cmr/bx/n --> OT1/txr/bx/n on input line 29.
LaTeX Font Info:    Overwriting math alphabet `\mathbf' in version `bold'
(Font)                  OT1/cmr/bx/n --> OT1/txr/bx/n on input line 29.
LaTeX Font Info:    Redeclaring math alphabet \mathit on input line 30.
LaTeX Font Info:    Overwriting math alphabet `\mathit' in version `normal'
(Font)                  OT1/cmr/m/it --> OT1/txr/m/it on input line 30.
LaTeX Font Info:    Overwriting math alphabet `\mathit' in version `bold'
(Font)                  OT1/cmr/bx/it --> OT1/txr/m/it on input line 30.
LaTeX Font Info:    Overwriting math alphabet `\mathit' in version `bold'
(Font)                  OT1/txr/m/it --> OT1/txr/bx/it on input line 31.
LaTeX Font Info:    Redeclaring math alphabet \mathsf on input line 40.
LaTeX Font Info:    Overwriting math alphabet `\mathsf' in version `normal'
(Font)                  OT1/cmss/m/n --> OT1/txss/m/n on input line 40.
LaTeX Font Info:    Overwriting math alphabet `\mathsf' in version `bold'
(Font)                  OT1/cmss/bx/n --> OT1/txss/m/n on input line 40.
LaTeX Font Info:    Overwriting math alphabet `\mathsf' in version `bold'
(Font)                  OT1/txss/m/n --> OT1/txss/b/n on input line 41.
LaTeX Font Info:    Redeclaring math alphabet \mathtt on input line 50.
LaTeX Font Info:    Overwriting math alphabet `\mathtt' in version `normal'
(Font)                  OT1/cmtt/m/n --> OT1/txtt/m/n on input line 50.
LaTeX Font Info:    Overwriting math alphabet `\mathtt' in version `bold'
(Font)                  OT1/cmtt/m/n --> OT1/txtt/m/n on input line 50.
LaTeX Font Info:    Overwriting math alphabet `\mathtt' in version `bold'
(Font)                  OT1/txtt/m/n --> OT1/txtt/b/n on input line 51.
LaTeX Font Info:    Redeclaring symbol font `letters' on input line 58.
LaTeX Font Info:    Overwriting symbol font `letters' in version `normal'
(Font)                  OML/cmm/m/it --> OML/txmi/m/it on input line 58.
LaTeX Font Info:    Overwriting symbol font `letters' in version `bold'
(Font)                  OML/cmm/b/it --> OML/txmi/m/it on input line 58.
LaTeX Font Info:    Overwriting symbol font `letters' in version `bold'
(Font)                  OML/txmi/m/it --> OML/txmi/bx/it on input line 59.
\symlettersA=\mathgroup5
LaTeX Font Info:    Overwriting symbol font `lettersA' in version `bold'
(Font)                  U/txmia/m/it --> U/txmia/bx/it on input line 67.
LaTeX Font Info:    Redeclaring symbol font `symbols' on input line 77.
LaTeX Font Info:    Overwriting symbol font `symbols' in version `normal'
(Font)                  OMS/cmsy/m/n --> OMS/txsy/m/n on input line 77.
LaTeX Font Info:    Overwriting symbol font `symbols' in version `bold'
(Font)                  OMS/cmsy/b/n --> OMS/txsy/m/n on input line 77.
LaTeX Font Info:    Overwriting symbol font `symbols' in version `bold'
(Font)                  OMS/txsy/m/n --> OMS/txsy/bx/n on input line 78.
\symAMSa=\mathgroup6
LaTeX Font Info:    Overwriting symbol font `AMSa' in version `bold'
(Font)                  U/txsya/m/n --> U/txsya/bx/n on input line 94.
\symAMSb=\mathgroup7
LaTeX Font Info:    Overwriting symbol font `AMSb' in version `bold'
(Font)                  U/txsyb/m/n --> U/txsyb/bx/n on input line 103.
\symsymbolsC=\mathgroup8
LaTeX Font Info:    Overwriting symbol font `symbolsC' in version `bold'
(Font)                  U/txsyc/m/n --> U/txsyc/bx/n on input line 113.
LaTeX Font Info:    Redeclaring symbol font `largesymbols' on input line 120.
LaTeX Font Info:    Overwriting symbol font `largesymbols' in version `normal'
(Font)                  OMX/cmex/m/n --> OMX/txex/m/n on input line 120.
LaTeX Font Info:    Overwriting symbol font `largesymbols' in version `bold'
(Font)                  OMX/cmex/m/n --> OMX/txex/m/n on input line 120.
LaTeX Font Info:    Overwriting symbol font `largesymbols' in version `bold'
(Font)                  OMX/txex/m/n --> OMX/txex/bx/n on input line 121.
\symlargesymbolsA=\mathgroup9
LaTeX Font Info:    Overwriting symbol font `largesymbolsA' in version `bold'
(Font)                  U/txexa/m/n --> U/txexa/bx/n on input line 129.
LaTeX Info: Redefining \not on input line 1043.
)
(/usr/share/texlive/texmf-dist/tex/latex/multirow/multirow.sty
\bigstrutjot=\dimen113
)
(/usr/share/texlive/texmf-dist/tex/latex/graphics/epsfig.sty
Package: epsfig 1999/02/16 v1.7a (e)psfig emulation (SPQR)

(/usr/share/texlive/texmf-dist/tex/latex/graphics/graphicx.sty
Package: graphicx 1999/02/16 v1.0f Enhanced LaTeX Graphics (DPC,SPQR)

(/usr/share/texlive/texmf-dist/tex/latex/graphics/keyval.sty
Package: keyval 1999/03/16 v1.13 key=value parser (DPC)
\KV@toks@=\toks16
)
(/usr/share/texlive/texmf-dist/tex/latex/graphics/graphics.sty
Package: graphics 2009/02/05 v1.0o Standard LaTeX Graphics (DPC,SPQR)

(/usr/share/texlive/texmf-dist/tex/latex/graphics/trig.sty
Package: trig 1999/03/16 v1.09 sin cos tan (DPC)
)
(/usr/share/texlive/texmf-dist/tex/latex/latexconfig/graphics.cfg
File: graphics.cfg 2010/04/23 v1.9 graphics configuration of TeX Live
)
Package graphics Info: Driver file: pdftex.def on input line 91.

(/usr/share/texlive/texmf-dist/tex/latex/pdftex-def/pdftex.def
File: pdftex.def 2011/05/27 v0.06d Graphics/color for pdfTeX

(/usr/share/texlive/texmf-dist/tex/generic/oberdiek/infwarerr.sty
Package: infwarerr 2010/04/08 v1.3 Providing info/warning/error messages (HO)
)
(/usr/share/texlive/texmf-dist/tex/generic/oberdiek/ltxcmds.sty
Package: ltxcmds 2011/11/09 v1.22 LaTeX kernel commands for general use (HO)
)
\Gread@gobject=\count91
))
\Gin@req@height=\dimen114
\Gin@req@width=\dimen115
)
\epsfxsize=\dimen116
\epsfysize=\dimen117
)
(./natbib.sty
Package: natbib 2006/03/22 7.3 (PWD)
\bibhang=\skip43
\bibsep=\skip44
LaTeX Info: Redefining \cite on input line 541.
\c@NAT@ctr=\count92
) (/usr/share/texlive/texmf-dist/tex/latex/graphics/lscape.sty
Package: lscape 2000/10/22 v3.01 Landscape Pages (DPC)
)
(/usr/share/texlive/texmf-dist/tex/latex/wasysym/wasysym.sty
Package: wasysym 2003/10/30 v2.0 Wasy-2 symbol support package
\symwasy=\mathgroup10
LaTeX Font Info:    Overwriting symbol font `wasy' in version `bold'
(Font)                  U/wasy/m/n --> U/wasy/b/n on input line 90.
)
(/usr/share/texlive/texmf-dist/tex/latex/tools/array.sty
Package: array 2008/09/09 v2.4c Tabular extension package (FMi)
\col@sep=\dimen118
\extrarowheight=\dimen119
\NC@list=\toks17
\extratabsurround=\skip45
\backup@length=\skip46
)
(/usr/share/texlive/texmf-dist/tex/latex/amsfonts/amssymb.sty
Package: amssymb 2013/01/14 v3.01 AMS font symbols

(/usr/share/texlive/texmf-dist/tex/latex/amsfonts/amsfonts.sty
Package: amsfonts 2013/01/14 v3.01 Basic AMSFonts support
\@emptytoks=\toks18
LaTeX Font Info:    Redeclaring symbol font `AMSa' on input line 59.
LaTeX Font Info:    Overwriting symbol font `AMSa' in version `normal'
(Font)                  U/txsya/m/n --> U/msa/m/n on input line 59.
LaTeX Font Info:    Overwriting symbol font `AMSa' in version `bold'
(Font)                  U/txsya/bx/n --> U/msa/m/n on input line 59.
LaTeX Font Info:    Redeclaring symbol font `AMSb' on input line 60.
LaTeX Font Info:    Overwriting symbol font `AMSb' in version `normal'
(Font)                  U/txsyb/m/n --> U/msb/m/n on input line 60.
LaTeX Font Info:    Overwriting symbol font `AMSb' in version `bold'
(Font)                  U/txsyb/bx/n --> U/msb/m/n on input line 60.
LaTeX Font Info:    Redeclaring math delimiter \ulcorner on input line 74.
LaTeX Font Info:    Redeclaring math delimiter \urcorner on input line 75.
LaTeX Font Info:    Redeclaring math delimiter \llcorner on input line 76.
LaTeX Font Info:    Redeclaring math delimiter \lrcorner on input line 77.
LaTeX Font Info:    Redeclaring math symbol \square on input line 141.
LaTeX Font Info:    Redeclaring math symbol \lozenge on input line 142.
)
LaTeX Font Info:    Redeclaring math symbol \boxdot on input line 44.
LaTeX Font Info:    Redeclaring math symbol \boxplus on input line 45.
LaTeX Font Info:    Redeclaring math symbol \boxtimes on input line 46.
LaTeX Font Info:    Redeclaring math symbol \blacksquare on input line 48.
LaTeX Font Info:    Redeclaring math symbol \centerdot on input line 49.
LaTeX Font Info:    Redeclaring math symbol \blacklozenge on input line 51.
LaTeX Font Info:    Redeclaring math symbol \circlearrowright on input line 52.

LaTeX Font Info:    Redeclaring math symbol \circlearrowleft on input line 53.
LaTeX Font Info:    Redeclaring math symbol \leftrightharpoons on input line 56
.
LaTeX Font Info:    Redeclaring math symbol \boxminus on input line 57.
LaTeX Font Info:    Redeclaring math symbol \Vdash on input line 58.
LaTeX Font Info:    Redeclaring math symbol \Vvdash on input line 59.
LaTeX Font Info:    Redeclaring math symbol \vDash on input line 60.
LaTeX Font Info:    Redeclaring math symbol \twoheadrightarrow on input line 61
.
LaTeX Font Info:    Redeclaring math symbol \twoheadleftarrow on input line 62.

LaTeX Font Info:    Redeclaring math symbol \leftleftarrows on input line 63.
LaTeX Font Info:    Redeclaring math symbol \rightrightarrows on input line 64.

LaTeX Font Info:    Redeclaring math symbol \upuparrows on input line 65.
LaTeX Font Info:    Redeclaring math symbol \downdownarrows on input line 66.
LaTeX Font Info:    Redeclaring math symbol \upharpoonright on input line 67.
LaTeX Font Info:    Redeclaring math symbol \downharpoonright on input line 69.

LaTeX Font Info:    Redeclaring math symbol \upharpoonleft on input line 70.
LaTeX Font Info:    Redeclaring math symbol \downharpoonleft on input line 71.
LaTeX Font Info:    Redeclaring math symbol \rightarrowtail on input line 72.
LaTeX Font Info:    Redeclaring math symbol \leftarrowtail on input line 73.
LaTeX Font Info:    Redeclaring math symbol \leftrightarrows on input line 74.
LaTeX Font Info:    Redeclaring math symbol \rightleftarrows on input line 75.
LaTeX Font Info:    Redeclaring math symbol \Lsh on input line 76.
LaTeX Font Info:    Redeclaring math symbol \Rsh on input line 77.
LaTeX Font Info:    Redeclaring math symbol \leftrightsquigarrow on input line 
79.
LaTeX Font Info:    Redeclaring math symbol \looparrowleft on input line 80.
LaTeX Font Info:    Redeclaring math symbol \looparrowright on input line 81.
LaTeX Font Info:    Redeclaring math symbol \circeq on input line 82.
LaTeX Font Info:    Redeclaring math symbol \succsim on input line 83.
LaTeX Font Info:    Redeclaring math symbol \gtrsim on input line 84.
LaTeX Font Info:    Redeclaring math symbol \gtrapprox on input line 85.
LaTeX Font Info:    Redeclaring math symbol \multimap on input line 86.
LaTeX Font Info:    Redeclaring math symbol \therefore on input line 87.
LaTeX Font Info:    Redeclaring math symbol \because on input line 88.
LaTeX Font Info:    Redeclaring math symbol \doteqdot on input line 89.
LaTeX Font Info:    Redeclaring math symbol \triangleq on input line 91.
LaTeX Font Info:    Redeclaring math symbol \precsim on input line 92.
LaTeX Font Info:    Redeclaring math symbol \lesssim on input line 93.
LaTeX Font Info:    Redeclaring math symbol \lessapprox on input line 94.
LaTeX Font Info:    Redeclaring math symbol \eqslantless on input line 95.
LaTeX Font Info:    Redeclaring math symbol \eqslantgtr on input line 96.
LaTeX Font Info:    Redeclaring math symbol \curlyeqprec on input line 97.
LaTeX Font Info:    Redeclaring math symbol \curlyeqsucc on input line 98.
LaTeX Font Info:    Redeclaring math symbol \preccurlyeq on input line 99.
LaTeX Font Info:    Redeclaring math symbol \leqq on input line 100.
LaTeX Font Info:    Redeclaring math symbol \leqslant on input line 101.
LaTeX Font Info:    Redeclaring math symbol \lessgtr on input line 102.
LaTeX Font Info:    Redeclaring math symbol \backprime on input line 103.
LaTeX Font Info:    Redeclaring math symbol \risingdotseq on input line 104.
LaTeX Font Info:    Redeclaring math symbol \fallingdotseq on input line 105.
LaTeX Font Info:    Redeclaring math symbol \succcurlyeq on input line 106.
LaTeX Font Info:    Redeclaring math symbol \geqq on input line 107.
LaTeX Font Info:    Redeclaring math symbol \geqslant on input line 108.
LaTeX Font Info:    Redeclaring math symbol \gtrless on input line 109.
LaTeX Font Info:    Redeclaring math symbol \bigstar on input line 117.
LaTeX Font Info:    Redeclaring math symbol \between on input line 118.
LaTeX Font Info:    Redeclaring math symbol \blacktriangledown on input line 11
9.
LaTeX Font Info:    Redeclaring math symbol \blacktriangleright on input line 1
20.
LaTeX Font Info:    Redeclaring math symbol \blacktriangleleft on input line 12
1.
LaTeX Font Info:    Redeclaring math symbol \vartriangle on input line 122.
LaTeX Font Info:    Redeclaring math symbol \blacktriangle on input line 123.
LaTeX Font Info:    Redeclaring math symbol \triangledown on input line 124.
LaTeX Font Info:    Redeclaring math symbol \eqcirc on input line 125.
LaTeX Font Info:    Redeclaring math symbol \lesseqgtr on input line 126.
LaTeX Font Info:    Redeclaring math symbol \gtreqless on input line 127.
LaTeX Font Info:    Redeclaring math symbol \lesseqqgtr on input line 128.
LaTeX Font Info:    Redeclaring math symbol \gtreqqless on input line 129.
LaTeX Font Info:    Redeclaring math symbol \Rrightarrow on input line 130.
LaTeX Font Info:    Redeclaring math symbol \Lleftarrow on input line 131.
LaTeX Font Info:    Redeclaring math symbol \veebar on input line 132.
LaTeX Font Info:    Redeclaring math symbol \barwedge on input line 133.
LaTeX Font Info:    Redeclaring math symbol \doublebarwedge on input line 134.
LaTeX Font Info:    Redeclaring math symbol \measuredangle on input line 137.
LaTeX Font Info:    Redeclaring math symbol \sphericalangle on input line 138.
LaTeX Font Info:    Redeclaring math symbol \varpropto on input line 139.
LaTeX Font Info:    Redeclaring math symbol \smallsmile on input line 140.
LaTeX Font Info:    Redeclaring math symbol \smallfrown on input line 141.
LaTeX Font Info:    Redeclaring math symbol \Subset on input line 142.
LaTeX Font Info:    Redeclaring math symbol \Supset on input line 143.
LaTeX Font Info:    Redeclaring math symbol \Cup on input line 144.
LaTeX Font Info:    Redeclaring math symbol \Cap on input line 146.
LaTeX Font Info:    Redeclaring math symbol \curlywedge on input line 148.
LaTeX Font Info:    Redeclaring math symbol \curlyvee on input line 149.
LaTeX Font Info:    Redeclaring math symbol \leftthreetimes on input line 150.
LaTeX Font Info:    Redeclaring math symbol \rightthreetimes on input line 151.

LaTeX Font Info:    Redeclaring math symbol \subseteqq on input line 152.
LaTeX Font Info:    Redeclaring math symbol \supseteqq on input line 153.
LaTeX Font Info:    Redeclaring math symbol \bumpeq on input line 154.
LaTeX Font Info:    Redeclaring math symbol \Bumpeq on input line 155.
LaTeX Font Info:    Redeclaring math symbol \lll on input line 156.
LaTeX Font Info:    Redeclaring math symbol \ggg on input line 158.
LaTeX Font Info:    Redeclaring math symbol \circledS on input line 160.
LaTeX Font Info:    Redeclaring math symbol \pitchfork on input line 161.
LaTeX Font Info:    Redeclaring math symbol \dotplus on input line 162.
LaTeX Font Info:    Redeclaring math symbol \backsim on input line 163.
LaTeX Font Info:    Redeclaring math symbol \backsimeq on input line 164.
LaTeX Font Info:    Redeclaring math symbol \complement on input line 165.
LaTeX Font Info:    Redeclaring math symbol \intercal on input line 166.
LaTeX Font Info:    Redeclaring math symbol \circledcirc on input line 167.
LaTeX Font Info:    Redeclaring math symbol \circledast on input line 168.
LaTeX Font Info:    Redeclaring math symbol \circleddash on input line 169.
LaTeX Font Info:    Redeclaring math symbol \lvertneqq on input line 171.
LaTeX Font Info:    Redeclaring math symbol \gvertneqq on input line 172.
LaTeX Font Info:    Redeclaring math symbol \nleq on input line 173.
LaTeX Font Info:    Redeclaring math symbol \ngeq on input line 174.
LaTeX Font Info:    Redeclaring math symbol \nless on input line 175.
LaTeX Font Info:    Redeclaring math symbol \ngtr on input line 176.
LaTeX Font Info:    Redeclaring math symbol \nprec on input line 177.
LaTeX Font Info:    Redeclaring math symbol \nsucc on input line 178.
LaTeX Font Info:    Redeclaring math symbol \lneqq on input line 179.
LaTeX Font Info:    Redeclaring math symbol \gneqq on input line 180.
LaTeX Font Info:    Redeclaring math symbol \nleqslant on input line 181.
LaTeX Font Info:    Redeclaring math symbol \ngeqslant on input line 182.
LaTeX Font Info:    Redeclaring math symbol \lneq on input line 183.
LaTeX Font Info:    Redeclaring math symbol \gneq on input line 184.
LaTeX Font Info:    Redeclaring math symbol \npreceq on input line 185.
LaTeX Font Info:    Redeclaring math symbol \nsucceq on input line 186.
LaTeX Font Info:    Redeclaring math symbol \precnsim on input line 187.
LaTeX Font Info:    Redeclaring math symbol \succnsim on input line 188.
LaTeX Font Info:    Redeclaring math symbol \lnsim on input line 189.
LaTeX Font Info:    Redeclaring math symbol \gnsim on input line 190.
LaTeX Font Info:    Redeclaring math symbol \nleqq on input line 191.
LaTeX Font Info:    Redeclaring math symbol \ngeqq on input line 192.
LaTeX Font Info:    Redeclaring math symbol \precneqq on input line 193.
LaTeX Font Info:    Redeclaring math symbol \succneqq on input line 194.
LaTeX Font Info:    Redeclaring math symbol \precnapprox on input line 195.
LaTeX Font Info:    Redeclaring math symbol \succnapprox on input line 196.
LaTeX Font Info:    Redeclaring math symbol \lnapprox on input line 197.
LaTeX Font Info:    Redeclaring math symbol \gnapprox on input line 198.
LaTeX Font Info:    Redeclaring math symbol \nsim on input line 199.
LaTeX Font Info:    Redeclaring math symbol \ncong on input line 200.
LaTeX Font Info:    Redeclaring math symbol \diagup on input line 201.
LaTeX Font Info:    Redeclaring math symbol \diagdown on input line 202.
LaTeX Font Info:    Redeclaring math symbol \varsubsetneq on input line 203.
LaTeX Font Info:    Redeclaring math symbol \varsupsetneq on input line 204.
LaTeX Font Info:    Redeclaring math symbol \nsubseteqq on input line 205.
LaTeX Font Info:    Redeclaring math symbol \nsupseteqq on input line 206.
LaTeX Font Info:    Redeclaring math symbol \subsetneqq on input line 207.
LaTeX Font Info:    Redeclaring math symbol \supsetneqq on input line 208.
LaTeX Font Info:    Redeclaring math symbol \varsubsetneqq on input line 209.
LaTeX Font Info:    Redeclaring math symbol \varsupsetneqq on input line 210.
LaTeX Font Info:    Redeclaring math symbol \subsetneq on input line 211.
LaTeX Font Info:    Redeclaring math symbol \supsetneq on input line 212.
LaTeX Font Info:    Redeclaring math symbol \nsubseteq on input line 213.
LaTeX Font Info:    Redeclaring math symbol \nsupseteq on input line 214.
LaTeX Font Info:    Redeclaring math symbol \nparallel on input line 215.
LaTeX Font Info:    Redeclaring math symbol \nmid on input line 216.
LaTeX Font Info:    Redeclaring math symbol \nshortmid on input line 217.
LaTeX Font Info:    Redeclaring math symbol \nshortparallel on input line 218.
LaTeX Font Info:    Redeclaring math symbol \nvdash on input line 219.
LaTeX Font Info:    Redeclaring math symbol \nVdash on input line 220.
LaTeX Font Info:    Redeclaring math symbol \nvDash on input line 221.
LaTeX Font Info:    Redeclaring math symbol \nVDash on input line 222.
LaTeX Font Info:    Redeclaring math symbol \ntrianglerighteq on input line 223
.
LaTeX Font Info:    Redeclaring math symbol \ntrianglelefteq on input line 224.

LaTeX Font Info:    Redeclaring math symbol \ntriangleleft on input line 225.
LaTeX Font Info:    Redeclaring math symbol \ntriangleright on input line 226.
LaTeX Font Info:    Redeclaring math symbol \nleftarrow on input line 227.
LaTeX Font Info:    Redeclaring math symbol \nrightarrow on input line 228.
LaTeX Font Info:    Redeclaring math symbol \nLeftarrow on input line 229.
LaTeX Font Info:    Redeclaring math symbol \nRightarrow on input line 230.
LaTeX Font Info:    Redeclaring math symbol \nLeftrightarrow on input line 231.

LaTeX Font Info:    Redeclaring math symbol \nleftrightarrow on input line 232.

LaTeX Font Info:    Redeclaring math symbol \divideontimes on input line 233.
LaTeX Font Info:    Redeclaring math symbol \varnothing on input line 234.
LaTeX Font Info:    Redeclaring math symbol \nexists on input line 235.
LaTeX Font Info:    Redeclaring math symbol \Finv on input line 236.
LaTeX Font Info:    Redeclaring math symbol \Game on input line 237.
LaTeX Font Info:    Redeclaring math symbol \eth on input line 240.
LaTeX Font Info:    Redeclaring math symbol \eqsim on input line 241.
LaTeX Font Info:    Redeclaring math symbol \beth on input line 242.
LaTeX Font Info:    Redeclaring math symbol \gimel on input line 243.
LaTeX Font Info:    Redeclaring math symbol \daleth on input line 244.
LaTeX Font Info:    Redeclaring math symbol \lessdot on input line 245.
LaTeX Font Info:    Redeclaring math symbol \gtrdot on input line 246.
LaTeX Font Info:    Redeclaring math symbol \ltimes on input line 247.
LaTeX Font Info:    Redeclaring math symbol \rtimes on input line 248.
LaTeX Font Info:    Redeclaring math symbol \shortmid on input line 249.
LaTeX Font Info:    Redeclaring math symbol \shortparallel on input line 250.
LaTeX Font Info:    Redeclaring math symbol \smallsetminus on input line 251.
LaTeX Font Info:    Redeclaring math symbol \thicksim on input line 252.
LaTeX Font Info:    Redeclaring math symbol \thickapprox on input line 253.
LaTeX Font Info:    Redeclaring math symbol \approxeq on input line 254.
LaTeX Font Info:    Redeclaring math symbol \succapprox on input line 255.
LaTeX Font Info:    Redeclaring math symbol \precapprox on input line 256.
LaTeX Font Info:    Redeclaring math symbol \curvearrowleft on input line 257.
LaTeX Font Info:    Redeclaring math symbol \curvearrowright on input line 258.

LaTeX Font Info:    Redeclaring math symbol \digamma on input line 259.
LaTeX Font Info:    Redeclaring math symbol \varkappa on input line 260.
LaTeX Font Info:    Redeclaring math symbol \Bbbk on input line 261.
LaTeX Font Info:    Redeclaring math symbol \hslash on input line 262.
LaTeX Font Info:    Redeclaring math symbol \backepsilon on input line 265.
)
(/usr/share/texlive/texmf-dist/tex/latex/subfigure/subfigure.sty
Package: subfigure 2002/03/15 v2.1.5 subfigure package
\subfigtopskip=\skip47
\subfigcapskip=\skip48
\subfigcaptopadj=\dimen120
\subfigbottomskip=\skip49
\subfigcapmargin=\dimen121
\subfiglabelskip=\skip50
\c@subfigure=\count93
\c@lofdepth=\count94
\c@subtable=\count95
\c@lotdepth=\count96

****************************************
* Local config file subfigure.cfg used *
****************************************
(/usr/share/texlive/texmf-dist/tex/latex/subfigure/subfigure.cfg)
\subfig@top=\skip51
\subfig@bottom=\skip52
)
(/usr/share/texlive/texmf-dist/tex/latex/tools/longtable.sty
Package: longtable 2004/02/01 v4.11 Multi-page Table package (DPC)
\LTleft=\skip53
\LTright=\skip54
\LTpre=\skip55
\LTpost=\skip56
\LTchunksize=\count97
\LTcapwidth=\dimen122
\LT@head=\box28
\LT@firsthead=\box29
\LT@foot=\box30
\LT@lastfoot=\box31
\LT@cols=\count98
\LT@rows=\count99
\c@LT@tables=\count100
\c@LT@chunks=\count101
\LT@p@ftn=\toks19
)
(/usr/share/texlive/texmf-dist/tex/latex/hyperref/hyperref.sty
Package: hyperref 2012/11/06 v6.83m Hypertext links for LaTeX

(/usr/share/texlive/texmf-dist/tex/generic/oberdiek/hobsub-hyperref.sty
Package: hobsub-hyperref 2012/05/28 v1.13 Bundle oberdiek, subset hyperref (HO)


(/usr/share/texlive/texmf-dist/tex/generic/oberdiek/hobsub-generic.sty
Package: hobsub-generic 2012/05/28 v1.13 Bundle oberdiek, subset generic (HO)
Package: hobsub 2012/05/28 v1.13 Construct package bundles (HO)
Package hobsub Info: Skipping package `infwarerr' (already loaded).
Package hobsub Info: Skipping package `ltxcmds' (already loaded).
Package: ifluatex 2010/03/01 v1.3 Provides the ifluatex switch (HO)
Package ifluatex Info: LuaTeX not detected.
Package: ifvtex 2010/03/01 v1.5 Detect VTeX and its facilities (HO)
Package ifvtex Info: VTeX not detected.
Package: intcalc 2007/09/27 v1.1 Expandable calculations with integers (HO)
Package: ifpdf 2011/01/30 v2.3 Provides the ifpdf switch (HO)
Package ifpdf Info: pdfTeX in PDF mode is detected.
Package: etexcmds 2011/02/16 v1.5 Avoid name clashes with e-TeX commands (HO)
Package etexcmds Info: Could not find \expanded.
(etexcmds)             That can mean that you are not using pdfTeX 1.50 or
(etexcmds)             that some package has redefined \expanded.
(etexcmds)             In the latter case, load this package earlier.
Package: kvsetkeys 2012/04/25 v1.16 Key value parser (HO)
Package: kvdefinekeys 2011/04/07 v1.3 Define keys (HO)
Package: pdftexcmds 2011/11/29 v0.20 Utility functions of pdfTeX for LuaTeX (HO
)
Package pdftexcmds Info: LuaTeX not detected.
Package pdftexcmds Info: \pdf@primitive is available.
Package pdftexcmds Info: \pdf@ifprimitive is available.
Package pdftexcmds Info: \pdfdraftmode found.
Package: pdfescape 2011/11/25 v1.13 Implements pdfTeX's escape features (HO)
Package: bigintcalc 2012/04/08 v1.3 Expandable calculations on big integers (HO
)
Package: bitset 2011/01/30 v1.1 Handle bit-vector datatype (HO)
Package: uniquecounter 2011/01/30 v1.2 Provide unlimited unique counter (HO)
)
Package hobsub Info: Skipping package `hobsub' (already loaded).
Package: letltxmacro 2010/09/02 v1.4 Let assignment for LaTeX macros (HO)
Package: hopatch 2012/05/28 v1.2 Wrapper for package hooks (HO)
Package: xcolor-patch 2011/01/30 xcolor patch
Package: atveryend 2011/06/30 v1.8 Hooks at the very end of document (HO)
Package atveryend Info: \enddocument detected (standard20110627).
Package: atbegshi 2011/10/05 v1.16 At begin shipout hook (HO)
Package: refcount 2011/10/16 v3.4 Data extraction from label references (HO)
Package: hycolor 2011/01/30 v1.7 Color options for hyperref/bookmark (HO)
)
(/usr/share/texlive/texmf-dist/tex/generic/ifxetex/ifxetex.sty
Package: ifxetex 2010/09/12 v0.6 Provides ifxetex conditional
)
(/usr/share/texlive/texmf-dist/tex/latex/oberdiek/auxhook.sty
Package: auxhook 2011/03/04 v1.3 Hooks for auxiliary files (HO)
)
(/usr/share/texlive/texmf-dist/tex/latex/oberdiek/kvoptions.sty
Package: kvoptions 2011/06/30 v3.11 Key value format for package options (HO)
)
\@linkdim=\dimen123
\Hy@linkcounter=\count102
\Hy@pagecounter=\count103

(/usr/share/texlive/texmf-dist/tex/latex/hyperref/pd1enc.def
File: pd1enc.def 2012/11/06 v6.83m Hyperref: PDFDocEncoding definition (HO)
)
\Hy@SavedSpaceFactor=\count104

(/usr/share/texlive/texmf-dist/tex/latex/latexconfig/hyperref.cfg
File: hyperref.cfg 2002/06/06 v1.2 hyperref configuration of TeXLive
)
Package hyperref Info: Hyper figures OFF on input line 4443.
Package hyperref Info: Link nesting OFF on input line 4448.
Package hyperref Info: Hyper index ON on input line 4451.
Package hyperref Info: Plain pages OFF on input line 4458.
Package hyperref Info: Backreferencing OFF on input line 4463.
Package hyperref Info: Implicit mode ON; LaTeX internals redefined.
Package hyperref Info: Bookmarks ON on input line 4688.
\c@Hy@tempcnt=\count105

(/usr/share/texlive/texmf-dist/tex/latex/url/url.sty
\Urlmuskip=\muskip10
Package: url 2006/04/12  ver 3.3  Verb mode for urls, etc.
)
LaTeX Info: Redefining \url on input line 5041.
\XeTeXLinkMargin=\dimen124
\Fld@menulength=\count106
\Field@Width=\dimen125
\Fld@charsize=\dimen126
Package hyperref Info: Hyper figures OFF on input line 6295.
Package hyperref Info: Link nesting OFF on input line 6300.
Package hyperref Info: Hyper index ON on input line 6303.
Package hyperref Info: backreferencing OFF on input line 6310.
Package hyperref Info: Link coloring OFF on input line 6315.
Package hyperref Info: Link coloring with OCG OFF on input line 6320.
Package hyperref Info: PDF/A mode OFF on input line 6325.
LaTeX Info: Redefining \ref on input line 6365.
LaTeX Info: Redefining \pageref on input line 6369.
\Hy@abspage=\count107
\c@Item=\count108
\c@Hfootnote=\count109
)

Package hyperref Message: Driver (autodetected): hpdftex.

(/usr/share/texlive/texmf-dist/tex/latex/hyperref/hpdftex.def
File: hpdftex.def 2012/11/06 v6.83m Hyperref driver for pdfTeX
\Fld@listcount=\count110
\c@bookmark@seq@number=\count111

(/usr/share/texlive/texmf-dist/tex/latex/oberdiek/rerunfilecheck.sty
Package: rerunfilecheck 2011/04/15 v1.7 Rerun checks for auxiliary files (HO)
Package uniquecounter Info: New unique counter `rerunfilecheck' on input line 2
82.
)
\Hy@SectionHShift=\skip57
)
(./rotating.sty
Package: rotating 1997/09/26, v2.13 Rotation package
 (/usr/share/texlive/texmf-dist/tex/latex/base/ifthen.sty
Package: ifthen 2001/05/26 v1.1c Standard LaTeX ifthen package (DPC)
)
\c@r@tfl@t=\count112
\rot@float@box=\box32
)
(/usr/share/texlive/texmf-dist/tex/latex/graphics/color.sty
Package: color 2005/11/14 v1.0j Standard LaTeX Color (DPC)

(/usr/share/texlive/texmf-dist/tex/latex/latexconfig/color.cfg
File: color.cfg 2007/01/18 v1.5 color configuration of teTeX/TeXLive
)
Package color Info: Driver file: pdftex.def on input line 130.
)
(/usr/share/texlive/texmf-dist/tex/latex/colortbl/colortbl.sty
Package: colortbl 2012/02/13 v1.0a Color table columns (DPC)
\everycr=\toks20
\minrowclearance=\skip58
)
(/usr/share/texlive/texmf-dist/tex/latex/soul/soul.sty
Package: soul 2003/11/17 v2.4 letterspacing/underlining (mf)
\SOUL@word=\toks21
\SOUL@lasttoken=\toks22
\SOUL@cmds=\toks23
\SOUL@buffer=\toks24
\SOUL@token=\toks25
\SOUL@spaceskip=\skip59
\SOUL@ttwidth=\dimen127
\SOUL@uldp=\dimen128
\SOUL@ulht=\dimen129
)
(/usr/share/texlive/texmf-dist/tex/generic/ulem/ulem.sty
\UL@box=\box33
\UL@hyphenbox=\box34
\UL@skip=\skip60
\UL@hook=\toks26
\UL@height=\dimen130
\UL@pe=\count113
\UL@pixel=\dimen131
\ULC@box=\box35
Package: ulem 2012/05/18
\ULdepth=\dimen132
) (./fancyheadings.sty
\headrulewidth=\dimen133
\footrulewidth=\dimen134
\plainheadrulewidth=\dimen135
\plainfootrulewidth=\dimen136
\headwidth=\dimen137
\footruleskip=\dimen138
) (/usr/share/texlive/texmf-dist/tex/latex/dblfloatfix/dblfloatfix.sty
Package: dblfloatfix 2012/12/31 v1.0a (JAW)

(/usr/share/texlive/texmf-dist/tex/latex/base/fixltx2e.sty
Package: fixltx2e 2006/09/13 v1.1m fixes to LaTeX
LaTeX Info: Redefining \em on input line 420.
)
\@dblbotnum=\count114
\c@dblbotnumber=\count115
)
(./paper_harpsm_calv11_arxiv.aux)
\openout1 = `paper_harpsm_calv11_arxiv.aux'.

LaTeX Font Info:    Checking defaults for OML/txmi/m/it on input line 57.
LaTeX Font Info:    Try loading font information for OML+txmi on input line 57.


(/usr/share/texlive/texmf-dist/tex/latex/txfonts/omltxmi.fd
File: omltxmi.fd 2000/12/15 v3.1
)
LaTeX Font Info:    ... okay on input line 57.
LaTeX Font Info:    Checking defaults for T1/cmr/m/n on input line 57.
LaTeX Font Info:    ... okay on input line 57.
LaTeX Font Info:    Checking defaults for OT1/cmr/m/n on input line 57.
LaTeX Font Info:    ... okay on input line 57.
LaTeX Font Info:    Checking defaults for OMS/txsy/m/n on input line 57.
LaTeX Font Info:    Try loading font information for OMS+txsy on input line 57.


(/usr/share/texlive/texmf-dist/tex/latex/txfonts/omstxsy.fd
File: omstxsy.fd 2000/12/15 v3.1
)
LaTeX Font Info:    ... okay on input line 57.
LaTeX Font Info:    Checking defaults for OMX/txex/m/n on input line 57.
LaTeX Font Info:    Try loading font information for OMX+txex on input line 57.


(/usr/share/texlive/texmf-dist/tex/latex/txfonts/omxtxex.fd
File: omxtxex.fd 2000/12/15 v3.1
)
LaTeX Font Info:    ... okay on input line 57.
LaTeX Font Info:    Checking defaults for U/txexa/m/n on input line 57.
LaTeX Font Info:    Try loading font information for U+txexa on input line 57.

(/usr/share/texlive/texmf-dist/tex/latex/txfonts/utxexa.fd
File: utxexa.fd 2000/12/15 v3.1
)
LaTeX Font Info:    ... okay on input line 57.
LaTeX Font Info:    Checking defaults for PD1/pdf/m/n on input line 57.
LaTeX Font Info:    ... okay on input line 57.
LaTeX Font Info:    Try loading font information for OT1+txr on input line 57.

(/usr/share/texlive/texmf-dist/tex/latex/txfonts/ot1txr.fd
File: ot1txr.fd 2000/12/15 v3.1
)
(/usr/share/texlive/texmf-dist/tex/context/base/supp-pdf.mkii
[Loading MPS to PDF converter (version 2006.09.02).]
\scratchcounter=\count116
\scratchdimen=\dimen139
\scratchbox=\box36
\nofMPsegments=\count117
\nofMParguments=\count118
\everyMPshowfont=\toks27
\MPscratchCnt=\count119
\MPscratchDim=\dimen140
\MPnumerator=\count120
\makeMPintoPDFobject=\count121
\everyMPtoPDFconversion=\toks28
) (/usr/share/texlive/texmf-dist/tex/latex/oberdiek/epstopdf-base.sty
Package: epstopdf-base 2010/02/09 v2.5 Base part for package epstopdf

(/usr/share/texlive/texmf-dist/tex/latex/oberdiek/grfext.sty
Package: grfext 2010/08/19 v1.1 Manage graphics extensions (HO)
)
Package grfext Info: Graphics extension search list:
(grfext)             [.png,.pdf,.jpg,.mps,.jpeg,.jbig2,.jb2,.PNG,.PDF,.JPG,.JPE
G,.JBIG2,.JB2,.eps]
(grfext)             \AppendGraphicsExtensions on input line 452.

(/usr/share/texlive/texmf-dist/tex/latex/latexconfig/epstopdf-sys.cfg
File: epstopdf-sys.cfg 2010/07/13 v1.3 Configuration of (r)epstopdf for TeX Liv
e
))
\AtBeginShipoutBox=\box37
Package hyperref Info: Link coloring OFF on input line 57.

(/usr/share/texlive/texmf-dist/tex/latex/hyperref/nameref.sty
Package: nameref 2012/10/27 v2.43 Cross-referencing by name of section

(/usr/share/texlive/texmf-dist/tex/generic/oberdiek/gettitlestring.sty
Package: gettitlestring 2010/12/03 v1.4 Cleanup title references (HO)
)
\c@section@level=\count122
)
LaTeX Info: Redefining \ref on input line 57.
LaTeX Info: Redefining \pageref on input line 57.
LaTeX Info: Redefining \nameref on input line 57.

(./paper_harpsm_calv11_arxiv.out) (./paper_harpsm_calv11_arxiv.out)
\@outlinefile=\write3
\openout3 = `paper_harpsm_calv11_arxiv.out'.


Redefining \end@dblfloat\ for use with subfigure
LaTeX Font Info:    Try loading font information for OMS+txr on input line 112.

(/usr/share/texlive/texmf-dist/tex/latex/txfonts/omstxr.fd
File: omstxr.fd 2000/12/15 v3.1
)
LaTeX Font Info:    Font shape `OMS/txr/m/n' in size <10> not available
(Font)              Font shape `OMS/txsy/m/n' tried instead on input line 112.
LaTeX Font Info:    Try loading font information for OT1+txss on input line 112
.

(/usr/share/texlive/texmf-dist/tex/latex/txfonts/ot1txss.fd
File: ot1txss.fd 2000/12/15 v3.1
)
LaTeX Font Info:    Font shape `OT1/txss/m/n' will be
(Font)              scaled to size 16.41594pt on input line 112.
LaTeX Font Info:    Font shape `OT1/txss/bx/n' in size <17.28> not available
(Font)              Font shape `OT1/txss/b/n' tried instead on input line 112.
LaTeX Font Info:    Font shape `OT1/txss/b/n' will be
(Font)              scaled to size 16.41594pt on input line 112.
LaTeX Font Info:    Try loading font information for U+txmia on input line 112.


(/usr/share/texlive/texmf-dist/tex/latex/txfonts/utxmia.fd
File: utxmia.fd 2000/12/15 v3.1
)
LaTeX Font Info:    Try loading font information for U+msa on input line 112.

(/usr/share/texlive/texmf-dist/tex/latex/amsfonts/umsa.fd
File: umsa.fd 2013/01/14 v3.01 AMS symbols A
)
LaTeX Font Info:    Try loading font information for U+msb on input line 112.

(/usr/share/texlive/texmf-dist/tex/latex/amsfonts/umsb.fd
File: umsb.fd 2013/01/14 v3.01 AMS symbols B
)
LaTeX Font Info:    Try loading font information for U+txsyc on input line 112.


(/usr/share/texlive/texmf-dist/tex/latex/txfonts/utxsyc.fd
File: utxsyc.fd 2000/12/15 v3.1
)
LaTeX Font Info:    Try loading font information for U+wasy on input line 112.

(/usr/share/texlive/texmf-dist/tex/latex/wasysym/uwasy.fd
File: uwasy.fd 2003/10/30 v2.0 Wasy-2 symbol font definitions
)
LaTeX Font Info:    Font shape `OT1/txss/m/n' will be
(Font)              scaled to size 13.67995pt on input line 112.
LaTeX Font Info:    Font shape `OT1/txss/bx/n' in size <14.4> not available
(Font)              Font shape `OT1/txss/b/n' tried instead on input line 112.
LaTeX Font Info:    Font shape `OT1/txss/b/n' will be
(Font)              scaled to size 13.67995pt on input line 112.


LaTeX Font Warning: Font shape `U/wasy/b/n' in size <7> not available
(Font)              Font shape `U/wasy/m/n' tried instead on input line 112.

LaTeX Font Info:    Try loading font information for OT1+txtt on input line 112
.
(/usr/share/texlive/texmf-dist/tex/latex/txfonts/ot1txtt.fd
File: ot1txtt.fd 2000/12/15 v3.1
)
LaTeX Font Info:    Font shape `OT1/txss/m/n' will be
(Font)              scaled to size 8.54997pt on input line 112.
LaTeX Font Info:    Font shape `OT1/txss/bx/n' in size <9> not available
(Font)              Font shape `OT1/txss/b/n' tried instead on input line 112.
LaTeX Font Info:    Font shape `OT1/txss/b/n' will be
(Font)              scaled to size 8.54997pt on input line 112.
LaTeX Font Info:    Font shape `OT1/txss/m/it' in size <9> not available
(Font)              Font shape `OT1/txss/m/sl' tried instead on input line 112.

LaTeX Font Info:    Font shape `OT1/txss/m/sl' will be
(Font)              scaled to size 8.54997pt on input line 112.
LaTeX Font Info:    Font shape `OT1/txss/m/n' will be
(Font)              scaled to size 10.40245pt on input line 114.
LaTeX Font Info:    Font shape `OT1/txss/bx/n' in size <10.95> not available
(Font)              Font shape `OT1/txss/b/n' tried instead on input line 114.
LaTeX Font Info:    Font shape `OT1/txss/b/n' will be
(Font)              scaled to size 10.40245pt on input line 114.
 [1{/var/lib/texmf/fonts/map/pdftex/updmap/pdftex.map}


]
Overfull \hbox (15.5533pt too wide) in paragraph at lines 256--260
[][] 
 []


LaTeX Warning: `!h' float specifier changed to `!ht'.

LaTeX Font Info:    Font shape `OT1/txss/m/n' will be
(Font)              scaled to size 9.49997pt on input line 284.
LaTeX Font Info:    Font shape `OT1/txss/m/it' in size <10> not available
(Font)              Font shape `OT1/txss/m/sl' tried instead on input line 284.

LaTeX Font Info:    Font shape `OT1/txss/m/sl' will be
(Font)              scaled to size 9.49997pt on input line 284.

LaTeX Warning: Command \r invalid in math mode on input line 296.


LaTeX Warning: Command \r invalid in math mode on input line 296.

Package epstopdf Info: Source file: <pics/template.eps>
(epstopdf)                    date: 2013-10-28 17:35:34
(epstopdf)                    size: 44622 bytes
(epstopdf)             Output file: <pics/template-eps-converted-to.pdf>
(epstopdf)                    date: 2014-02-01 17:08:06
(epstopdf)                    size: 19034 bytes
(epstopdf)             Command: <repstopdf --outfile=pics/template-eps-converte
d-to.pdf pics/template.eps>
(epstopdf)             \includegraphics on input line 301.
Package epstopdf Info: Output file is already uptodate.
<pics/template-eps-converted-to.pdf, id=216, 578.16pt x 433.62pt>
File: pics/template-eps-converted-to.pdf Graphic file (type pdf)

<use pics/template-eps-converted-to.pdf>
Package pdftex.def Info: pics/template-eps-converted-to.pdf used on input line 
301.
(pdftex.def)             Requested size: 260.16959pt x 195.1272pt.

Overfull \hbox (4.40424pt too wide) in paragraph at lines 301--302
 [] 
 []


LaTeX Warning: `h' float specifier changed to `ht'.

Package epstopdf Info: Source file: <pics/pcorrv2.eps>
(epstopdf)                    date: 2014-04-14 05:58:17
(epstopdf)                    size: 36715 bytes
(epstopdf)             Output file: <pics/pcorrv2-eps-converted-to.pdf>
(epstopdf)                    date: 2014-04-14 05:58:26
(epstopdf)                    size: 22041 bytes
(epstopdf)             Command: <repstopdf --outfile=pics/pcorrv2-eps-converted
-to.pdf pics/pcorrv2.eps>
(epstopdf)             \includegraphics on input line 317.
Package epstopdf Info: Output file is already uptodate.
<pics/pcorrv2-eps-converted-to.pdf, id=219, 587.19376pt x 442.65375pt>
File: pics/pcorrv2-eps-converted-to.pdf Graphic file (type pdf)

<use pics/pcorrv2-eps-converted-to.pdf>
Package pdftex.def Info: pics/pcorrv2-eps-converted-to.pdf used on input line 3
17.
(pdftex.def)             Requested size: 264.23474pt x 199.19234pt.

Overfull \hbox (8.46939pt too wide) in paragraph at lines 317--318
 [] 
 []


Underfull \hbox (badness 1226) in paragraph at lines 332--334
[]\OT1/txr/m/n/10 where $\OML/txmi/m/it/10 W$ \OT1/txr/m/n/10 is the ma-trix co
n-tain-ing the EWs, and both
 []

[2]

LaTeX Warning: Text page 3 contains only floats.


Overfull \vbox (27.86502pt too high) has occurred while \output is active []



LaTeX Warning: Text page 3 contains only floats.


Overfull \vbox (27.86502pt too high) has occurred while \output is active []


[3]
Package epstopdf Info: Source file: <pics/activity.eps>
(epstopdf)                    date: 2014-05-01 20:49:36
(epstopdf)                    size: 33448 bytes
(epstopdf)             Output file: <pics/activity-eps-converted-to.pdf>
(epstopdf)                    date: 2014-05-01 20:49:55
(epstopdf)                    size: 29115 bytes
(epstopdf)             Command: <repstopdf --outfile=pics/activity-eps-converte
d-to.pdf pics/activity.eps>
(epstopdf)             \includegraphics on input line 396.
Package epstopdf Info: Output file is already uptodate.
 <pics/activity-eps-converted-to.pdf, id=283, 587.19376pt x 442.65375pt>
File: pics/activity-eps-converted-to.pdf Graphic file (type pdf)

<use pics/activity-eps-converted-to.pdf>
Package pdftex.def Info: pics/activity-eps-converted-to.pdf used on input line 
396.
(pdftex.def)             Requested size: 264.23474pt x 199.19234pt.

Overfull \hbox (8.46939pt too wide) in paragraph at lines 396--397
 [][] 
 []

[4 <./pics/template-eps-converted-to.pdf> <./pics/pcorrv2-eps-converted-to.pdf>
]
Package epstopdf Info: Source file: <pics/ha_r12_feh.eps>
(epstopdf)                    date: 2014-05-01 20:46:33
(epstopdf)                    size: 39021 bytes
(epstopdf)             Output file: <pics/ha_r12_feh-eps-converted-to.pdf>
(epstopdf)                    date: 2014-05-01 20:46:51
(epstopdf)                    size: 30588 bytes
(epstopdf)             Command: <repstopdf --outfile=pics/ha_r12_feh-eps-conver
ted-to.pdf pics/ha_r12_feh.eps>
(epstopdf)             \includegraphics on input line 406.
Package epstopdf Info: Output file is already uptodate.
 <pics/ha_r12_feh-eps-converted-to.pdf, id=399, 578.16pt x 433.62pt>
File: pics/ha_r12_feh-eps-converted-to.pdf Graphic file (type pdf)

<use pics/ha_r12_feh-eps-converted-to.pdf>
Package pdftex.def Info: pics/ha_r12_feh-eps-converted-to.pdf used on input lin
e 406.
(pdftex.def)             Requested size: 254.39117pt x 190.79338pt.
Package epstopdf Info: Source file: <pics/ha_r12_teff.eps>
(epstopdf)                    date: 2014-05-01 20:47:42
(epstopdf)                    size: 42619 bytes
(epstopdf)             Output file: <pics/ha_r12_teff-eps-converted-to.pdf>
(epstopdf)                    date: 2014-05-01 20:48:15
(epstopdf)                    size: 31964 bytes
(epstopdf)             Command: <repstopdf --outfile=pics/ha_r12_teff-eps-conve
rted-to.pdf pics/ha_r12_teff.eps>
(epstopdf)             \includegraphics on input line 407.
Package epstopdf Info: Output file is already uptodate.

<pics/ha_r12_teff-eps-converted-to.pdf, id=400, 587.19376pt x 442.65375pt>
File: pics/ha_r12_teff-eps-converted-to.pdf Graphic file (type pdf)

<use pics/ha_r12_teff-eps-converted-to.pdf>
Package pdftex.def Info: pics/ha_r12_teff-eps-converted-to.pdf used on input li
ne 407.
(pdftex.def)             Requested size: 258.36604pt x 194.76823pt.
Package epstopdf Info: Source file: <pics/ha_gds_feh.eps>
(epstopdf)                    date: 2014-05-01 20:46:34
(epstopdf)                    size: 84029 bytes
(epstopdf)             Output file: <pics/ha_gds_feh-eps-converted-to.pdf>
(epstopdf)                    date: 2014-05-01 20:46:52
(epstopdf)                    size: 32217 bytes
(epstopdf)             Command: <repstopdf --outfile=pics/ha_gds_feh-eps-conver
ted-to.pdf pics/ha_gds_feh.eps>
(epstopdf)             \includegraphics on input line 408.
Package epstopdf Info: Output file is already uptodate.

<pics/ha_gds_feh-eps-converted-to.pdf, id=401, 578.16pt x 433.62pt>
File: pics/ha_gds_feh-eps-converted-to.pdf Graphic file (type pdf)

<use pics/ha_gds_feh-eps-converted-to.pdf>
Package pdftex.def Info: pics/ha_gds_feh-eps-converted-to.pdf used on input lin
e 408.
(pdftex.def)             Requested size: 254.39117pt x 190.79338pt.
Package epstopdf Info: Source file: <pics/ha_gds_teff.eps>
(epstopdf)                    date: 2014-05-01 20:46:34
(epstopdf)                    size: 90905 bytes
(epstopdf)             Output file: <pics/ha_gds_teff-eps-converted-to.pdf>
(epstopdf)                    date: 2014-05-01 20:46:52
(epstopdf)                    size: 36565 bytes
(epstopdf)             Command: <repstopdf --outfile=pics/ha_gds_teff-eps-conve
rted-to.pdf pics/ha_gds_teff.eps>
(epstopdf)             \includegraphics on input line 409.
Package epstopdf Info: Output file is already uptodate.

<pics/ha_gds_teff-eps-converted-to.pdf, id=402, 578.16pt x 433.62pt>
File: pics/ha_gds_teff-eps-converted-to.pdf Graphic file (type pdf)

<use pics/ha_gds_teff-eps-converted-to.pdf>
Package pdftex.def Info: pics/ha_gds_teff-eps-converted-to.pdf used on input li
ne 409.
(pdftex.def)             Requested size: 254.39117pt x 190.79338pt.
Package epstopdf Info: Source file: <pics/fehfehn12v3.eps>
(epstopdf)                    date: 2014-04-14 05:55:30
(epstopdf)                    size: 33045 bytes
(epstopdf)             Output file: <pics/fehfehn12v3-eps-converted-to.pdf>
(epstopdf)                    date: 2014-04-14 05:55:41
(epstopdf)                    size: 34677 bytes
(epstopdf)             Command: <repstopdf --outfile=pics/fehfehn12v3-eps-conve
rted-to.pdf pics/fehfehn12v3.eps>
(epstopdf)             \includegraphics on input line 424.
Package epstopdf Info: Output file is already uptodate.

<pics/fehfehn12v3-eps-converted-to.pdf, id=420, 478.78876pt x 514.92375pt>
File: pics/fehfehn12v3-eps-converted-to.pdf Graphic file (type pdf)

<use pics/fehfehn12v3-eps-converted-to.pdf>
Package pdftex.def Info: pics/fehfehn12v3-eps-converted-to.pdf used on input li
ne 424.
(pdftex.def)             Requested size: 239.39378pt x 257.46124pt.
Package epstopdf Info: Source file: <pics/teffteffc08v3.eps>
(epstopdf)                    date: 2014-04-14 05:54:57
(epstopdf)                    size: 40732 bytes
(epstopdf)             Output file: <pics/teffteffc08v3-eps-converted-to.pdf>
(epstopdf)                    date: 2014-04-14 05:55:41
(epstopdf)                    size: 38891 bytes
(epstopdf)             Command: <repstopdf --outfile=pics/teffteffc08v3-eps-con
verted-to.pdf pics/teffteffc08v3.eps>
(epstopdf)             \includegraphics on input line 425.
Package epstopdf Info: Output file is already uptodate.

<pics/teffteffc08v3-eps-converted-to.pdf, id=421, 478.78876pt x 514.92375pt>
File: pics/teffteffc08v3-eps-converted-to.pdf Graphic file (type pdf)

<use pics/teffteffc08v3-eps-converted-to.pdf>
Package pdftex.def Info: pics/teffteffc08v3-eps-converted-to.pdf used on input 
line 425.
(pdftex.def)             Requested size: 239.39378pt x 257.46124pt.

Underfull \vbox (badness 10000) has occurred while \output is active []

 [5 <./pics/activity-eps-converted-to.pdf>]
Package epstopdf Info: Source file: <pics/hist_fehv2.eps>
(epstopdf)                    date: 2014-02-11 09:48:47
(epstopdf)                    size: 57957 bytes
(epstopdf)             Output file: <pics/hist_fehv2-eps-converted-to.pdf>
(epstopdf)                    date: 2014-02-11 10:00:27
(epstopdf)                    size: 15333 bytes
(epstopdf)             Command: <repstopdf --outfile=pics/hist_fehv2-eps-conver
ted-to.pdf pics/hist_fehv2.eps>
(epstopdf)             \includegraphics on input line 527.
Package epstopdf Info: Output file is already uptodate.

<pics/hist_fehv2-eps-converted-to.pdf, id=483, 587.19376pt x 442.65375pt>
File: pics/hist_fehv2-eps-converted-to.pdf Graphic file (type pdf)

<use pics/hist_fehv2-eps-converted-to.pdf>
Package pdftex.def Info: pics/hist_fehv2-eps-converted-to.pdf used on input lin
e 527.
(pdftex.def)             Requested size: 258.36604pt x 194.76823pt.
Package epstopdf Info: Source file: <pics/hist_teffv2.eps>
(epstopdf)                    date: 2014-02-11 09:49:08
(epstopdf)                    size: 59937 bytes
(epstopdf)             Output file: <pics/hist_teffv2-eps-converted-to.pdf>
(epstopdf)                    date: 2014-02-11 09:57:51
(epstopdf)                    size: 17252 bytes
(epstopdf)             Command: <repstopdf --outfile=pics/hist_teffv2-eps-conve
rted-to.pdf pics/hist_teffv2.eps>
(epstopdf)             \includegraphics on input line 528.
Package epstopdf Info: Output file is already uptodate.

<pics/hist_teffv2-eps-converted-to.pdf, id=484, 587.19376pt x 442.65375pt>
File: pics/hist_teffv2-eps-converted-to.pdf Graphic file (type pdf)

<use pics/hist_teffv2-eps-converted-to.pdf>
Package pdftex.def Info: pics/hist_teffv2-eps-converted-to.pdf used on input li
ne 528.
(pdftex.def)             Requested size: 258.36604pt x 194.76823pt.

Overfull \hbox (2.6007pt too wide) in paragraph at lines 527--529
 [] 
 []


Overfull \hbox (2.6007pt too wide) in paragraph at lines 527--529
 [][] 
 []


Underfull \vbox (badness 10000) has occurred while \output is active []


Underfull \vbox (badness 10000) has occurred while \output is active []

 [6 <./pics/ha_r12_feh-eps-converted-to.pdf> <./pics/ha_r12_teff-eps-converted-
to.pdf> <./pics/ha_gds_feh-eps-converted-to.pdf> <./pics/ha_gds_teff-eps-conver
ted-to.pdf>] [7 <./pics/fehfehn12v3-eps-converted-to.pdf> <./pics/teffteffc08v3
-eps-converted-to.pdf> <./pics/hist_fehv2-eps-converted-to.pdf> <./pics/hist_te
ffv2-eps-converted-to.pdf>]

LaTeX Warning: No positions in optional float specifier.
               Default added (so using `tbp') on input line 573.

Package epstopdf Info: Source file: <pics/fehfehsnr.eps>
(epstopdf)                    date: 2014-04-21 21:09:37
(epstopdf)                    size: 27885 bytes
(epstopdf)             Output file: <pics/fehfehsnr-eps-converted-to.pdf>
(epstopdf)                    date: 2014-04-21 21:09:47
(epstopdf)                    size: 27551 bytes
(epstopdf)             Command: <repstopdf --outfile=pics/fehfehsnr-eps-convert
ed-to.pdf pics/fehfehsnr.eps>
(epstopdf)             \includegraphics on input line 575.
Package epstopdf Info: Output file is already uptodate.
<pics/fehfehsnr-eps-converted-to.pdf, id=836, 587.19376pt x 442.65375pt>
File: pics/fehfehsnr-eps-converted-to.pdf Graphic file (type pdf)

<use pics/fehfehsnr-eps-converted-to.pdf>
Package pdftex.def Info: pics/fehfehsnr-eps-converted-to.pdf used on input line
 575.
(pdftex.def)             Requested size: 234.87334pt x 177.05835pt.


LaTeX Warning: No positions in optional float specifier.
               Default added (so using `tbp') on input line 589.

Package epstopdf Info: Source file: <pics/slope_feh.eps>
(epstopdf)                    date: 2014-04-21 21:02:39
(epstopdf)                    size: 19512 bytes
(epstopdf)             Output file: <pics/slope_feh-eps-converted-to.pdf>
(epstopdf)                    date: 2014-04-21 21:02:46
(epstopdf)                    size: 25000 bytes
(epstopdf)             Command: <repstopdf --outfile=pics/slope_feh-eps-convert
ed-to.pdf pics/slope_feh.eps>
(epstopdf)             \includegraphics on input line 591.
Package epstopdf Info: Output file is already uptodate.
<pics/slope_feh-eps-converted-to.pdf, id=840, 875.27pt x 615.29875pt>
File: pics/slope_feh-eps-converted-to.pdf Graphic file (type pdf)

<use pics/slope_feh-eps-converted-to.pdf>
Package pdftex.def Info: pics/slope_feh-eps-converted-to.pdf used on input line
 591.
(pdftex.def)             Requested size: 236.32605pt x 166.13287pt.
Package epstopdf Info: Source file: <pics/offset_feh.eps>
(epstopdf)                    date: 2014-04-21 21:02:39
(epstopdf)                    size: 21051 bytes
(epstopdf)             Output file: <pics/offset_feh-eps-converted-to.pdf>
(epstopdf)                    date: 2014-04-21 21:02:46
(epstopdf)                    size: 25551 bytes
(epstopdf)             Command: <repstopdf --outfile=pics/offset_feh-eps-conver
ted-to.pdf pics/offset_feh.eps>
(epstopdf)             \includegraphics on input line 592.
Package epstopdf Info: Output file is already uptodate.

<pics/offset_feh-eps-converted-to.pdf, id=841, 875.27pt x 615.29875pt>
File: pics/offset_feh-eps-converted-to.pdf Graphic file (type pdf)

<use pics/offset_feh-eps-converted-to.pdf>
Package pdftex.def Info: pics/offset_feh-eps-converted-to.pdf used on input lin
e 592.
(pdftex.def)             Requested size: 236.32605pt x 166.13287pt.
Package epstopdf Info: Source file: <pics/slope_teff.eps>
(epstopdf)                    date: 2014-04-21 21:02:40
(epstopdf)                    size: 24322 bytes
(epstopdf)             Output file: <pics/slope_teff-eps-converted-to.pdf>
(epstopdf)                    date: 2014-04-21 21:02:46
(epstopdf)                    size: 27682 bytes
(epstopdf)             Command: <repstopdf --outfile=pics/slope_teff-eps-conver
ted-to.pdf pics/slope_teff.eps>
(epstopdf)             \includegraphics on input line 593.
Package epstopdf Info: Output file is already uptodate.

<pics/slope_teff-eps-converted-to.pdf, id=842, 875.27pt x 615.29875pt>
File: pics/slope_teff-eps-converted-to.pdf Graphic file (type pdf)

<use pics/slope_teff-eps-converted-to.pdf>
Package pdftex.def Info: pics/slope_teff-eps-converted-to.pdf used on input lin
e 593.
(pdftex.def)             Requested size: 236.32605pt x 166.13287pt.
Package epstopdf Info: Source file: <pics/offset_teff.eps>
(epstopdf)                    date: 2014-04-21 21:02:40
(epstopdf)                    size: 23231 bytes
(epstopdf)             Output file: <pics/offset_teff-eps-converted-to.pdf>
(epstopdf)                    date: 2014-04-21 21:02:46
(epstopdf)                    size: 27876 bytes
(epstopdf)             Command: <repstopdf --outfile=pics/offset_teff-eps-conve
rted-to.pdf pics/offset_teff.eps>
(epstopdf)             \includegraphics on input line 594.
Package epstopdf Info: Output file is already uptodate.

<pics/offset_teff-eps-converted-to.pdf, id=843, 875.27pt x 615.29875pt>
File: pics/offset_teff-eps-converted-to.pdf Graphic file (type pdf)

<use pics/offset_teff-eps-converted-to.pdf>
Package pdftex.def Info: pics/offset_teff-eps-converted-to.pdf used on input li
ne 594.
(pdftex.def)             Requested size: 236.32605pt x 166.13287pt.


LaTeX Warning: No positions in optional float specifier.
               Default added (so using `tbp') on input line 598.

Package epstopdf Info: Source file: <pics/ewsnrfeh.eps>
(epstopdf)                    date: 2014-05-01 20:35:42
(epstopdf)                    size: 28175 bytes
(epstopdf)             Output file: <pics/ewsnrfeh-eps-converted-to.pdf>
(epstopdf)                    date: 2014-05-01 20:36:07
(epstopdf)                    size: 31177 bytes
(epstopdf)             Command: <repstopdf --outfile=pics/ewsnrfeh-eps-converte
d-to.pdf pics/ewsnrfeh.eps>
(epstopdf)             \includegraphics on input line 600.
Package epstopdf Info: Output file is already uptodate.
<pics/ewsnrfeh-eps-converted-to.pdf, id=844, 875.27pt x 617.30624pt>
File: pics/ewsnrfeh-eps-converted-to.pdf Graphic file (type pdf)

<use pics/ewsnrfeh-eps-converted-to.pdf>
Package pdftex.def Info: pics/ewsnrfeh-eps-converted-to.pdf used on input line 
600.
(pdftex.def)             Requested size: 236.32605pt x 166.67491pt.
Package epstopdf Info: Source file: <pics/ewsnrteff.eps>
(epstopdf)                    date: 2014-05-01 20:35:57
(epstopdf)                    size: 30326 bytes
(epstopdf)             Output file: <pics/ewsnrteff-eps-converted-to.pdf>
(epstopdf)                    date: 2014-05-01 20:36:07
(epstopdf)                    size: 32191 bytes
(epstopdf)             Command: <repstopdf --outfile=pics/ewsnrteff-eps-convert
ed-to.pdf pics/ewsnrteff.eps>
(epstopdf)             \includegraphics on input line 601.
Package epstopdf Info: Output file is already uptodate.

<pics/ewsnrteff-eps-converted-to.pdf, id=845, 875.27pt x 659.46375pt>
File: pics/ewsnrteff-eps-converted-to.pdf Graphic file (type pdf)

<use pics/ewsnrteff-eps-converted-to.pdf>
Package pdftex.def Info: pics/ewsnrteff-eps-converted-to.pdf used on input line
 601.
(pdftex.def)             Requested size: 236.32605pt x 178.05759pt.

Underfull \hbox (badness 1360) in paragraph at lines 608--610
\OT1/txr/m/n/10 pa-ram-e-ters for all stars of our sam-ple with SNR $\OML/txmi/
m/it/10 <$ \OT1/txr/m/n/10 100,
 []


LaTeX Warning: Command \r invalid in math mode on input line 623.


LaTeX Warning: No positions in optional float specifier.
               Default added (so using `tbp') on input line 664.

Package epstopdf Info: Source file: <pics/resnr_fehv2.eps>
(epstopdf)                    date: 2014-04-15 11:57:02
(epstopdf)                    size: 202993 bytes
(epstopdf)             Output file: <pics/resnr_fehv2-eps-converted-to.pdf>
(epstopdf)                    date: 2014-04-15 11:57:06
(epstopdf)                    size: 209128 bytes
(epstopdf)             Command: <repstopdf --outfile=pics/resnr_fehv2-eps-conve
rted-to.pdf pics/resnr_fehv2.eps>
(epstopdf)             \includegraphics on input line 666.
Package epstopdf Info: Output file is already uptodate.
<pics/resnr_fehv2-eps-converted-to.pdf, id=866, 579.16376pt x 727.71875pt>
File: pics/resnr_fehv2-eps-converted-to.pdf Graphic file (type pdf)

<use pics/resnr_fehv2-eps-converted-to.pdf>
Package pdftex.def Info: pics/resnr_fehv2-eps-converted-to.pdf used on input li
ne 666.
(pdftex.def)             Requested size: 521.24257pt x 654.94083pt.
Package epstopdf Info: Source file: <pics/resnr_teffv2.eps>
(epstopdf)                    date: 2014-04-15 14:18:14
(epstopdf)                    size: 206851 bytes
(epstopdf)             Output file: <pics/resnr_teffv2-eps-converted-to.pdf>
(epstopdf)                    date: 2014-04-15 14:18:18
(epstopdf)                    size: 209854 bytes
(epstopdf)             Command: <repstopdf --outfile=pics/resnr_teffv2-eps-conv
erted-to.pdf pics/resnr_teffv2.eps>
(epstopdf)             \includegraphics on input line 674.
Package epstopdf Info: Output file is already uptodate.

<pics/resnr_teffv2-eps-converted-to.pdf, id=867, 579.16376pt x 727.71875pt>
File: pics/resnr_teffv2-eps-converted-to.pdf Graphic file (type pdf)

<use pics/resnr_teffv2-eps-converted-to.pdf>
Package pdftex.def Info: pics/resnr_teffv2-eps-converted-to.pdf used on input l
ine 674.
(pdftex.def)             Requested size: 521.24257pt x 654.94083pt.


LaTeX Warning: `!h' float specifier changed to `!ht'.


LaTeX Warning: No positions in optional float specifier.
               Default added (so using `tbp') on input line 684.


LaTeX Warning: Float too large for page by 35.95541pt on input line 795.


LaTeX Warning: No positions in optional float specifier.
               Default added (so using `tbp') on input line 799.

[8 <./pics/fehfehsnr-eps-converted-to.pdf>] [9]
Underfull \vbox (badness 10000) has occurred while \output is active []


Underfull \vbox (badness 10000) has occurred while \output is active []

 [10 <./pics/slope_feh-eps-converted-to.pdf> <./pics/offset_feh-eps-converted-t
o.pdf> <./pics/slope_teff-eps-converted-to.pdf> <./pics/offset_teff-eps-convert
ed-to.pdf> <./pics/ewsnrfeh-eps-converted-to.pdf> <./pics/ewsnrteff-eps-convert
ed-to.pdf>] [11 <./pics/resnr_fehv2-eps-converted-to.pdf>]

LaTeX Warning: Text page 12 contains only floats.


Overfull \vbox (15.0758pt too high) has occurred while \output is active []



LaTeX Warning: Text page 12 contains only floats.


Overfull \vbox (15.0758pt too high) has occurred while \output is active []


[12 <./pics/resnr_teffv2-eps-converted-to.pdf>]
Package epstopdf Info: Source file: <pics/ewresfeh.eps>
(epstopdf)                    date: 2014-04-21 18:20:18
(epstopdf)                    size: 31697 bytes
(epstopdf)             Output file: <pics/ewresfeh-eps-converted-to.pdf>
(epstopdf)                    date: 2014-04-21 18:20:33
(epstopdf)                    size: 22993 bytes
(epstopdf)             Command: <repstopdf --outfile=pics/ewresfeh-eps-converte
d-to.pdf pics/ewresfeh.eps>
(epstopdf)             \includegraphics on input line 875.
Package epstopdf Info: Output file is already uptodate.

<pics/ewresfeh-eps-converted-to.pdf, id=1205, 875.27pt x 615.29875pt>
File: pics/ewresfeh-eps-converted-to.pdf Graphic file (type pdf)

<use pics/ewresfeh-eps-converted-to.pdf>
Package pdftex.def Info: pics/ewresfeh-eps-converted-to.pdf used on input line 
875.
(pdftex.def)             Requested size: 253.8218pt x 178.43207pt.
Package epstopdf Info: Source file: <pics/ewresteff.eps>
(epstopdf)                    date: 2014-04-21 18:20:18
(epstopdf)                    size: 32926 bytes
(epstopdf)             Output file: <pics/ewresteff-eps-converted-to.pdf>
(epstopdf)                    date: 2014-04-21 18:20:33
(epstopdf)                    size: 23628 bytes
(epstopdf)             Command: <repstopdf --outfile=pics/ewresteff-eps-convert
ed-to.pdf pics/ewresteff.eps>
(epstopdf)             \includegraphics on input line 876.
Package epstopdf Info: Output file is already uptodate.

<pics/ewresteff-eps-converted-to.pdf, id=1206, 875.27pt x 615.29875pt>
File: pics/ewresteff-eps-converted-to.pdf Graphic file (type pdf)

<use pics/ewresteff-eps-converted-to.pdf>
Package pdftex.def Info: pics/ewresteff-eps-converted-to.pdf used on input line
 876.
(pdftex.def)             Requested size: 253.8218pt x 178.43207pt.
Package epstopdf Info: Source file: <pics/ewresfeh2.eps>
(epstopdf)                    date: 2014-04-21 18:20:18
(epstopdf)                    size: 29090 bytes
(epstopdf)             Output file: <pics/ewresfeh2-eps-converted-to.pdf>
(epstopdf)                    date: 2014-04-21 18:20:33
(epstopdf)                    size: 21939 bytes
(epstopdf)             Command: <repstopdf --outfile=pics/ewresfeh2-eps-convert
ed-to.pdf pics/ewresfeh2.eps>
(epstopdf)             \includegraphics on input line 877.
Package epstopdf Info: Output file is already uptodate.

<pics/ewresfeh2-eps-converted-to.pdf, id=1207, 875.27pt x 615.29875pt>
File: pics/ewresfeh2-eps-converted-to.pdf Graphic file (type pdf)

<use pics/ewresfeh2-eps-converted-to.pdf>
Package pdftex.def Info: pics/ewresfeh2-eps-converted-to.pdf used on input line
 877.
(pdftex.def)             Requested size: 253.8218pt x 178.43207pt.
Package epstopdf Info: Source file: <pics/ewresteff2.eps>
(epstopdf)                    date: 2014-04-21 18:20:19
(epstopdf)                    size: 32053 bytes
(epstopdf)             Output file: <pics/ewresteff2-eps-converted-to.pdf>
(epstopdf)                    date: 2014-04-21 18:20:34
(epstopdf)                    size: 23475 bytes
(epstopdf)             Command: <repstopdf --outfile=pics/ewresteff2-eps-conver
ted-to.pdf pics/ewresteff2.eps>
(epstopdf)             \includegraphics on input line 878.
Package epstopdf Info: Output file is already uptodate.

<pics/ewresteff2-eps-converted-to.pdf, id=1208, 875.27pt x 615.29875pt>
File: pics/ewresteff2-eps-converted-to.pdf Graphic file (type pdf)

<use pics/ewresteff2-eps-converted-to.pdf>
Package pdftex.def Info: pics/ewresteff2-eps-converted-to.pdf used on input lin
e 878.
(pdftex.def)             Requested size: 253.8218pt x 178.43207pt.
 [13]
Underfull \vbox (badness 10000) has occurred while \output is active []

 [14 <./pics/ewresfeh-eps-converted-to.pdf> <./pics/ewresteff-eps-converted-to.
pdf> <./pics/ewresfeh2-eps-converted-to.pdf> <./pics/ewresteff2-eps-converted-t
o.pdf>]
Package epstopdf Info: Source file: <pics/compfehphv3.eps>
(epstopdf)                    date: 2014-06-09 14:53:51
(epstopdf)                    size: 40259 bytes
(epstopdf)             Output file: <pics/compfehphv3-eps-converted-to.pdf>
(epstopdf)                    date: 2014-06-09 14:54:37
(epstopdf)                    size: 43237 bytes
(epstopdf)             Command: <repstopdf --outfile=pics/compfehphv3-eps-conve
rted-to.pdf pics/compfehphv3.eps>
(epstopdf)             \includegraphics on input line 994.
Package epstopdf Info: Output file is already uptodate.

<pics/compfehphv3-eps-converted-to.pdf, id=1440, 478.78876pt x 514.92375pt>
File: pics/compfehphv3-eps-converted-to.pdf Graphic file (type pdf)

<use pics/compfehphv3-eps-converted-to.pdf>
Package pdftex.def Info: pics/compfehphv3-eps-converted-to.pdf used on input li
ne 994.
(pdftex.def)             Requested size: 239.39378pt x 257.46124pt.
Package epstopdf Info: Source file: <pics/compfehspecv4.eps>
(epstopdf)                    date: 2014-06-09 14:54:19
(epstopdf)                    size: 44937 bytes
(epstopdf)             Output file: <pics/compfehspecv4-eps-converted-to.pdf>
(epstopdf)                    date: 2014-06-09 14:54:38
(epstopdf)                    size: 26820 bytes
(epstopdf)             Command: <repstopdf --outfile=pics/compfehspecv4-eps-con
verted-to.pdf pics/compfehspecv4.eps>
(epstopdf)             \includegraphics on input line 995.
Package epstopdf Info: Output file is already uptodate.

<pics/compfehspecv4-eps-converted-to.pdf, id=1441, 478.78876pt x 514.92375pt>
File: pics/compfehspecv4-eps-converted-to.pdf Graphic file (type pdf)

<use pics/compfehspecv4-eps-converted-to.pdf>
Package pdftex.def Info: pics/compfehspecv4-eps-converted-to.pdf used on input 
line 995.
(pdftex.def)             Requested size: 239.39378pt x 257.46124pt.

Underfull \vbox (badness 10000) has occurred while \output is active []

 [15]
Underfull \vbox (badness 10000) has occurred while \output is active []

Package epstopdf Info: Source file: <pics/compteffv3.eps>
(epstopdf)                    date: 2014-06-11 13:55:21
(epstopdf)                    size: 48450 bytes
(epstopdf)             Output file: <pics/compteffv3-eps-converted-to.pdf>
(epstopdf)                    date: 2014-06-11 13:55:35
(epstopdf)                    size: 38862 bytes
(epstopdf)             Command: <repstopdf --outfile=pics/compteffv3-eps-conver
ted-to.pdf pics/compteffv3.eps>
(epstopdf)             \includegraphics on input line 1014.
Package epstopdf Info: Output file is already uptodate.

<pics/compteffv3-eps-converted-to.pdf, id=1557, 478.78876pt x 514.92375pt>
File: pics/compteffv3-eps-converted-to.pdf Graphic file (type pdf)

<use pics/compteffv3-eps-converted-to.pdf>
Package pdftex.def Info: pics/compteffv3-eps-converted-to.pdf used on input lin
e 1014.
(pdftex.def)             Requested size: 239.39378pt x 257.46124pt.

Underfull \vbox (badness 10000) has occurred while \output is active []

 [16 <./pics/compfehphv3-eps-converted-to.pdf> <./pics/compfehspecv4-eps-conver
ted-to.pdf>] [17 <./pics/compteffv3-eps-converted-to.pdf>] [18


] [19] [20




] [21]
Underfull \hbox (badness 1005) in paragraph at lines 1368--1369
\OT1/txr/m/n/10 be down-loaded at []$\OT1/txtt/m/n/10 http : / / www . astro . 
up . pt / resources /
 []

(./paper_harpsm_calv11_arxiv.bbl
Underfull \hbox (badness 1325) in paragraph at lines 13--15
[]\OT1/txr/m/n/8 Allard, F., Homeier, D., & Freytag, B. 2012, Royal Society of 
London
 []

)
Package atveryend Info: Empty hook `BeforeClearDocument' on input line 1389.
 [22


]
Package atveryend Info: Empty hook `AfterLastShipout' on input line 1389.
 (./paper_harpsm_calv11_arxiv.aux)
Package atveryend Info: Executing hook `AtVeryEndDocument' on input line 1389.
Package atveryend Info: Executing hook `AtEndAfterFileList' on input line 1389.

Package rerunfilecheck Info: File `paper_harpsm_calv11_arxiv.out' has not chang
ed.
(rerunfilecheck)             Checksum: EFA9A8E889927C4F464292B1A9E71776;573.
Package atveryend Info: Empty hook `AtVeryVeryEnd' on input line 1389.
 ) 
Here is how much of TeX's memory you used:
 8059 strings out of 495031
 113682 string characters out of 6181532
 296112 words of memory out of 5000000
 10880 multiletter control sequences out of 15000+600000
 79868 words of font info for 186 fonts, out of 8000000 for 9000
 14 hyphenation exceptions out of 8191
 34i,13n,28p,2199b,467s stack positions out of 5000i,500n,10000p,200000b,80000s
{/usr/share/texlive/texmf-dist/fonts/enc/dvips/base/8r.enc}</usr/share/texliv
e/texmf-dist/fonts/type1/public/txfonts/rtxi.pfb></usr/share/texlive/texmf-dist
/fonts/type1/public/txfonts/rtxmi.pfb></usr/share/texlive/texmf-dist/fonts/type
1/public/txfonts/rtxr.pfb></usr/share/texlive/texmf-dist/fonts/type1/public/txf
onts/txbsy.pfb></usr/share/texlive/texmf-dist/fonts/type1/public/txfonts/txex.p
fb></usr/share/texlive/texmf-dist/fonts/type1/public/txfonts/txsy.pfb></usr/sha
re/texlive/texmf-dist/fonts/type1/public/txfonts/txtt.pfb></usr/share/texlive/t
exmf-dist/fonts/type1/urw/helvetic/uhvb8a.pfb></usr/share/texlive/texmf-dist/fo
nts/type1/urw/helvetic/uhvr8a.pfb></usr/share/texlive/texmf-dist/fonts/type1/ur
w/times/utmb8a.pfb></usr/share/texlive/texmf-dist/fonts/type1/urw/times/utmbi8a
.pfb></usr/share/texlive/texmf-dist/fonts/type1/urw/times/utmr8a.pfb></usr/shar
e/texlive/texmf-dist/fonts/type1/urw/times/utmr8a.pfb></usr/share/texlive/texmf
-dist/fonts/type1/urw/times/utmri8a.pfb>
Output written on paper_harpsm_calv11_arxiv.pdf (22 pages, 1235356 bytes).
PDF statistics:
 1908 PDF objects out of 2073 (max. 8388607)
 986 compressed objects within 10 object streams
 158 named destinations out of 1000 (max. 500000)
 208 words of extra memory for PDF output out of 10000 (max. 10000000)

