This is pdfTeXk, Version 3.141592-1.40.3 (Web2C 7.5.6) (format=latex 2008.6.30)  9 JAN 2009 10:10
entering extended mode
 %&-line parsing enabled.
**vascov1.1.tex
(./vascov1.1.tex
LaTeX2e <2005/12/01>
Babel <v3.8h> and hyphenation patterns for english, usenglishmax, dumylang, noh
yphenation, loaded.
(./aa.cls
Document Class: aa 2005/06/30 v6.0 
LaTeX document class for Astronomy and Astrophysics journal
(/usr/share/texmf-texlive/tex/latex/base/fleqn.clo
File: fleqn.clo 1998/08/17 v1.1c Standard LaTeX option (flush left equations)
\mathindent=\dimen102
)
\logodepth=\dimen103
\headerboxheight=\dimen104
\betweenumberspace=\dimen105
\aftertext=\dimen106
\headlineindent=\dimen107
\c@inst=\count79
\c@auth=\count80
\instindent=\dimen108
\authrun=\box26
\authorrunning=\toks14
\titrun=\box27
\titlerunning=\toks15
\number@fw@rds=\count81
\c@section=\count82
\c@subsection=\count83
\c@subsubsection=\count84
\c@paragraph=\count85
\c@subparagraph=\count86
\c@theorem=\count87
\figgap=\dimen109
\c@figure=\count88
\c@table=\count89
\abovecaptionskip=\skip41
\belowcaptionskip=\skip42
\figcapgap=\dimen110
\tabcapgap=\dimen111
\bibindent=\dimen112
)
(/usr/share/texmf-texlive/tex/latex/graphics/epsfig.sty
Package: epsfig 1999/02/16 v1.7a (e)psfig emulation (SPQR)

(/usr/share/texmf-texlive/tex/latex/graphics/graphicx.sty
Package: graphicx 1999/02/16 v1.0f Enhanced LaTeX Graphics (DPC,SPQR)

(/usr/share/texmf-texlive/tex/latex/graphics/keyval.sty
Package: keyval 1999/03/16 v1.13 key=value parser (DPC)
\KV@toks@=\toks16
)
(/usr/share/texmf-texlive/tex/latex/graphics/graphics.sty
Package: graphics 2006/02/20 v1.0o Standard LaTeX Graphics (DPC,SPQR)

(/usr/share/texmf-texlive/tex/latex/graphics/trig.sty
Package: trig 1999/03/16 v1.09 sin cos tan (DPC)
)
(/etc/texmf/tex/latex/config/graphics.cfg
File: graphics.cfg 2007/01/18 v1.5 graphics configuration of teTeX/TeXLive
)
Package graphics Info: Driver file: dvips.def on input line 90.

(/usr/share/texmf-texlive/tex/latex/graphics/dvips.def
File: dvips.def 1999/02/16 v3.0i Driver-dependant file (DPC,SPQR)
))
\Gin@req@height=\dimen113
\Gin@req@width=\dimen114
)
\epsfxsize=\dimen115
\epsfysize=\dimen116
)
(/usr/share/texmf-texlive/tex/latex/natbib/natbib.sty
Package: natbib 2007/02/05 8.0 (PWD)
\bibhang=\skip43
\bibsep=\skip44
LaTeX Info: Redefining \cite on input line 602.
\c@NAT@ctr=\count90
)
(/usr/share/texmf-texlive/tex/latex/graphics/lscape.sty
Package: lscape 2000/10/22 v3.01 Landscape Pages (DPC)
)
(/usr/share/texmf-texlive/tex/latex/wasysym/wasysym.sty
Package: wasysym 2003/10/30 v2.0 Wasy-2 symbol support package
\symwasy=\mathgroup4
LaTeX Font Info:    Overwriting symbol font `wasy' in version `bold'
(Font)                  U/wasy/m/n --> U/wasy/b/n on input line 90.
)
(/usr/share/texmf-texlive/tex/latex/amsfonts/amssymb.sty
Package: amssymb 2002/01/22 v2.2d

(/usr/share/texmf-texlive/tex/latex/amsfonts/amsfonts.sty
Package: amsfonts 2001/10/25 v2.2f
\@emptytoks=\toks17
\symAMSa=\mathgroup5
\symAMSb=\mathgroup6
LaTeX Font Info:    Overwriting math alphabet `\mathfrak' in version `bold'
(Font)                  U/euf/m/n --> U/euf/b/n on input line 132.
))
(/usr/share/texmf-texlive/tex/latex/tools/longtable.sty
Package: longtable 2004/02/01 v4.11 Multi-page Table package (DPC)
\LTleft=\skip45
\LTright=\skip46
\LTpre=\skip47
\LTpost=\skip48
\LTchunksize=\count91
\LTcapwidth=\dimen117
\LT@head=\box28
\LT@firsthead=\box29
\LT@foot=\box30
\LT@lastfoot=\box31
\LT@cols=\count92
\LT@rows=\count93
\c@LT@tables=\count94
\c@LT@chunks=\count95
\LT@p@ftn=\toks18
) (./rotating.sty
Package: rotating 1997/09/26, v2.13 Rotation package

(/usr/share/texmf-texlive/tex/latex/base/ifthen.sty
Package: ifthen 2001/05/26 v1.1c Standard LaTeX ifthen package (DPC)
)
\c@r@tfl@t=\count96
\rot@float@box=\box32
)
(/usr/share/texmf-texlive/tex/latex/graphics/color.sty
Package: color 2005/11/14 v1.0j Standard LaTeX Color (DPC)

(/etc/texmf/tex/latex/config/color.cfg
File: color.cfg 2007/01/18 v1.5 color configuration of teTeX/TeXLive
)
Package color Info: Driver file: dvips.def on input line 130.

(/usr/share/texmf-texlive/tex/latex/graphics/dvipsnam.def
File: dvipsnam.def 1999/02/16 v3.0i Driver-dependant file (DPC,SPQR)
))
(/usr/share/texmf-texlive/tex/latex/colortbl/colortbl.sty
Package: colortbl 2001/02/13 v0.1j Color table columns (DPC)

(/usr/share/texmf-texlive/tex/latex/tools/array.sty
Package: array 2005/08/23 v2.4b Tabular extension package (FMi)
\col@sep=\dimen118
\extrarowheight=\dimen119
\NC@list=\toks19
\extratabsurround=\skip49
\backup@length=\skip50
)
\everycr=\toks20
\minrowclearance=\skip51
) (./fancyheadings.sty
\headrulewidth=\dimen120
\footrulewidth=\dimen121
\plainheadrulewidth=\dimen122
\plainfootrulewidth=\dimen123
\headwidth=\dimen124
\footruleskip=\dimen125
)
(./vascov1.1.aux)
\openout1 = `vascov1.1.aux'.

LaTeX Font Info:    Checking defaults for OML/cmm/m/it on input line 19.
LaTeX Font Info:    ... okay on input line 19.
LaTeX Font Info:    Checking defaults for T1/cmr/m/n on input line 19.
LaTeX Font Info:    ... okay on input line 19.
LaTeX Font Info:    Checking defaults for OT1/cmr/m/n on input line 19.
LaTeX Font Info:    ... okay on input line 19.
LaTeX Font Info:    Checking defaults for OMS/cmsy/m/n on input line 19.
LaTeX Font Info:    ... okay on input line 19.
LaTeX Font Info:    Checking defaults for OMX/cmex/m/n on input line 19.
LaTeX Font Info:    ... okay on input line 19.
LaTeX Font Info:    Checking defaults for U/cmr/m/n on input line 19.
LaTeX Font Info:    ... okay on input line 19.

A&A warning: Missing \keywords
LaTeX Font Info:    Try loading font information for OMS+cmr on input line 63.
(/usr/share/texmf-texlive/tex/latex/base/omscmr.fd
File: omscmr.fd 1999/05/25 v2.5h Standard LaTeX font definitions
)
LaTeX Font Info:    Font shape `OMS/cmr/m/n' in size <10> not available
(Font)              Font shape `OMS/cmsy/m/n' tried instead on input line 63.
LaTeX Font Info:    Try loading font information for U+wasy on input line 63.

(/usr/share/texmf-texlive/tex/latex/wasysym/uwasy.fd
File: uwasy.fd 2003/10/30 v2.0 Wasy-2 symbol font definitions
)
LaTeX Font Info:    Try loading font information for U+msa on input line 63.

(/usr/share/texmf-texlive/tex/latex/amsfonts/umsa.fd
File: umsa.fd 2002/01/19 v2.2g AMS font definitions
)
LaTeX Font Info:    Try loading font information for U+msb on input line 63.

(/usr/share/texmf-texlive/tex/latex/amsfonts/umsb.fd
File: umsb.fd 2002/01/19 v2.2g AMS font definitions
) [1


]
Underfull \hbox (badness 1852) in paragraph at lines 121--121
[][]\OT1/cmr/m/n/9 IRAF is dis-tributed by National Optical Astronomy
 []


LaTeX Font Warning: Font shape `OT1/cmss/m/it' in size <10.95> not available
(Font)              Font shape `OT1/cmss/m/sl' tried instead on input line 129.


File: pics/tommrev2.eps Graphic file (type eps)
<pics/tommrev2.eps>
Overfull \hbox (5.69055pt too wide) in paragraph at lines 141--142
 [][] 
 []

[2] [3]

LaTeX Warning: Command \r invalid in math mode on input line 191.

File: pics/delabgraySiI.eps Graphic file (type eps)
<pics/delabgraySiI.eps>
Overfull \hbox (5.69055pt too wide) in paragraph at lines 280--281
[][] 
 []

[4]
Underfull \vbox (badness 10000) has occurred while \output is active []


Underfull \vbox (badness 10000) has occurred while \output is active []

 [5]
File: pics/moogpicniq.eps Graphic file (type eps)

<pics/moogpicniq.eps>
Overfull \hbox (5.69055pt too wide) in paragraph at lines 416--417
 [][] 
 []

File: pics/EPpaper.eps Graphic file (type eps)
<pics/EPpaper.eps>
Overfull \hbox (5.69743pt too wide) in paragraph at lines 438--439
 [][] 
 []

File: pics/CrICrIIpaper.eps Graphic file (type eps)
<pics/CrICrIIpaper.eps>
Overfull \hbox (5.69743pt too wide) in paragraph at lines 458--459
 [][] 
 []

[6]
Underfull \vbox (badness 10000) has occurred while \output is active []

 [7]
File: pics/xfeteffpaperv2.eps Graphic file (type eps)

<pics/xfeteffpaperv2.eps>
Overfull \hbox (5.69055pt too wide) in paragraph at lines 492--493
 [][] 
 []

File: pics/compv2.eps Graphic file (type eps)
<pics/compv2.eps>
Overfull \hbox (5.69055pt too wide) in paragraph at lines 507--508
 [][] 
 []


LaTeX Warning: `h' float specifier changed to `ht'.

[8]
File: pics/histxhpaperv3.eps Graphic file (type eps)
 <pics/histxhpaperv3.eps>
Underfull \hbox (badness 1226) in paragraph at lines 601--603
[]\OT1/cmr/m/n/10 Regarding the stars with only nep-tu-nian plan-ets
 []

[9]
Underfull \vbox (badness 10000) has occurred while \output is active []


Underfull \vbox (badness 10000) has occurred while \output is active []

 [10]
File: pics/histxhpercentagev2.eps Graphic file (type eps)

<pics/histxhpercentagev2.eps>
Overfull \hbox (5.69055pt too wide) in paragraph at lines 608--609
 [][] 
 []

File: pics/xfefehpaperv2.eps Graphic file (type eps)
<pics/xfefehpaperv2.eps>
Underfull \vbox (badness 10000) has occurred while \output is active []

 [11]
Underfull \vbox (badness 10000) has occurred while \output is active []


Underfull \vbox (badness 10000) has occurred while \output is active []

 [12]
Underfull \vbox (badness 1838) has occurred while \output is active []

File: pics/histxfepaperTD0.0v3.eps Graphic file (type eps)

<pics/histxfepaperTD0.0v3.eps> [13]
Underfull \vbox (badness 10000) has occurred while \output is active []


Underfull \vbox (badness 10000) has occurred while \output is active []

 [14]
File: pics/xfefehpaperv3TD.eps Graphic file (type eps)

<pics/xfefehpaperv3TD.eps>
File: pics/xfefehtsol300paperv3TD.eps Graphic file (type eps)
 <pics/xfefehtsol300paperv3TD.eps>
Underfull \vbox (badness 1783) has occurred while \output is active []

 [15]
Underfull \vbox (badness 10000) has occurred while \output is active []


Underfull \vbox (badness 10000) has occurred while \output is active []

 [16]
Underfull \vbox (badness 10000) has occurred while \output is active []


Underfull \vbox (badness 10000) has occurred while \output is active []

 [17]
[18] [19]
Underfull \vbox (badness 3503) has occurred while \output is active []

 [20]
Underfull \hbox (badness 1616) in paragraph at lines 941--947
\OT1/cmr/m/n/9 Funda^^Xc~ao Calouste Gulbenkian (Portugal). N.C.S. would
 []

(./vascov1.1.bbl
Underfull \hbox (badness 5077) in paragraph at lines 10--11
[]\OT1/cmr/m/n/10 Anders, E. & Grevesse, N. 1989, Geochimica et
 []

[21]) [22

] (./vascov1.1.aux) ) 
Here is how much of TeX's memory you used:
 2358 strings out of 95087
 27072 string characters out of 1183278
 114557 words of memory out of 1500000
 5473 multiletter control sequences out of 10000+50000
 22382 words of font info for 86 fonts, out of 1200000 for 2000
 28 hyphenation exceptions out of 8191
 34i,13n,25p,1911b,315s stack positions out of 5000i,500n,6000p,200000b,5000s

Output written on vascov1.1.dvi (22 pages, 137636 bytes).
