This is pdfTeXk, Version 3.141592-1.40.3 (Web2C 7.5.6) (format=latex 2008.2.19)  2 JUN 2008 02:30
entering extended mode
 %&-line parsing enabled.
**mestrado_beta.v3.tex
(./mestrado_beta.v3.tex
LaTeX2e <2005/12/01>
Babel <v3.8h> and hyphenation patterns for english, usenglishmax, dumylang, noh
yphenation, loaded.
(/usr/share/texmf-texlive/tex/latex/base/report.cls
Document Class: report 2005/09/16 v1.4f Standard LaTeX document class
(/usr/share/texmf-texlive/tex/latex/base/size12.clo
File: size12.clo 2005/09/16 v1.4f Standard LaTeX file (size option)
)
\c@part=\count79
\c@chapter=\count80
\c@section=\count81
\c@subsection=\count82
\c@subsubsection=\count83
\c@paragraph=\count84
\c@subparagraph=\count85
\c@figure=\count86
\c@table=\count87
\abovecaptionskip=\skip41
\belowcaptionskip=\skip42
\bibindent=\dimen102
)
(/usr/share/texmf-texlive/tex/latex/graphics/graphicx.sty
Package: graphicx 1999/02/16 v1.0f Enhanced LaTeX Graphics (DPC,SPQR)

(/usr/share/texmf-texlive/tex/latex/graphics/keyval.sty
Package: keyval 1999/03/16 v1.13 key=value parser (DPC)
\KV@toks@=\toks14
)
(/usr/share/texmf-texlive/tex/latex/graphics/graphics.sty
Package: graphics 2006/02/20 v1.0o Standard LaTeX Graphics (DPC,SPQR)

(/usr/share/texmf-texlive/tex/latex/graphics/trig.sty
Package: trig 1999/03/16 v1.09 sin cos tan (DPC)
)
(/etc/texmf/tex/latex/config/graphics.cfg
File: graphics.cfg 2007/01/18 v1.5 graphics configuration of teTeX/TeXLive
)
Package graphics Info: Driver file: dvips.def on input line 90.

(/usr/share/texmf-texlive/tex/latex/graphics/dvips.def
File: dvips.def 1999/02/16 v3.0i Driver-dependant file (DPC,SPQR)
))
\Gin@req@height=\dimen103
\Gin@req@width=\dimen104
)
(/usr/share/texmf-texlive/tex/latex/base/inputenc.sty
Package: inputenc 2006/05/05 v1.1b Input encoding file
\inpenc@prehook=\toks15
\inpenc@posthook=\toks16

(/usr/share/texmf-texlive/tex/latex/base/latin1.def
File: latin1.def 2006/05/05 v1.1b Input encoding file
))
(/usr/share/texmf-texlive/tex/latex/base/fontenc.sty
Package: fontenc 2005/09/27 v1.99g Standard LaTeX package

(/usr/share/texmf-texlive/tex/latex/base/t1enc.def
File: t1enc.def 2005/09/27 v1.99g Standard LaTeX file
LaTeX Font Info:    Redeclaring font encoding T1 on input line 43.
))
(/usr/share/texmf-texlive/tex/latex/caption/caption.sty
Package: caption 2007/01/07 v3.0k Customising captions (AR)

(/usr/share/texmf-texlive/tex/latex/caption/caption3.sty
Package: caption3 2007/01/07 v3.0k caption3 kernel (AR)
\captionmargin=\dimen105
\captionmarginx=\dimen106
\captionwidth=\dimen107
\captionindent=\dimen108
\captionparindent=\dimen109
\captionhangindent=\dimen110
))
(/usr/share/texmf-texlive/tex/latex/subfigure/subfigure.sty
Package: subfigure 2002/03/15 v2.1.5 subfigure package
\subfigtopskip=\skip43
\subfigcapskip=\skip44
\subfigcaptopadj=\dimen111
\subfigbottomskip=\skip45
\subfigcapmargin=\dimen112
\subfiglabelskip=\skip46
\c@subfigure=\count88
\c@lofdepth=\count89
\c@subtable=\count90
\c@lotdepth=\count91

****************************************
* Local config file subfigure.cfg used *
****************************************
(/usr/share/texmf-texlive/tex/latex/subfigure/subfigure.cfg)
\subfig@top=\skip47
\subfig@bottom=\skip48
)
(/usr/share/texmf-texlive/tex/latex/amsmath/amsmath.sty
Package: amsmath 2000/07/18 v2.13 AMS math features
\@mathmargin=\skip49

For additional information on amsmath, use the `?' option.
(/usr/share/texmf-texlive/tex/latex/amsmath/amstext.sty
Package: amstext 2000/06/29 v2.01

(/usr/share/texmf-texlive/tex/latex/amsmath/amsgen.sty
File: amsgen.sty 1999/11/30 v2.0
\@emptytoks=\toks17
\ex@=\dimen113
))
(/usr/share/texmf-texlive/tex/latex/amsmath/amsbsy.sty
Package: amsbsy 1999/11/29 v1.2d
\pmbraise@=\dimen114
)
(/usr/share/texmf-texlive/tex/latex/amsmath/amsopn.sty
Package: amsopn 1999/12/14 v2.01 operator names
)
\inf@bad=\count92
LaTeX Info: Redefining \frac on input line 211.
\uproot@=\count93
\leftroot@=\count94
LaTeX Info: Redefining \overline on input line 307.
\classnum@=\count95
\DOTSCASE@=\count96
LaTeX Info: Redefining \ldots on input line 379.
LaTeX Info: Redefining \dots on input line 382.
LaTeX Info: Redefining \cdots on input line 467.
\Mathstrutbox@=\box26
\strutbox@=\box27
\big@size=\dimen115
LaTeX Font Info:    Redeclaring font encoding OML on input line 567.
LaTeX Font Info:    Redeclaring font encoding OMS on input line 568.
\macc@depth=\count97
\c@MaxMatrixCols=\count98
\dotsspace@=\muskip10
\c@parentequation=\count99
\dspbrk@lvl=\count100
\tag@help=\toks18
\row@=\count101
\column@=\count102
\maxfields@=\count103
\andhelp@=\toks19
\eqnshift@=\dimen116
\alignsep@=\dimen117
\tagshift@=\dimen118
\tagwidth@=\dimen119
\totwidth@=\dimen120
\lineht@=\dimen121
\@envbody=\toks20
\multlinegap=\skip50
\multlinetaggap=\skip51
\mathdisplay@stack=\toks21
LaTeX Info: Redefining \[ on input line 2666.
LaTeX Info: Redefining \] on input line 2667.
)
(/usr/share/texmf-texlive/tex/latex/amsfonts/amssymb.sty
Package: amssymb 2002/01/22 v2.2d

(/usr/share/texmf-texlive/tex/latex/amsfonts/amsfonts.sty
Package: amsfonts 2001/10/25 v2.2f
\symAMSa=\mathgroup4
\symAMSb=\mathgroup5
LaTeX Font Info:    Overwriting math alphabet `\mathfrak' in version `bold'
(Font)                  U/euf/m/n --> U/euf/b/n on input line 132.
))
(/usr/share/texmf-texlive/tex/latex/tools/bm.sty
Package: bm 2004/02/26 v1.1c Bold Symbol Support (DPC/FMi)
\symboldoperators=\mathgroup6
\symboldletters=\mathgroup7
\symboldsymbols=\mathgroup8
LaTeX Font Info:    Redeclaring math alphabet \mathbf on input line 137.
LaTeX Info: Redefining \bm on input line 203.
)
(/usr/share/texmf-texlive/tex/latex/graphics/lscape.sty
Package: lscape 2000/10/22 v3.01 Landscape Pages (DPC)
)
(/usr/share/texmf-texlive/tex/latex/tools/multicol.sty
Package: multicol 2006/05/18 v1.6g multicolumn formatting (FMi)
\c@tracingmulticols=\count104
\mult@box=\box28
\multicol@leftmargin=\dimen122
\c@unbalance=\count105
\c@collectmore=\count106
\doublecol@number=\count107
\multicoltolerance=\count108
\multicolpretolerance=\count109
\full@width=\dimen123
\page@free=\dimen124
\premulticols=\dimen125
\postmulticols=\dimen126
\multicolsep=\skip52
\multicolbaselineskip=\skip53
\partial@page=\box29
\last@line=\box30
\mult@rightbox=\box31
\mult@grightbox=\box32
\mult@gfirstbox=\box33
\mult@firstbox=\box34
\@tempa=\box35
\@tempa=\box36
\@tempa=\box37
\@tempa=\box38
\@tempa=\box39
\@tempa=\box40
\@tempa=\box41
\@tempa=\box42
\@tempa=\box43
\@tempa=\box44
\@tempa=\box45
\@tempa=\box46
\@tempa=\box47
\@tempa=\box48
\@tempa=\box49
\@tempa=\box50
\@tempa=\box51
\c@columnbadness=\count110
\c@finalcolumnbadness=\count111
\last@try=\dimen127
\multicolovershoot=\dimen128
\multicolundershoot=\dimen129
\mult@nat@firstbox=\box52
\colbreak@box=\box53
)
(/usr/share/texmf-texlive/tex/latex/tools/longtable.sty
Package: longtable 2004/02/01 v4.11 Multi-page Table package (DPC)
\LTleft=\skip54
\LTright=\skip55
\LTpre=\skip56
\LTpost=\skip57
\LTchunksize=\count112
\LTcapwidth=\dimen130
\LT@head=\box54
\LT@firsthead=\box55
\LT@foot=\box56
\LT@lastfoot=\box57
\LT@cols=\count113
\LT@rows=\count114
\c@LT@tables=\count115
\c@LT@chunks=\count116
\LT@p@ftn=\toks22
) (./rotating.sty
Package: rotating 1997/09/26, v2.13 Rotation package

(/usr/share/texmf-texlive/tex/latex/base/ifthen.sty
Package: ifthen 2001/05/26 v1.1c Standard LaTeX ifthen package (DPC)
)
\c@r@tfl@t=\count117
\rot@float@box=\box58
)
(/usr/share/texmf-texlive/tex/latex/graphics/color.sty
Package: color 2005/11/14 v1.0j Standard LaTeX Color (DPC)

(/etc/texmf/tex/latex/config/color.cfg
File: color.cfg 2007/01/18 v1.5 color configuration of teTeX/TeXLive
)
Package color Info: Driver file: dvips.def on input line 130.

(/usr/share/texmf-texlive/tex/latex/graphics/dvipsnam.def
File: dvipsnam.def 1999/02/16 v3.0i Driver-dependant file (DPC,SPQR)
))
(/usr/share/texmf-texlive/tex/latex/colortbl/colortbl.sty
Package: colortbl 2001/02/13 v0.1j Color table columns (DPC)

(/usr/share/texmf-texlive/tex/latex/tools/array.sty
Package: array 2005/08/23 v2.4b Tabular extension package (FMi)
\col@sep=\dimen131
\extrarowheight=\dimen132
\NC@list=\toks23
\extratabsurround=\skip58
\backup@length=\skip59
)
\everycr=\toks24
\minrowclearance=\skip60
) (./fancyheadings.sty
\headrulewidth=\dimen133
\footrulewidth=\dimen134
\plainheadrulewidth=\dimen135
\plainfootrulewidth=\dimen136
\headwidth=\dimen137
\footruleskip=\dimen138
)
(/usr/share/texmf-texlive/tex/latex/natbib/natbib.sty
Package: natbib 2007/02/05 8.0 (PWD)
\bibhang=\skip61
\bibsep=\skip62
LaTeX Info: Redefining \cite on input line 602.
\c@NAT@ctr=\count118
)
(/usr/share/texmf-texlive/tex/latex/geometry/geometry.sty
Package: geometry 2002/07/08 v3.2 Page Geometry
\Gm@cnth=\count119
\Gm@cntv=\count120
\c@Gm@tempcnt=\count121
\Gm@bindingoffset=\dimen139
\Gm@wd@mp=\dimen140
\Gm@odd@mp=\dimen141
\Gm@even@mp=\dimen142
\Gm@dimlist=\toks25

(/usr/share/texmf-texlive/tex/xelatex/xetexconfig/geometry.cfg))
(/usr/share/texmf-texlive/tex/latex/setspace/setspace.sty
Package: setspace 2000/12/01 6.7 Contributed and Supported LaTeX2e package

Package: `setspace' 6.7 <2000/12/01>
) (./mestrado_beta.v3.aux)
\openout1 = `mestrado_beta.v3.aux'.

LaTeX Font Info:    Checking defaults for OML/cmm/m/it on input line 61.
LaTeX Font Info:    ... okay on input line 61.
LaTeX Font Info:    Checking defaults for T1/cmr/m/n on input line 61.
LaTeX Font Info:    ... okay on input line 61.
LaTeX Font Info:    Checking defaults for OT1/cmr/m/n on input line 61.
LaTeX Font Info:    ... okay on input line 61.
LaTeX Font Info:    Checking defaults for OMS/cmsy/m/n on input line 61.
LaTeX Font Info:    ... okay on input line 61.
LaTeX Font Info:    Checking defaults for OMX/cmex/m/n on input line 61.
LaTeX Font Info:    ... okay on input line 61.
LaTeX Font Info:    Checking defaults for U/cmr/m/n on input line 61.
LaTeX Font Info:    ... okay on input line 61.

(/usr/share/texmf-texlive/tex/latex/ragged2e/ragged2e.sty
Package: ragged2e 2003/03/25 v2.04 ragged2e Package (MS)

(/usr/share/texmf-texlive/tex/latex/everysel/everysel.sty
Package: everysel 1999/06/08 v1.03 EverySelectfont Package (MS)
LaTeX Info: Redefining \selectfont on input line 125.
)
\CenteringLeftskip=\skip63
\RaggedLeftLeftskip=\skip64
\RaggedRightLeftskip=\skip65
\CenteringRightskip=\skip66
\RaggedLeftRightskip=\skip67
\RaggedRightRightskip=\skip68
\CenteringParfillskip=\skip69
\RaggedLeftParfillskip=\skip70
\RaggedRightParfillskip=\skip71
\JustifyingParfillskip=\skip72
\CenteringParindent=\skip73
\RaggedLeftParindent=\skip74
\RaggedRightParindent=\skip75
\JustifyingParindent=\skip76
)
Package caption Info: longtable package v3.15 (or newer) detected on input line
 61.
Package caption Info: rotating package v2.0 (or newer) detected on input line 6
1.
-------------------- Geometry parameters
paper: a4paper
landscape: --
twocolumn: --
twoside: --
asymmetric: --
h-parts: 85.35826pt, 441.01773pt, 71.13188pt
v-parts: 85.35826pt, 674.33032pt, 85.35826pt
hmarginratio: --
vmarginratio: --
lines: --
heightrounded: --
bindingoffset: 0.0pt
truedimen: --
includehead: --
includefoot: --
includemp: --
driver: dvips
-------------------- Page layout dimensions and switches
\paperwidth  597.50787pt
\paperheight 845.04684pt
\textwidth  441.01773pt
\textheight 674.33032pt
\oddsidemargin  13.08827pt
\evensidemargin 13.08827pt
\topmargin  -23.91173pt
\headheight 12.0pt
\headsep    25.0pt
\footskip   30.0pt
\marginparwidth 35.0pt
\marginparsep   10.0pt
\columnsep  10.0pt
\skip\footins  10.8pt plus 4.0pt minus 2.0pt
\hoffset 0.0pt
\voffset 0.0pt
\mag 1000

(1in=72.27pt, 1cm=28.45pt)
-----------------------
LaTeX Font Info:    Try loading font information for U+msa on input line 62.

(/usr/share/texmf-texlive/tex/latex/amsfonts/umsa.fd
File: umsa.fd 2002/01/19 v2.2g AMS font definitions
)
LaTeX Font Info:    Try loading font information for U+msb on input line 62.

(/usr/share/texmf-texlive/tex/latex/amsfonts/umsb.fd
File: umsb.fd 2002/01/19 v2.2g AMS font definitions
) [1

] [1]
(./mestrado_beta.v3.toc [1

])
\tf@toc=\write3
\openout3 = `mestrado_beta.v3.toc'.

 [2]
Chapter 1.
[3

]
File: pics/rvpic.eps Graphic file (type eps)
 <pics/rvpic.eps>
File: pics/rv_1995.eps Graphic file (type eps)
 <pics/rv_1995.eps> [4]
File: pics/phototransit.eps Graphic file (type eps)
 <pics/phototransit.eps>
File: pics/microlensing2.eps Graphic file (type eps)

<pics/microlensing2.eps>

LaTeX Warning: `h' float specifier changed to `ht'.

[5] [6]
Underfull \hbox (badness 10000) in paragraph at lines 169--173

 []

[7]
File: pics/massplanet2.eps Graphic file (type eps)
 <pics/massplanet2.eps>

LaTeX Warning: `h' float specifier changed to `ht'.

[8] [9]
File: pics/fehhist.eps Graphic file (type eps)
 <pics/fehhist.eps>

LaTeX Warning: `h' float specifier changed to `ht'.

[10] [11] [12]
LaTeX Font Info:    Try loading font information for OMS+cmr on input line 293.

 (/usr/share/texmf-texlive/tex/latex/base/omscmr.fd
File: omscmr.fd 1999/05/25 v2.5h Standard LaTeX font definitions
)
LaTeX Font Info:    Font shape `OMS/cmr/m/n' in size <12> not available
(Font)              Font shape `OMS/cmsy/m/n' tried instead on input line 293.
 [13]
Chapter 2.
[14

] [15]
File: pics/equivalent_width.eps Graphic file (type eps)
 <pics/equivalent_width.eps> [16]
File: pics/parte2/curve_of_growth.eps Graphic file (type eps)
 <pics/parte2/curve_of_growth.eps>
File: pics/parte2/line_profile.eps Graphic file (type eps)

<pics/parte2/line_profile.eps> [17]
File: pics/parte2/temperature.eps Graphic file (type eps)
 <pics/parte2/temperature.eps> [18]
File: pics/parte2/pressure.eps Graphic file (type eps)

<pics/parte2/pressure.eps>
File: pics/parte2/vtur.eps Graphic file (type eps)
 <pics/parte2/vtur.eps> [19] [20] [21]
Chapter 3.
[22

] [23]
Overfull \hbox (8.87471pt too wide) in paragraph at lines 650--652
\T1/cmr/m/n/12 from $\OT1/cmr/m/n/12 4500$ \T1/cmr/m/n/12 to $\OT1/cmr/m/n/12 6
910$ \T1/cmr/m/n/12 Å. The re-quest was done via the in-ter-net ($\OML/cmm/m/it
/12 http \OT1/cmr/m/n/12 : \OML/cmm/m/it/12 ==www:astro:uu:se= \OMS/cmsy/m/n/12
 ^^X
 []

[24]
Overfull \hbox (32.78215pt too wide) in paragraph at lines 669--669
[][]\T1/cmr/m/n/10 Collection of HARPS so-lar spec-tra: http://www.ls.eso.org/l
asilla/sciops/3p6/harps/monitoring/sun.html| 
 []

[25] [26] [27]
File: pics/Ni20.eps Graphic file (type eps)
 <pics/Ni20.eps> [28]
Overfull \hbox (68.32231pt too wide) in paragraph at lines 731--801
 [][] 
 []

[29]
File: pics/parte3/moogpicniq.eps Graphic file (type eps)
 <pics/parte3/moogpicniq.eps> [30]
File: pics/parte3/EP.eps Graphic file (type eps)
 <pics/parte3/EP.eps>

LaTeX Warning: `h' float specifier changed to `ht'.

File: pics/parte3/RW.eps Graphic file (type eps)
<pics/parte3/RW.eps> [31] [32]
File: pics/parte3/CrICrII.eps Graphic file (type eps)
 <pics/parte3/CrICrII.eps>
File: pics/parte3/xfeteff.eps Graphic file (type eps)

<pics/parte3/xfeteff.eps>
Overfull \hbox (14.22635pt too wide) in paragraph at lines 889--890
 [][] 
 []


LaTeX Warning: `h' float specifier changed to `ht'.

File: pics/parte3/xfelogg.eps Graphic file (type eps)
<pics/parte3/xfelogg.eps>
Overfull \hbox (14.22635pt too wide) in paragraph at lines 896--897
 [][] 
 []


LaTeX Warning: `h' float specifier changed to `ht'.

[33] [34] [35] [36]
Chapter 4.
[37

]
File: pics/parte4/comp.eps Graphic file (type eps)
 <pics/parte4/comp.eps>
Overfull \hbox (14.23502pt too wide) in paragraph at lines 947--948
 [][] 
 []

[38]
File: pics/parte4/histxhfinal.eps Graphic file (type eps)
 <pics/parte4/histxhfinal.eps>
Overfull \hbox (14.23502pt too wide) in paragraph at lines 967--968
 [][] 
 []

[39] [40]
File: pics/parte4/xhfehfinal/xhfehtfinal.eps Graphic file (type eps)
 <pics/parte4/xhfehfinal/xhfehtfinal.eps>
Overfull \hbox (14.23502pt too wide) in paragraph at lines 1021--1022
 [][] 
 []

[41]
File: pics/parte4/xhfehfinal/xhfehtsolfinal.eps Graphic file (type eps)
 <pics/parte4/xhfehfinal/xhfehtsolfinal.eps>
Overfull \hbox (14.23502pt too wide) in paragraph at lines 1033--1034
 [][] 
 []

[42]
File: pics/parte4/xfefehfinal/xfefehfinal.eps Graphic file (type eps)
 <pics/parte4/xfefehfinal/xfefehfinal.eps>
Overfull \hbox (14.23502pt too wide) in paragraph at lines 1046--1047
 [][] 
 []

[43]
File: pics/parte4/xfefehfinal/xfefehtsolfinal.eps Graphic file (type eps)
 <pics/parte4/xfefehfinal/xfefehtsolfinal.eps>
Overfull \hbox (14.23502pt too wide) in paragraph at lines 1059--1060
 [][] 
 []

[44] [45] [46] [47] [48] [49]
Chapter 5.
[50

] [51] (./mestrado_beta.v3.bbl [52

] [53]) [54] (./mestrado_beta.v3.aux) )
(\end occurred inside a group at level 2)

### simple group (level 2) entered at line 723 ({)
### simple group (level 1) entered at line 253 ({)
### bottom level 
Here is how much of TeX's memory you used:
 3885 strings out of 95087
 50570 string characters out of 1183278
 138379 words of memory out of 1500000
 6922 multiletter control sequences out of 10000+50000
 28772 words of font info for 81 fonts, out of 1200000 for 2000
 28 hyphenation exceptions out of 8191
 35i,11n,43p,1415b,371s stack positions out of 5000i,500n,6000p,200000b,5000s

Output written on mestrado_beta.v3.dvi (56 pages, 178588 bytes).
