This is pdfTeX, Version 3.141592653-2.6-1.40.22 (TeX Live 2022/dev/Debian) (preloaded format=pdflatex 2023.5.31)  28 DEC 2023 14:32
entering extended mode
 restricted \write18 enabled.
 %&-line parsing enabled.
**mestrado_final.v1.tex
(./mestrado_final.v1.tex
LaTeX2e <2021-11-15> patch level 1
L3 programming layer <2022-01-21>
(/usr/share/texlive/texmf-dist/tex/latex/base/report.cls
Document Class: report 2021/10/04 v1.4n Standard LaTeX document class
(/usr/share/texlive/texmf-dist/tex/latex/base/size12.clo
File: size12.clo 2021/10/04 v1.4n Standard LaTeX file (size option)
)
\c@part=\count185
\c@chapter=\count186
\c@section=\count187
\c@subsection=\count188
\c@subsubsection=\count189
\c@paragraph=\count190
\c@subparagraph=\count191
\c@figure=\count192
\c@table=\count193
\abovecaptionskip=\skip47
\belowcaptionskip=\skip48
\bibindent=\dimen138
)
(/usr/share/texlive/texmf-dist/tex/latex/graphics/graphicx.sty
Package: graphicx 2021/09/16 v1.2d Enhanced LaTeX Graphics (DPC,SPQR)

(/usr/share/texlive/texmf-dist/tex/latex/graphics/keyval.sty
Package: keyval 2014/10/28 v1.15 key=value parser (DPC)
\KV@toks@=\toks16
)
(/usr/share/texlive/texmf-dist/tex/latex/graphics/graphics.sty
Package: graphics 2021/03/04 v1.4d Standard LaTeX Graphics (DPC,SPQR)

(/usr/share/texlive/texmf-dist/tex/latex/graphics/trig.sty
Package: trig 2021/08/11 v1.11 sin cos tan (DPC)
)
(/usr/share/texlive/texmf-dist/tex/latex/graphics-cfg/graphics.cfg
File: graphics.cfg 2016/06/04 v1.11 sample graphics configuration
)
Package graphics Info: Driver file: dvips.def on input line 107.

(/usr/share/texlive/texmf-dist/tex/latex/graphics-def/dvips.def
File: dvips.def 2017/06/20 v3.1d Graphics/color driver for dvips
))
\Gin@req@height=\dimen139
\Gin@req@width=\dimen140
)
(/usr/share/texlive/texmf-dist/tex/latex/base/inputenc.sty
Package: inputenc 2021/02/14 v1.3d Input encoding file
\inpenc@prehook=\toks17
\inpenc@posthook=\toks18

(/usr/share/texlive/texmf-dist/tex/latex/base/latin1.def
File: latin1.def 2021/02/14 v1.3d Input encoding file
))
(/usr/share/texlive/texmf-dist/tex/latex/base/fontenc.sty
Package: fontenc 2021/04/29 v2.0v Standard LaTeX package
)
(/usr/share/texlive/texmf-dist/tex/latex/caption/caption.sty
Package: caption 2020/10/26 v3.5g Customizing captions (AR)

(/usr/share/texlive/texmf-dist/tex/latex/caption/caption3.sty
Package: caption3 2020/10/21 v2.2e caption3 kernel (AR)
\captionmargin=\dimen141
\captionmargin@=\dimen142
\captionwidth=\dimen143
\caption@tempdima=\dimen144
\caption@indent=\dimen145
\caption@parindent=\dimen146
\caption@hangindent=\dimen147
Package caption Info: Standard document class detected.
)
\c@caption@flags=\count194
\c@continuedfloat=\count195
)
(/usr/share/texlive/texmf-dist/tex/latex/subfigure/subfigure.sty
Package: subfigure 2002/03/15 v2.1.5 subfigure package
\subfigtopskip=\skip49
\subfigcapskip=\skip50
\subfigcaptopadj=\dimen148
\subfigbottomskip=\skip51
\subfigcapmargin=\dimen149
\subfiglabelskip=\skip52
\c@subfigure=\count196
\c@lofdepth=\count197
\c@subtable=\count198
\c@lotdepth=\count199

****************************************
* Local config file subfigure.cfg used *
****************************************
(/usr/share/texlive/texmf-dist/tex/latex/subfigure/subfigure.cfg)
\subfig@top=\skip53
\subfig@bottom=\skip54
)
(/usr/share/texlive/texmf-dist/tex/latex/amsmath/amsmath.sty
Package: amsmath 2021/10/15 v2.17l AMS math features
\@mathmargin=\skip55

For additional information on amsmath, use the `?' option.
(/usr/share/texlive/texmf-dist/tex/latex/amsmath/amstext.sty
Package: amstext 2021/08/26 v2.01 AMS text

(/usr/share/texlive/texmf-dist/tex/latex/amsmath/amsgen.sty
File: amsgen.sty 1999/11/30 v2.0 generic functions
\@emptytoks=\toks19
\ex@=\dimen150
))
(/usr/share/texlive/texmf-dist/tex/latex/amsmath/amsbsy.sty
Package: amsbsy 1999/11/29 v1.2d Bold Symbols
\pmbraise@=\dimen151
)
(/usr/share/texlive/texmf-dist/tex/latex/amsmath/amsopn.sty
Package: amsopn 2021/08/26 v2.02 operator names
)
\inf@bad=\count266
LaTeX Info: Redefining \frac on input line 234.
\uproot@=\count267
\leftroot@=\count268
LaTeX Info: Redefining \overline on input line 399.
\classnum@=\count269
\DOTSCASE@=\count270
LaTeX Info: Redefining \ldots on input line 496.
LaTeX Info: Redefining \dots on input line 499.
LaTeX Info: Redefining \cdots on input line 620.
\Mathstrutbox@=\box50
\strutbox@=\box51
\big@size=\dimen152
LaTeX Font Info:    Redeclaring font encoding OML on input line 743.
LaTeX Font Info:    Redeclaring font encoding OMS on input line 744.
\macc@depth=\count271
\c@MaxMatrixCols=\count272
\dotsspace@=\muskip16
\c@parentequation=\count273
\dspbrk@lvl=\count274
\tag@help=\toks20
\row@=\count275
\column@=\count276
\maxfields@=\count277
\andhelp@=\toks21
\eqnshift@=\dimen153
\alignsep@=\dimen154
\tagshift@=\dimen155
\tagwidth@=\dimen156
\totwidth@=\dimen157
\lineht@=\dimen158
\@envbody=\toks22
\multlinegap=\skip56
\multlinetaggap=\skip57
\mathdisplay@stack=\toks23
LaTeX Info: Redefining \[ on input line 2938.
LaTeX Info: Redefining \] on input line 2939.
)
(/usr/share/texlive/texmf-dist/tex/latex/amsfonts/amssymb.sty
Package: amssymb 2013/01/14 v3.01 AMS font symbols

(/usr/share/texlive/texmf-dist/tex/latex/amsfonts/amsfonts.sty
Package: amsfonts 2013/01/14 v3.01 Basic AMSFonts support
\symAMSa=\mathgroup4
\symAMSb=\mathgroup5
LaTeX Font Info:    Redeclaring math symbol \hbar on input line 98.
LaTeX Font Info:    Overwriting math alphabet `\mathfrak' in version `bold'
(Font)                  U/euf/m/n --> U/euf/b/n on input line 106.
))
(/usr/share/texlive/texmf-dist/tex/latex/tools/bm.sty
Package: bm 2021/04/25 v1.2e Bold Symbol Support (DPC/FMi)
\symboldoperators=\mathgroup6
\symboldletters=\mathgroup7
\symboldsymbols=\mathgroup8
Package bm Info: No bold for \OMX/cmex/m/n, using \pmb.
Package bm Info: No bold for \U/msa/m/n, using \pmb.
Package bm Info: No bold for \U/msb/m/n, using \pmb.
LaTeX Font Info:    Redeclaring math alphabet \mathbf on input line 149.
)
(/usr/share/texlive/texmf-dist/tex/latex/graphics/lscape.sty
Package: lscape 2020/05/28 v3.02 Landscape Pages (DPC)
)
(/usr/share/texlive/texmf-dist/tex/latex/tools/multicol.sty
Package: multicol 2021/10/28 v1.9b multicolumn formatting (FMi)
\c@tracingmulticols=\count278
\mult@box=\box52
\multicol@leftmargin=\dimen159
\c@unbalance=\count279
\c@collectmore=\count280
\doublecol@number=\count281
\multicoltolerance=\count282
\multicolpretolerance=\count283
\full@width=\dimen160
\page@free=\dimen161
\premulticols=\dimen162
\postmulticols=\dimen163
\multicolsep=\skip58
\multicolbaselineskip=\skip59
\partial@page=\box53
\last@line=\box54
\maxbalancingoverflow=\dimen164
\mult@rightbox=\box55
\mult@grightbox=\box56
\mult@firstbox=\box57
\mult@gfirstbox=\box58
\@tempa=\box59
\@tempa=\box60
\@tempa=\box61
\@tempa=\box62
\@tempa=\box63
\@tempa=\box64
\@tempa=\box65
\@tempa=\box66
\@tempa=\box67
\@tempa=\box68
\@tempa=\box69
\@tempa=\box70
\@tempa=\box71
\@tempa=\box72
\@tempa=\box73
\@tempa=\box74
\@tempa=\box75
\@tempa=\box76
\@tempa=\box77
\@tempa=\box78
\@tempa=\box79
\@tempa=\box80
\@tempa=\box81
\@tempa=\box82
\@tempa=\box83
\@tempa=\box84
\@tempa=\box85
\@tempa=\box86
\@tempa=\box87
\@tempa=\box88
\@tempa=\box89
\@tempa=\box90
\@tempa=\box91
\@tempa=\box92
\@tempa=\box93
\@tempa=\box94
\c@minrows=\count284
\c@columnbadness=\count285
\c@finalcolumnbadness=\count286
\last@try=\dimen165
\multicolovershoot=\dimen166
\multicolundershoot=\dimen167
\mult@nat@firstbox=\box95
\colbreak@box=\box96
\mc@col@check@num=\count287
)
(/usr/share/texlive/texmf-dist/tex/latex/tools/longtable.sty
Package: longtable 2021-09-01 v4.17 Multi-page Table package (DPC)
\LTleft=\skip60
\LTright=\skip61
\LTpre=\skip62
\LTpost=\skip63
\LTchunksize=\count288
\LTcapwidth=\dimen168
\LT@head=\box97
\LT@firsthead=\box98
\LT@foot=\box99
\LT@lastfoot=\box100
\LT@gbox=\box101
\LT@cols=\count289
\LT@rows=\count290
\c@LT@tables=\count291
\c@LT@chunks=\count292
\LT@p@ftn=\toks24
) (./rotating.sty
Package: rotating 1997/09/26, v2.13 Rotation package

(/usr/share/texlive/texmf-dist/tex/latex/base/ifthen.sty
Package: ifthen 2020/11/24 v1.1c Standard LaTeX ifthen package (DPC)
)
\c@r@tfl@t=\count293
\rot@float@box=\box102
)
(/usr/share/texlive/texmf-dist/tex/latex/graphics/color.sty
Package: color 2021/12/07 v1.3c Standard LaTeX Color (DPC)

(/usr/share/texlive/texmf-dist/tex/latex/graphics-cfg/color.cfg
File: color.cfg 2016/01/02 v1.6 sample color configuration
)
Package color Info: Driver file: dvips.def on input line 149.

(/usr/share/texlive/texmf-dist/tex/latex/graphics/dvipsnam.def
File: dvipsnam.def 2016/06/17 v3.0m Driver-dependent file (DPC,SPQR)
))
(/usr/share/texlive/texmf-dist/tex/latex/colortbl/colortbl.sty
Package: colortbl 2020/01/04 v1.0e Color table columns (DPC)

(/usr/share/texlive/texmf-dist/tex/latex/tools/array.sty
Package: array 2021/10/04 v2.5f Tabular extension package (FMi)
\col@sep=\dimen169
\ar@mcellbox=\box103
\extrarowheight=\dimen170
\NC@list=\toks25
\extratabsurround=\skip64
\backup@length=\skip65
\ar@cellbox=\box104
)
\everycr=\toks26
\minrowclearance=\skip66
) (./fancyheadings.sty
\headrulewidth=\dimen171
\footrulewidth=\dimen172
\plainheadrulewidth=\dimen173
\plainfootrulewidth=\dimen174
\headwidth=\dimen175
\footruleskip=\dimen176
) (/usr/share/texlive/texmf-dist/tex/latex/natbib/natbib.sty
Package: natbib 2010/09/13 8.31b (PWD, AO)
\bibhang=\skip67
\bibsep=\skip68
LaTeX Info: Redefining \cite on input line 694.
\c@NAT@ctr=\count294
)
(/usr/share/texlive/texmf-dist/tex/latex/geometry/geometry.sty
Package: geometry 2020/01/02 v5.9 Page Geometry

(/usr/share/texlive/texmf-dist/tex/generic/iftex/ifvtex.sty
Package: ifvtex 2019/10/25 v1.7 ifvtex legacy package. Use iftex instead.

(/usr/share/texlive/texmf-dist/tex/generic/iftex/iftex.sty
Package: iftex 2020/03/06 v1.0d TeX engine tests
))
\Gm@cnth=\count295
\Gm@cntv=\count296
\c@Gm@tempcnt=\count297
\Gm@bindingoffset=\dimen177
\Gm@wd@mp=\dimen178
\Gm@odd@mp=\dimen179
\Gm@even@mp=\dimen180
\Gm@layoutwidth=\dimen181
\Gm@layoutheight=\dimen182
\Gm@layouthoffset=\dimen183
\Gm@layoutvoffset=\dimen184
\Gm@dimlist=\toks27
)
(/usr/share/texlive/texmf-dist/tex/latex/setspace/setspace.sty
Package: setspace 2011/12/19 v6.7a set line spacing
)

! LaTeX3 Error: Backend request inconsistent with engine: using 'pdftex'
(LaTeX3)        backend.

For immediate help type H <return>.
 ...                                              
                                                  
l.62 \begin{document}
                     

You have requested backend 'dvips', but this is not suitable for use with the
active engine. LaTeX3 will use the 'pdftex' backend instead.


(/usr/share/texlive/texmf-dist/tex/latex/l3backend/l3backend-pdftex.def
File: l3backend-pdftex.def 2022-01-12 L3 backend support: PDF output (pdfTeX)
\l__color_backend_stack_int=\count298
\l__pdf_internal_box=\box105
)
(./mestrado_final.v1.aux)
\openout1 = `mestrado_final.v1.aux'.

LaTeX Font Info:    Checking defaults for OML/cmm/m/it on input line 62.
LaTeX Font Info:    ... okay on input line 62.
LaTeX Font Info:    Checking defaults for OMS/cmsy/m/n on input line 62.
LaTeX Font Info:    ... okay on input line 62.
LaTeX Font Info:    Checking defaults for OT1/cmr/m/n on input line 62.
LaTeX Font Info:    ... okay on input line 62.
LaTeX Font Info:    Checking defaults for T1/cmr/m/n on input line 62.
LaTeX Font Info:    ... okay on input line 62.
LaTeX Font Info:    Checking defaults for TS1/cmr/m/n on input line 62.
LaTeX Font Info:    ... okay on input line 62.
LaTeX Font Info:    Checking defaults for OMX/cmex/m/n on input line 62.
LaTeX Font Info:    ... okay on input line 62.
LaTeX Font Info:    Checking defaults for U/cmr/m/n on input line 62.
LaTeX Font Info:    ... okay on input line 62.
Package caption Info: Begin \AtBeginDocument code.
Package caption Info: longtable package is loaded.

(/usr/share/texlive/texmf-dist/tex/latex/caption/ltcaption.sty
Package: ltcaption 2020/05/30 v1.4b longtable captions (AR)
)
Package caption Info: rotating package is loaded.
Package caption Info: subfigure package is loaded.
Package caption Info: End \AtBeginDocument code.

*geometry* detected driver: dvips
*geometry* verbose mode - [ preamble ] result:
* driver: dvips
* paper: a4paper
* layout: <same size as paper>
* layoutoffset:(h,v)=(0.0pt,0.0pt)
* modes: 
* h-part:(L,W,R)=(85.35826pt, 441.01773pt, 71.13188pt)
* v-part:(T,H,B)=(85.35826pt, 674.33032pt, 85.35826pt)
* \paperwidth=597.50787pt
* \paperheight=845.04684pt
* \textwidth=441.01773pt
* \textheight=674.33032pt
* \oddsidemargin=13.08827pt
* \evensidemargin=13.08827pt
* \topmargin=-23.91173pt
* \headheight=12.0pt
* \headsep=25.0pt
* \topskip=12.0pt
* \footskip=30.0pt
* \marginparwidth=35.0pt
* \marginparsep=10.0pt
* \columnsep=10.0pt
* \skip\footins=10.8pt plus 4.0pt minus 2.0pt
* \hoffset=0.0pt
* \voffset=0.0pt
* \mag=1000
* \@twocolumnfalse
* \@twosidefalse
* \@mparswitchfalse
* \@reversemarginfalse
* (1in=72.27pt=25.4mm, 1cm=28.453pt)

LaTeX Font Info:    Trying to load font information for U+msa on input line 63.

(/usr/share/texlive/texmf-dist/tex/latex/amsfonts/umsa.fd
File: umsa.fd 2013/01/14 v3.01 AMS symbols A
)
LaTeX Font Info:    Trying to load font information for U+msb on input line 63.


(/usr/share/texlive/texmf-dist/tex/latex/amsfonts/umsb.fd
File: umsb.fd 2013/01/14 v3.01 AMS symbols B
) [1
Non-PDF special ignored!
<special> papersize=597.50787pt,845.04684pt
Non-PDF special ignored!
<special> papersize=597.50787pt,845.04684pt
Non-PDF special ignored!
<special> color push  Black
Non-PDF special ignored!
<special> color pop

Non-PDF special ignored!
<special> color push  Black
Non-PDF special ignored!
<special> color pop
{/var/lib/texmf/fonts/map/pdftex/updmap/pdftex.map}
Non-PDF special ignored!
<special> color push  Black
Non-PDF special ignored!
<special> color pop
] (./mestrado_final.v1.toc [1
Non-PDF special ignored!
<special> color push  Black
Non-PDF special ignored!
<special> color pop

Non-PDF special ignored!
<special> color push  Black
Non-PDF special ignored!
<special> color pop
Non-PDF special ignored!
<special> color push  Black
Non-PDF special ignored!
<special> color pop
Non-PDF special ignored!
<special> color push  Black
Non-PDF special ignored!
<special> color pop
Non-PDF special ignored!
<special> color push  Black
Non-PDF special ignored!
<special> color pop
Non-PDF special ignored!
<special> color push  Black
Non-PDF special ignored!
<special> color pop
Non-PDF special ignored!
<special> color push  Black
Non-PDF special ignored!
<special> color pop
Non-PDF special ignored!
<special> color push  Black
Non-PDF special ignored!
<special> color pop
Non-PDF special ignored!
<special> color push  Black
Non-PDF special ignored!
<special> color pop
Non-PDF special ignored!
<special> color push  Black
Non-PDF special ignored!
<special> color pop
Non-PDF special ignored!
<special> color push  Black
Non-PDF special ignored!
<special> color pop
Non-PDF special ignored!
<special> color push  Black
Non-PDF special ignored!
<special> color pop
Non-PDF special ignored!
<special> color push  Black
Non-PDF special ignored!
<special> color pop
Non-PDF special ignored!
<special> color push  Black
Non-PDF special ignored!
<special> color pop
Non-PDF special ignored!
<special> color push  Black
Non-PDF special ignored!
<special> color pop
Non-PDF special ignored!
<special> color push  Black
Non-PDF special ignored!
<special> color pop
Non-PDF special ignored!
<special> color push  Black
Non-PDF special ignored!
<special> color pop
Non-PDF special ignored!
<special> color push  Black
Non-PDF special ignored!
<special> color pop
Non-PDF special ignored!
<special> color push  Black
Non-PDF special ignored!
<special> color pop
Non-PDF special ignored!
<special> color push  Black
Non-PDF special ignored!
<special> color pop
Non-PDF special ignored!
<special> color push  Black
Non-PDF special ignored!
<special> color pop
Non-PDF special ignored!
<special> color push  Black
Non-PDF special ignored!
<special> color pop
Non-PDF special ignored!
<special> color push  Black
Non-PDF special ignored!
<special> color pop
Non-PDF special ignored!
<special> color push  Black
Non-PDF special ignored!
<special> color pop
Non-PDF special ignored!
<special> color push  Black
Non-PDF special ignored!
<special> color pop
])
\tf@toc=\write3
\openout3 = `mestrado_final.v1.toc'.

 [2
Non-PDF special ignored!
<special> color push  Black
Non-PDF special ignored!
<special> color pop
Non-PDF special ignored!
<special> color push  Black
Non-PDF special ignored!
<special> color pop
Non-PDF special ignored!
<special> color push  Black
Non-PDF special ignored!
<special> color pop
Non-PDF special ignored!
<special> color push  Black
Non-PDF special ignored!
<special> color pop
Non-PDF special ignored!
<special> color push  Black
Non-PDF special ignored!
<special> color pop
Non-PDF special ignored!
<special> color push  Black
Non-PDF special ignored!
<special> color pop
Non-PDF special ignored!
<special> color push  Black
Non-PDF special ignored!
<special> color pop
Non-PDF special ignored!
<special> color push  Black
Non-PDF special ignored!
<special> color pop
Non-PDF special ignored!
<special> color push  Black
Non-PDF special ignored!
<special> color pop
Non-PDF special ignored!
<special> color push  Black
Non-PDF special ignored!
<special> color pop
Non-PDF special ignored!
<special> color push  Black
Non-PDF special ignored!
<special> color pop
Non-PDF special ignored!
<special> color push  Black
Non-PDF special ignored!
<special> color pop
Non-PDF special ignored!
<special> color push  Black
Non-PDF special ignored!
<special> color pop
Non-PDF special ignored!
<special> color push  Black
Non-PDF special ignored!
<special> color pop
Non-PDF special ignored!
<special> color push  Black
Non-PDF special ignored!
<special> color pop
Non-PDF special ignored!
<special> color push  Black
Non-PDF special ignored!
<special> color pop
Non-PDF special ignored!
<special> color push  Black
Non-PDF special ignored!
<special> color pop
Non-PDF special ignored!
<special> color push  Black
Non-PDF special ignored!
<special> color pop
Non-PDF special ignored!
<special> color push  Black
Non-PDF special ignored!
<special> color pop
Non-PDF special ignored!
<special> color push  Black
Non-PDF special ignored!
<special> color pop
]
Chapter 1.
[1
Non-PDF special ignored!
<special> color push  Black
Non-PDF special ignored!
<special> color pop

Non-PDF special ignored!
<special> color push  Black
Non-PDF special ignored!
<special> color pop
]
File: pics/rvpic.eps Graphic file (type eps)
 <pics/rvpic.eps>
File: pics/rv_1995.eps Graphic file (type eps)
 <pics/rv_1995.eps>
LaTeX Font Info:    Trying to load font information for T1+cmss on input line 1
12.

(/usr/share/texlive/texmf-dist/tex/latex/base/t1cmss.fd
File: t1cmss.fd 2019/12/16 v2.5j Standard LaTeX font definitions
)
Overfull \vbox (2.49998pt too high) has occurred while \output is active []


[2
Non-PDF special ignored!
<special> color push  Black
Non-PDF special ignored!
<special> color pop
Non-PDF special ignored!
<special> color push  Black
Non-PDF special ignored!
<special> PSfile="pics/rvpic.eps" llx=14 lly=14 urx=735 ury=555 rhi=1785 
Non-PDF special ignored!
<special> PSfile="pics/rv_1995.eps" llx=14 lly=14 urx=485 ury=454 rhi=1785 
Non-PDF special ignored!
<special> color push  Black
Non-PDF special ignored!
<special> color pop
Non-PDF special ignored!
<special> color pop
Non-PDF special ignored!
<special> color push  Black
Non-PDF special ignored!
<special> color pop
]
File: pics/phototransit.eps Graphic file (type eps)
 <pics/phototransit.eps>

LaTeX Warning: `h' float specifier changed to `ht'.


Overfull \vbox (2.49998pt too high) has occurred while \output is active []


[3
Non-PDF special ignored!
<special> color push  Black
Non-PDF special ignored!
<special> color pop
Non-PDF special ignored!
<special> color push  Black
Non-PDF special ignored!
<special> color pop
Non-PDF special ignored!
<special> color push  Black
Non-PDF special ignored!
<special> color pop
]
Overfull \vbox (2.49998pt too high) has occurred while \output is active []


[4
Non-PDF special ignored!
<special> color push  Black
Non-PDF special ignored!
<special> color pop
Non-PDF special ignored!
<special> color push  Black
Non-PDF special ignored!
<special> PSfile="pics/phototransit.eps" llx=14 lly=28.17317 urx=1037 ury=6...
Non-PDF special ignored!
<special> color push  Black
Non-PDF special ignored!
<special> color pop
Non-PDF special ignored!
<special> color pop
Non-PDF special ignored!
<special> color push  Black
Non-PDF special ignored!
<special> color pop
]
File: pics/microlensing2.eps Graphic file (type eps)
 <pics/microlensing2.eps>
Underfull \hbox (badness 10000) in paragraph at lines 177--181

 []


Overfull \vbox (2.49998pt too high) has occurred while \output is active []


[5
Non-PDF special ignored!
<special> color push  Black
Non-PDF special ignored!
<special> color pop
Non-PDF special ignored!
<special> color push  Black
Non-PDF special ignored!
<special> PSfile="pics/microlensing2.eps" llx=14 lly=28.17317 urx=536 ury=3...
Non-PDF special ignored!
<special> color push  Black
Non-PDF special ignored!
<special> color pop
Non-PDF special ignored!
<special> color pop
Non-PDF special ignored!
<special> color push  Black
Non-PDF special ignored!
<special> color pop
]
File: pics/massplanet3.eps Graphic file (type eps)
 <pics/massplanet3.eps>
Overfull \vbox (2.49998pt too high) has occurred while \output is active []


[6
Non-PDF special ignored!
<special> color push  Black
Non-PDF special ignored!
<special> color pop
Non-PDF special ignored!
<special> color push  Black
Non-PDF special ignored!
<special> PSfile="pics/massplanet3.eps" llx=14 lly=22.50398 urx=728 ury=652...
Non-PDF special ignored!
<special> color push  Black
Non-PDF special ignored!
<special> color pop
Non-PDF special ignored!
<special> color pop
Non-PDF special ignored!
<special> color push  Black
Non-PDF special ignored!
<special> color pop
Non-PDF special ignored!
<special> color push  Black
Non-PDF special ignored!
<special> color pop
]
Overfull \vbox (2.49998pt too high) has occurred while \output is active []


[7
Non-PDF special ignored!
<special> color push  Black
Non-PDF special ignored!
<special> color pop
Non-PDF special ignored!
<special> color push  Black
Non-PDF special ignored!
<special> color pop
]
File: pics/fehhist.eps Graphic file (type eps)
 <pics/fehhist.eps>

LaTeX Warning: `h' float specifier changed to `ht'.


Overfull \vbox (2.49998pt too high) has occurred while \output is active []


[8
Non-PDF special ignored!
<special> color push  Black
Non-PDF special ignored!
<special> color pop
Non-PDF special ignored!
<special> color push  Black
Non-PDF special ignored!
<special> color pop
]
Overfull \vbox (2.49998pt too high) has occurred while \output is active []


[9
Non-PDF special ignored!
<special> color push  Black
Non-PDF special ignored!
<special> color pop
Non-PDF special ignored!
<special> color push  Black
Non-PDF special ignored!
<special> PSfile="pics/fehhist.eps" llx=14 lly=22.50398 urx=714 ury=618.826...
Non-PDF special ignored!
<special> color push  Black
Non-PDF special ignored!
<special> color pop
Non-PDF special ignored!
<special> color pop
Non-PDF special ignored!
<special> color push  Black
Non-PDF special ignored!
<special> color pop
]
Overfull \vbox (2.49998pt too high) has occurred while \output is active []


[10
Non-PDF special ignored!
<special> color push  Black
Non-PDF special ignored!
<special> color pop
Non-PDF special ignored!
<special> color push  Black
Non-PDF special ignored!
<special> color pop
Non-PDF special ignored!
<special> color push  Black
Non-PDF special ignored!
<special> color pop
]
Overfull \vbox (2.49998pt too high) has occurred while \output is active []


[11
Non-PDF special ignored!
<special> color push  Black
Non-PDF special ignored!
<special> color pop
Non-PDF special ignored!
<special> color push  Black
Non-PDF special ignored!
<special> color pop
Non-PDF special ignored!
<special> color push  Black
Non-PDF special ignored!
<special> color pop
]
Chapter 2.
[12
Non-PDF special ignored!
<special> color push  Black
Non-PDF special ignored!
<special> color pop

Non-PDF special ignored!
<special> color push  Black
Non-PDF special ignored!
<special> color pop
]
Overfull \vbox (2.49998pt too high) has occurred while \output is active []


[13
Non-PDF special ignored!
<special> color push  Black
Non-PDF special ignored!
<special> color pop
Non-PDF special ignored!
<special> color push  Black
Non-PDF special ignored!
<special> color pop
]
File: pics/equivalent_width.eps Graphic file (type eps)
 <pics/equivalent_width.eps>
Underfull \hbox (badness 10000) in paragraph at lines 419--419
[]\T1/cmr/m/n/10 Figure 2.1: |Il-lus-tra-tion of a spec-tral line and its equiv
-a-lent width. From:
 []


Overfull \vbox (2.49998pt too high) has occurred while \output is active []


[14
Non-PDF special ignored!
<special> color push  Black
Non-PDF special ignored!
<special> color pop
Non-PDF special ignored!
<special> color push  Black
Non-PDF special ignored!
<special> PSfile="pics/equivalent_width.eps" llx=14 lly=14 urx=395 ury=209 ...
Non-PDF special ignored!
<special> color push  Black
Non-PDF special ignored!
<special> color pop
Non-PDF special ignored!
<special> color pop
Non-PDF special ignored!
<special> color push  Black
Non-PDF special ignored!
<special> color pop
]
File: pics/parte2/curve_of_growth.eps Graphic file (type eps)
 <pics/parte2/curve_of_growth.eps>
File: pics/parte2/line_profile.eps Graphic file (type eps)
 <pics/parte2/line_profile.eps>
Overfull \vbox (2.49998pt too high) has occurred while \output is active []


[15
Non-PDF special ignored!
<special> color push  Black
Non-PDF special ignored!
<special> color pop
Non-PDF special ignored!
<special> color push  Black
Non-PDF special ignored!
<special> PSfile="pics/parte2/curve_of_growth.eps" llx=14 lly=14 urx=307.65...
Non-PDF special ignored!
<special> PSfile="pics/parte2/line_profile.eps" llx=14 lly=14 urx=314.65363...
Non-PDF special ignored!
<special> color push  Black
Non-PDF special ignored!
<special> color pop
Non-PDF special ignored!
<special> color pop
Non-PDF special ignored!
<special> color push  Black
Non-PDF special ignored!
<special> color pop
]
File: pics/parte2/temperature.eps Graphic file (type eps)
 <pics/parte2/temperature.eps>
Overfull \vbox (2.49998pt too high) has occurred while \output is active []


[16
Non-PDF special ignored!
<special> color push  Black
Non-PDF special ignored!
<special> color pop
Non-PDF special ignored!
<special> color push  Black
Non-PDF special ignored!
<special> color pop
Non-PDF special ignored!
<special> color push  Black
Non-PDF special ignored!
<special> color pop
Non-PDF special ignored!
<special> color push  Black
Non-PDF special ignored!
<special> color pop
Non-PDF special ignored!
<special> color push  Black
Non-PDF special ignored!
<special> color pop
Non-PDF special ignored!
<special> color push  Black
Non-PDF special ignored!
<special> PSfile="pics/parte2/temperature.eps" llx=14 lly=14 urx=350 ury=30...
Non-PDF special ignored!
<special> color push  Black
Non-PDF special ignored!
<special> color pop
Non-PDF special ignored!
<special> color pop
Non-PDF special ignored!
<special> color push  Black
Non-PDF special ignored!
<special> color pop
]
File: pics/parte2/pressure.eps Graphic file (type eps)
 <pics/parte2/pressure.eps>
File: pics/parte2/pressure2.eps Graphic file (type eps)
 <pics/parte2/pressure2.eps>
Overfull \vbox (2.49998pt too high) has occurred while \output is active []


[17
Non-PDF special ignored!
<special> color push  Black
Non-PDF special ignored!
<special> color pop
Non-PDF special ignored!
<special> color push  Black
Non-PDF special ignored!
<special> color pop
Non-PDF special ignored!
<special> color push  Black
Non-PDF special ignored!
<special> color pop
Non-PDF special ignored!
<special> color push  Black
Non-PDF special ignored!
<special> color pop
Non-PDF special ignored!
<special> color push  Black
Non-PDF special ignored!
<special> PSfile="pics/parte2/pressure.eps" llx=14 lly=14 urx=387 ury=273 r...
Non-PDF special ignored!
<special> PSfile="pics/parte2/pressure2.eps" llx=14 lly=14 urx=182 ury=145 ...
Non-PDF special ignored!
<special> color push  Black
Non-PDF special ignored!
<special> color pop
Non-PDF special ignored!
<special> color pop
Non-PDF special ignored!
<special> color push  Black
Non-PDF special ignored!
<special> color pop
]
File: pics/parte2/vtur.eps Graphic file (type eps)
 <pics/parte2/vtur.eps>
Overfull \vbox (2.49998pt too high) has occurred while \output is active []


[18
Non-PDF special ignored!
<special> color push  Black
Non-PDF special ignored!
<special> color pop
Non-PDF special ignored!
<special> color push  Black
Non-PDF special ignored!
<special> PSfile="pics/parte2/vtur.eps" llx=14 lly=14 urx=356 ury=233 rhi=1...
Non-PDF special ignored!
<special> color push  Black
Non-PDF special ignored!
<special> color pop
Non-PDF special ignored!
<special> color pop
Non-PDF special ignored!
<special> color push  Black
Non-PDF special ignored!
<special> color pop
]
Overfull \vbox (2.49998pt too high) has occurred while \output is active []


[19
Non-PDF special ignored!
<special> color push  Black
Non-PDF special ignored!
<special> color pop
Non-PDF special ignored!
<special> color push  Black
Non-PDF special ignored!
<special> color pop
]
Chapter 3.
[20
Non-PDF special ignored!
<special> color push  Black
Non-PDF special ignored!
<special> color pop

Non-PDF special ignored!
<special> color push  Black
Non-PDF special ignored!
<special> color pop
Non-PDF special ignored!
<special> color push  Black
Non-PDF special ignored!
<special> color pop
]
Overfull \vbox (2.49998pt too high) has occurred while \output is active []


[21
Non-PDF special ignored!
<special> color push  Black
Non-PDF special ignored!
<special> color pop
Non-PDF special ignored!
<special> color push  Black
Non-PDF special ignored!
<special> color push  Black
Non-PDF special ignored!
<special> color pop
Non-PDF special ignored!
<special> color pop
Non-PDF special ignored!
<special> color push  Black
Non-PDF special ignored!
<special> color pop
Non-PDF special ignored!
<special> color push  Black
Non-PDF special ignored!
<special> color pop
]
File: pics/parte3/eskemafinalv6.eps Graphic file (type eps)
 <pics/parte3/eskemafinalv6.eps>
Overfull \vbox (2.49998pt too high) has occurred while \output is active []


[22
Non-PDF special ignored!
<special> color push  Black
Non-PDF special ignored!
<special> color pop
Non-PDF special ignored!
<special> color push  Black
Non-PDF special ignored!
<special> PSfile="pics/parte3/eskemafinalv6.eps" llx=0 lly=0 urx=596 ury=71...
Non-PDF special ignored!
<special> color push  Black
Non-PDF special ignored!
<special> color pop
Non-PDF special ignored!
<special> color pop
Non-PDF special ignored!
<special> color push  Black
Non-PDF special ignored!
<special> color pop
]
Overfull \hbox (52.34636pt too wide) in paragraph at lines 674--674
[][]\T1/cmr/m/n/10 Collection of HARPS so-lar spec-tra: $\OML/cmm/m/it/10 http 
\OT1/cmr/m/n/10 : \OML/cmm/m/it/10 ==www:ls:eso:org=lasilla=sciops=\OT1/cmr/m/n
/10 3\OML/cmm/m/it/10 p\OT1/cmr/m/n/10 6\OML/cmm/m/it/10 =harps=monitoring=sun:
html$| 
 []


Overfull \vbox (2.49998pt too high) has occurred while \output is active []


[23
Non-PDF special ignored!
<special> color push  Black
Non-PDF special ignored!
<special> color pop
Non-PDF special ignored!
<special> color push  Black
Non-PDF special ignored!
<special> color pop
Non-PDF special ignored!
<special> color push  Black
Non-PDF special ignored!
<special> color pop
]
Overfull \vbox (2.49998pt too high) has occurred while \output is active []


[24
Non-PDF special ignored!
<special> color push  Black
Non-PDF special ignored!
<special> color pop
Non-PDF special ignored!
<special> color push  Black
Non-PDF special ignored!
<special> color pop
Non-PDF special ignored!
<special> color push  Black
Non-PDF special ignored!
<special> color pop
]
Overfull \vbox (2.49998pt too high) has occurred while \output is active []


[25
Non-PDF special ignored!
<special> color push  Black
Non-PDF special ignored!
<special> color pop
Non-PDF special ignored!
<special> color push  Black
Non-PDF special ignored!
<special> color pop
]
Overfull \vbox (2.49998pt too high) has occurred while \output is active []


[26
Non-PDF special ignored!
<special> color push  Black
Non-PDF special ignored!
<special> color pop
Non-PDF special ignored!
<special> color push  Black
Non-PDF special ignored!
<special> color pop
]
File: pics/Ni20.eps Graphic file (type eps)
 <pics/Ni20.eps>
Overfull \vbox (2.49998pt too high) has occurred while \output is active []


[27
Non-PDF special ignored!
<special> color push  Black
Non-PDF special ignored!
<special> color pop
Non-PDF special ignored!
<special> color push  Black
Non-PDF special ignored!
<special> ps: gsave currentpoint currentpoint translate -90 neg rotate neg ...
Non-PDF special ignored!
<special> PSfile="pics/Ni20.eps" llx=22 lly=16 urx=596 ury=784 rhi=3685 
Non-PDF special ignored!
<special> ps: currentpoint grestore moveto
Non-PDF special ignored!
<special> color push  Black
Non-PDF special ignored!
<special> color pop
Non-PDF special ignored!
<special> color pop
Non-PDF special ignored!
<special> color push  Black
Non-PDF special ignored!
<special> color pop
]
Overfull \vbox (2.49998pt too high) has occurred while \output is active []


[28
Non-PDF special ignored!
<special> color push  Black
Non-PDF special ignored!
<special> color pop
Non-PDF special ignored!
<special> color push  Black
Non-PDF special ignored!
<special> color push  Black
Non-PDF special ignored!
<special> color pop
Non-PDF special ignored!
<special> color pop
Non-PDF special ignored!
<special> color push  Black
Non-PDF special ignored!
<special> color pop
]
Overfull \vbox (2.49998pt too high) has occurred while \output is active []


[29
Non-PDF special ignored!
<special> color push  Black
Non-PDF special ignored!
<special> color pop
Non-PDF special ignored!
<special> color push  Black
Non-PDF special ignored!
<special> color pop
]
File: pics/parte3/moogpicniq.eps Graphic file (type eps)
 <pics/parte3/moogpicniq.eps>
File: pics/parte3/EP.eps Graphic file (type eps)
 <pics/parte3/EP.eps>

LaTeX Warning: `!h' float specifier changed to `!ht'.

File: pics/parte3/RW.eps Graphic file (type eps)
<pics/parte3/RW.eps>

LaTeX Warning: `!h' float specifier changed to `!ht'.


Overfull \vbox (2.49998pt too high) has occurred while \output is active []


[30
Non-PDF special ignored!
<special> color push  Black
Non-PDF special ignored!
<special> color pop
Non-PDF special ignored!
<special> color push  Black
Non-PDF special ignored!
<special> PSfile="pics/parte3/moogpicniq.eps" llx=14 lly=14 urx=584 ury=483...
Non-PDF special ignored!
<special> color push  Black
Non-PDF special ignored!
<special> color pop
Non-PDF special ignored!
<special> color pop
Non-PDF special ignored!
<special> color push  Black
Non-PDF special ignored!
<special> color pop
]
Overfull \vbox (2.49998pt too high) has occurred while \output is active []


[31
Non-PDF special ignored!
<special> color push  Black
Non-PDF special ignored!
<special> color pop
Non-PDF special ignored!
<special> color push  Black
Non-PDF special ignored!
<special> ps: currentpoint currentpoint translate 0.4599 0.4599 scale neg e...
Non-PDF special ignored!
<special> ps: gsave currentpoint currentpoint translate -90 neg rotate neg ...
Non-PDF special ignored!
<special> PSfile="pics/parte3/EP.eps" llx=44.6771 lly=16 urx=581.82683 ury=...
Non-PDF special ignored!
<special> ps: currentpoint grestore moveto
Non-PDF special ignored!
<special> ps: currentpoint currentpoint translate 1 0.4599 div 1 0.4599 div...
Non-PDF special ignored!
<special> color push  Black
Non-PDF special ignored!
<special> color pop
Non-PDF special ignored!
<special> color pop
Non-PDF special ignored!
<special> color push  Black
Non-PDF special ignored!
<special> ps: currentpoint currentpoint translate 0.4599 0.4599 scale neg e...
Non-PDF special ignored!
<special> ps: gsave currentpoint currentpoint translate -90 neg rotate neg ...
Non-PDF special ignored!
<special> PSfile="pics/parte3/RW.eps" llx=44.6771 lly=16 urx=581.82683 ury=...
Non-PDF special ignored!
<special> ps: currentpoint grestore moveto
Non-PDF special ignored!
<special> ps: currentpoint currentpoint translate 1 0.4599 div 1 0.4599 div...
Non-PDF special ignored!
<special> color push  Black
Non-PDF special ignored!
<special> color pop
Non-PDF special ignored!
<special> color pop
Non-PDF special ignored!
<special> color push  Black
Non-PDF special ignored!
<special> color pop
]
File: pics/parte3/CrICrII.eps Graphic file (type eps)
 <pics/parte3/CrICrII.eps>
File: pics/parte3/xfeteff.eps Graphic file (type eps)
 <pics/parte3/xfeteff.eps>
Overfull \hbox (14.22635pt too wide) in paragraph at lines 904--905
 [][] 
 []


LaTeX Warning: `!h' float specifier changed to `!ht'.

File: pics/parte3/xfelogg.eps Graphic file (type eps)
<pics/parte3/xfelogg.eps>
Overfull \hbox (14.22635pt too wide) in paragraph at lines 910--911
 [][] 
 []


LaTeX Warning: `!h' float specifier changed to `!ht'.


Overfull \vbox (2.49998pt too high) has occurred while \output is active []


[32
Non-PDF special ignored!
<special> color push  Black
Non-PDF special ignored!
<special> color pop
Non-PDF special ignored!
<special> color push  Black
Non-PDF special ignored!
<special> ps: currentpoint currentpoint translate 0.4599 0.4599 scale neg e...
Non-PDF special ignored!
<special> ps: gsave currentpoint currentpoint translate -90 neg rotate neg ...
Non-PDF special ignored!
<special> PSfile="pics/parte3/CrICrII.eps" llx=36.17317 lly=16 urx=312.5361...
Non-PDF special ignored!
<special> ps: currentpoint grestore moveto
Non-PDF special ignored!
<special> ps: currentpoint currentpoint translate 1 0.4599 div 1 0.4599 div...
Non-PDF special ignored!
<special> color push  Black
Non-PDF special ignored!
<special> color pop
Non-PDF special ignored!
<special> color pop
Non-PDF special ignored!
<special> color push  Black
Non-PDF special ignored!
<special> color push  Black
Non-PDF special ignored!
<special> color pop
Non-PDF special ignored!
<special> color pop
Non-PDF special ignored!
<special> color push  Black
Non-PDF special ignored!
<special> color pop
]
Overfull \vbox (2.49998pt too high) has occurred while \output is active []


[33
Non-PDF special ignored!
<special> color push  Black
Non-PDF special ignored!
<special> color pop
Non-PDF special ignored!
<special> color push  Black
Non-PDF special ignored!
<special> PSfile="pics/parte3/xfeteff.eps" llx=20 lly=59.51956 urx=592 ury=...
Non-PDF special ignored!
<special> color push  Black
Non-PDF special ignored!
<special> color pop
Non-PDF special ignored!
<special> color pop
Non-PDF special ignored!
<special> color push  Black
Non-PDF special ignored!
<special> color pop
]
Overfull \vbox (2.49998pt too high) has occurred while \output is active []


[34
Non-PDF special ignored!
<special> color push  Black
Non-PDF special ignored!
<special> color pop
Non-PDF special ignored!
<special> color push  Black
Non-PDF special ignored!
<special> PSfile="pics/parte3/xfelogg.eps" llx=20 lly=59.51956 urx=592 ury=...
Non-PDF special ignored!
<special> color push  Black
Non-PDF special ignored!
<special> color pop
Non-PDF special ignored!
<special> color pop
Non-PDF special ignored!
<special> color push  Black
Non-PDF special ignored!
<special> color pop
]
Overfull \vbox (2.49998pt too high) has occurred while \output is active []


[35
Non-PDF special ignored!
<special> color push  Black
Non-PDF special ignored!
<special> color pop
Non-PDF special ignored!
<special> color push  Black
Non-PDF special ignored!
<special> color pop
]
Chapter 4.
File: pics/parte4/comp.eps Graphic file (type eps)
<pics/parte4/comp.eps>
Overfull \hbox (14.22635pt too wide) in paragraph at lines 967--968
 [][] 
 []

[36
Non-PDF special ignored!
<special> color push  Black
Non-PDF special ignored!
<special> color pop

Non-PDF special ignored!
<special> color push  Black
Non-PDF special ignored!
<special> color push  Black
Non-PDF special ignored!
<special> color pop
Non-PDF special ignored!
<special> color pop
Non-PDF special ignored!
<special> color push  Black
Non-PDF special ignored!
<special> color pop
]
Overfull \vbox (2.49998pt too high) has occurred while \output is active []


[37
Non-PDF special ignored!
<special> color push  Black
Non-PDF special ignored!
<special> color pop
Non-PDF special ignored!
<special> color push  Black
Non-PDF special ignored!
<special> PSfile="pics/parte4/comp.eps" llx=20 lly=59.51956 urx=592 ury=750...
Non-PDF special ignored!
<special> color push  Black
Non-PDF special ignored!
<special> color pop
Non-PDF special ignored!
<special> color pop
Non-PDF special ignored!
<special> color push  Black
Non-PDF special ignored!
<special> color pop
]

Package caption Warning: \label without proper reference on input line 994.
See the caption package documentation for explanation.


LaTeX Warning: Reference `avgabund' on page 38 undefined on input line 1024.


Overfull \vbox (2.49998pt too high) has occurred while \output is active []


[38
Non-PDF special ignored!
<special> color push  Black
Non-PDF special ignored!
<special> color pop
Non-PDF special ignored!
<special> color push  Black
Non-PDF special ignored!
<special> color push  Black
Non-PDF special ignored!
<special> color pop
Non-PDF special ignored!
<special> color pop
Non-PDF special ignored!
<special> color push  Black
Non-PDF special ignored!
<special> color pop
]
File: pics/parte4/histxhfinal.eps Graphic file (type eps)
 <pics/parte4/histxhfinal.eps>
Overfull \hbox (14.22635pt too wide) in paragraph at lines 1029--1030
 [][] 
 []


Overfull \vbox (2.49998pt too high) has occurred while \output is active []


[39
Non-PDF special ignored!
<special> color push  Black
Non-PDF special ignored!
<special> color pop
Non-PDF special ignored!
<special> color push  Black
Non-PDF special ignored!
<special> PSfile="pics/parte4/histxhfinal.eps" llx=20 lly=59.51956 urx=592 ...
Non-PDF special ignored!
<special> color push  Black
Non-PDF special ignored!
<special> color pop
Non-PDF special ignored!
<special> color pop
Non-PDF special ignored!
<special> color push  Black
Non-PDF special ignored!
<special> color pop
]
File: pics/parte4/xfefehfinal/xfefehtfinal.eps Graphic file (type eps)
 <pics/parte4/xfefehfinal/xfefehtfinal.eps>
Overfull \hbox (14.22635pt too wide) in paragraph at lines 1077--1078
 [][] 
 []


LaTeX Warning: `!h' float specifier changed to `!ht'.

File: pics/parte4/xfefehfinal/xfefehtsolfinal.eps Graphic file (type eps)
<pics/parte4/xfefehfinal/xfefehtsolfinal.eps>
Overfull \hbox (14.22635pt too wide) in paragraph at lines 1088--1089
 [][] 
 []


Overfull \vbox (2.49998pt too high) has occurred while \output is active []


[40
Non-PDF special ignored!
<special> color push  Black
Non-PDF special ignored!
<special> color pop
Non-PDF special ignored!
<special> color push  Black
Non-PDF special ignored!
<special> color pop
]

LaTeX Warning: `!h' float specifier changed to `!ht'.


Overfull \vbox (2.49998pt too high) has occurred while \output is active []


[41
Non-PDF special ignored!
<special> color push  Black
Non-PDF special ignored!
<special> color pop
Non-PDF special ignored!
<special> color push  Black
Non-PDF special ignored!
<special> PSfile="pics/parte4/xfefehfinal/xfefehtfinal.eps" llx=20 lly=73.6...
Non-PDF special ignored!
<special> color push  Black
Non-PDF special ignored!
<special> color pop
Non-PDF special ignored!
<special> color pop
Non-PDF special ignored!
<special> color push  Black
Non-PDF special ignored!
<special> color pop
]
Overfull \vbox (2.49998pt too high) has occurred while \output is active []


[42
Non-PDF special ignored!
<special> color push  Black
Non-PDF special ignored!
<special> color pop
Non-PDF special ignored!
<special> color push  Black
Non-PDF special ignored!
<special> PSfile="pics/parte4/xfefehfinal/xfefehtsolfinal.eps" llx=20 lly=7...
Non-PDF special ignored!
<special> color push  Black
Non-PDF special ignored!
<special> color pop
Non-PDF special ignored!
<special> color pop
Non-PDF special ignored!
<special> color push  Black
Non-PDF special ignored!
<special> color pop
]
Overfull \vbox (2.49998pt too high) has occurred while \output is active []


[43
Non-PDF special ignored!
<special> color push  Black
Non-PDF special ignored!
<special> color pop
Non-PDF special ignored!
<special> color push  Black
Non-PDF special ignored!
<special> color pop
]
Overfull \vbox (2.49998pt too high) has occurred while \output is active []


[44
Non-PDF special ignored!
<special> color push  Black
Non-PDF special ignored!
<special> color pop
Non-PDF special ignored!
<special> color push  Black
Non-PDF special ignored!
<special> color pop
]
Chapter 5.
[45
Non-PDF special ignored!
<special> color push  Black
Non-PDF special ignored!
<special> color pop

Non-PDF special ignored!
<special> color push  Black
Non-PDF special ignored!
<special> color pop
Non-PDF special ignored!
<special> color push  Black
Non-PDF special ignored!
<special> color pop
Non-PDF special ignored!
<special> color push  Black
Non-PDF special ignored!
<special> color pop
]
Overfull \vbox (2.49998pt too high) has occurred while \output is active []


[46
Non-PDF special ignored!
<special> color push  Black
Non-PDF special ignored!
<special> color pop
Non-PDF special ignored!
<special> color push  Black
Non-PDF special ignored!
<special> color pop
Non-PDF special ignored!
<special> color push  Black
Non-PDF special ignored!
<special> color pop
Non-PDF special ignored!
<special> color push  Black
Non-PDF special ignored!
<special> color pop
Non-PDF special ignored!
<special> color push  Black
Non-PDF special ignored!
<special> color pop
Non-PDF special ignored!
<special> color push  Black
Non-PDF special ignored!
<special> color pop
Non-PDF special ignored!
<special> color push  Black
Non-PDF special ignored!
<special> color pop
Non-PDF special ignored!
<special> color push  Black
Non-PDF special ignored!
<special> color pop
Non-PDF special ignored!
<special> color push  Black
Non-PDF special ignored!
<special> color pop
] (./mestrado_final.v1.bbl) (./mestrado_final.v1.aux)

LaTeX Warning: There were undefined references.

 )
(\end occurred inside a group at level 2)

### simple group (level 2) entered at line 728 ({)
### simple group (level 1) entered at line 262 ({)
### bottom level 
Here is how much of TeX's memory you used:
 6003 strings out of 480204
 96163 string characters out of 5895010
 457782 words of memory out of 5000000
 23819 multiletter control sequences out of 15000+600000
 496175 words of font info for 98 fonts, out of 8000000 for 9000
 36 hyphenation exceptions out of 8191
 55i,12n,63p,1415b,433s stack positions out of 5000i,500n,10000p,200000b,80000s
 </home/vneves/.texlive2021/texmf-var/fonts/pk/ljfour/jknappen/
ec/tcrm1200.600pk> </home/vneves/.texlive2021/texmf-var/fonts/pk/ljfour/jknappe
n/ec/ecbx0600.600pk> </home/vneves/.texlive2021/texmf-var/fonts/pk/ljfour/jknap
pen/ec/ecrm0600.600pk> </home/vneves/.texlive2021/texmf-var/fonts/pk/ljfour/jkn
appen/ec/ecbx1440.600pk> </home/vneves/.texlive2021/texmf-var/fonts/pk/ljfour/j
knappen/ec/ecti1000.600pk> </home/vneves/.texlive2021/texmf-var/fonts/pk/ljfour
/jknappen/ec/ecrm0700.600pk> </home/vneves/.texlive2021/texmf-var/fonts/pk/ljfo
ur/jknappen/ec/ecrm0800.600pk> </home/vneves/.texlive2021/texmf-var/fonts/pk/lj
four/jknappen/ec/ecrm1000.600pk> </home/vneves/.texlive2021/texmf-var/fonts/pk/
ljfour/jknappen/ec/ecss1200.600pk> </home/vneves/.texlive2021/texmf-var/fonts/p
k/ljfour/jknappen/ec/ecbx1728.600pk> </home/vneves/.texlive2021/texmf-var/fonts
/pk/ljfour/jknappen/ec/ecrm1200.600pk> </home/vneves/.texlive2021/texmf-var/fon
ts/pk/ljfour/jknappen/ec/ecbx1200.600pk> </home/vneves/.texlive2021/texmf-var/f
onts/pk/ljfour/jknappen/ec/ecbx2488.600pk> </home/vneves/.texlive2021/texmf-var
/fonts/pk/ljfour/jknappen/ec/ecrm1440.600pk> </home/vneves/.texlive2021/texmf-v
ar/fonts/pk/ljfour/jknappen/ec/ecrm2074.600pk></usr/share/texlive/texmf-dist/fo
nts/type1/public/amsfonts/cm/cmex10.pfb></usr/share/texlive/texmf-dist/fonts/ty
pe1/public/amsfonts/cm/cmmi10.pfb></usr/share/texlive/texmf-dist/fonts/type1/pu
blic/amsfonts/cm/cmmi12.pfb></usr/share/texlive/texmf-dist/fonts/type1/public/a
msfonts/cm/cmmi5.pfb></usr/share/texlive/texmf-dist/fonts/type1/public/amsfonts
/cm/cmmi6.pfb></usr/share/texlive/texmf-dist/fonts/type1/public/amsfonts/cm/cmm
i7.pfb></usr/share/texlive/texmf-dist/fonts/type1/public/amsfonts/cm/cmmi8.pfb>
</usr/share/texlive/texmf-dist/fonts/type1/public/amsfonts/cm/cmr10.pfb></usr/s
hare/texlive/texmf-dist/fonts/type1/public/amsfonts/cm/cmr12.pfb></usr/share/te
xlive/texmf-dist/fonts/type1/public/amsfonts/cm/cmr6.pfb></usr/share/texlive/te
xmf-dist/fonts/type1/public/amsfonts/cm/cmr7.pfb></usr/share/texlive/texmf-dist
/fonts/type1/public/amsfonts/cm/cmr8.pfb></usr/share/texlive/texmf-dist/fonts/t
ype1/public/amsfonts/cm/cmsy10.pfb></usr/share/texlive/texmf-dist/fonts/type1/p
ublic/amsfonts/cm/cmsy5.pfb></usr/share/texlive/texmf-dist/fonts/type1/public/a
msfonts/cm/cmsy7.pfb></usr/share/texlive/texmf-dist/fonts/type1/public/amsfonts
/cm/cmsy8.pfb></usr/share/texlive/texmf-dist/fonts/type1/public/amsfonts/symbol
s/msam10.pfb></usr/share/texlive/texmf-dist/fonts/type1/public/amsfonts/symbols
/msbm10.pfb>
Output written on mestrado_final.v1.pdf (49 pages, 463365 bytes).
PDF statistics:
 886 PDF objects out of 1000 (max. 8388607)
 225 compressed objects within 3 object streams
 0 named destinations out of 1000 (max. 500000)
 1 words of extra memory for PDF output out of 10000 (max. 10000000)

