This is pdfTeX, Version 3.141592-1.40.4 (MiKTeX 2.7 Beta 4) (preloaded format=latex 2008.6.17)  17 JUN 2008 20:46
entering extended mode
**mestrado_beta.v8.tex
(mestrado_beta.v8.tex
LaTeX2e <2005/12/01>
Babel <v3.8h> and hyphenation patterns for english, dumylang, nohyphenation, ge
rman, ngerman, french, loaded.
("C:\Program Files\MiKTeX 2.7\tex\latex\base\report.cls"
Document Class: report 2005/09/16 v1.4f Standard LaTeX document class
("C:\Program Files\MiKTeX 2.7\tex\latex\base\size12.clo"
File: size12.clo 2005/09/16 v1.4f Standard LaTeX file (size option)
)
\c@part=\count79
\c@chapter=\count80
\c@section=\count81
\c@subsection=\count82
\c@subsubsection=\count83
\c@paragraph=\count84
\c@subparagraph=\count85
\c@figure=\count86
\c@table=\count87
\abovecaptionskip=\skip41
\belowcaptionskip=\skip42
\bibindent=\dimen102
)
("C:\Program Files\MiKTeX 2.7\tex\latex\graphics\graphicx.sty"
Package: graphicx 1999/02/16 v1.0f Enhanced LaTeX Graphics (DPC,SPQR)

("C:\Program Files\MiKTeX 2.7\tex\latex\graphics\keyval.sty"
Package: keyval 1999/03/16 v1.13 key=value parser (DPC)
\KV@toks@=\toks14
)
("C:\Program Files\MiKTeX 2.7\tex\latex\graphics\graphics.sty"
Package: graphics 2006/02/20 v1.0o Standard LaTeX Graphics (DPC,SPQR)

("C:\Program Files\MiKTeX 2.7\tex\latex\graphics\trig.sty"
Package: trig 1999/03/16 v1.09 sin cos tan (DPC)
)
("C:\Program Files\MiKTeX 2.7\tex\latex\00miktex\graphics.cfg"
File: graphics.cfg 2007/01/18 v1.5 graphics configuration of teTeX/TeXLive
)
Package graphics Info: Driver file: dvips.def on input line 90.

("C:\Program Files\MiKTeX 2.7\tex\latex\graphics\dvips.def"
File: dvips.def 1999/02/16 v3.0i Driver-dependant file (DPC,SPQR)
))
\Gin@req@height=\dimen103
\Gin@req@width=\dimen104
)
("C:\Program Files\MiKTeX 2.7\tex\latex\base\inputenc.sty"
Package: inputenc 2006/05/05 v1.1b Input encoding file
\inpenc@prehook=\toks15
\inpenc@posthook=\toks16

("C:\Program Files\MiKTeX 2.7\tex\latex\base\latin1.def"
File: latin1.def 2006/05/05 v1.1b Input encoding file
))
("C:\Program Files\MiKTeX 2.7\tex\latex\base\fontenc.sty"
Package: fontenc 2005/09/27 v1.99g Standard LaTeX package

("C:\Program Files\MiKTeX 2.7\tex\latex\base\t1enc.def"
File: t1enc.def 2005/09/27 v1.99g Standard LaTeX file
LaTeX Font Info:    Redeclaring font encoding T1 on input line 43.
))
("C:\Program Files\MiKTeX 2.7\tex\latex\caption\caption.sty"
Package: caption 2007/10/25 v3.1d Customising captions (AR)

("C:\Program Files\MiKTeX 2.7\tex\latex\caption\caption3.sty"
Package: caption3 2007/10/25 v3.1d caption3 kernel (AR)
\captionmargin=\dimen105
\captionmargin@=\dimen106
\captionwidth=\dimen107
\caption@indent=\dimen108
\caption@parindent=\dimen109
\caption@hangindent=\dimen110
)
\c@ContinuedFloat=\count88
)
("C:\Program Files\MiKTeX 2.7\tex\latex\subfigure\subfigure.sty"
Package: subfigure 2002/07/30 v2.1.4 subfigure package
\subfigtopskip=\skip43
\subfigcapskip=\skip44
\subfigcaptopadj=\dimen111
\subfigbottomskip=\skip45
\subfigcapmargin=\dimen112
\subfiglabelskip=\skip46
\c@subfigure=\count89
\c@lofdepth=\count90
\c@subtable=\count91
\c@lotdepth=\count92

****************************************
* Local config file subfigure.cfg used *
****************************************
("C:\Program Files\MiKTeX 2.7\tex\latex\subfigure\subfigure.cfg")
\subfig@top=\skip47
\subfig@bottom=\skip48
)
("C:\Program Files\MiKTeX 2.7\tex\latex\amsmath\amsmath.sty"
Package: amsmath 2000/07/18 v2.13 AMS math features
\@mathmargin=\skip49

For additional information on amsmath, use the `?' option.
("C:\Program Files\MiKTeX 2.7\tex\latex\amsmath\amstext.sty"
Package: amstext 2000/06/29 v2.01

("C:\Program Files\MiKTeX 2.7\tex\latex\amsmath\amsgen.sty"
File: amsgen.sty 1999/11/30 v2.0
\@emptytoks=\toks17
\ex@=\dimen113
))
("C:\Program Files\MiKTeX 2.7\tex\latex\amsmath\amsbsy.sty"
Package: amsbsy 1999/11/29 v1.2d
\pmbraise@=\dimen114
)
("C:\Program Files\MiKTeX 2.7\tex\latex\amsmath\amsopn.sty"
Package: amsopn 1999/12/14 v2.01 operator names
)
\inf@bad=\count93
LaTeX Info: Redefining \frac on input line 211.
\uproot@=\count94
\leftroot@=\count95
LaTeX Info: Redefining \overline on input line 307.
\classnum@=\count96
\DOTSCASE@=\count97
LaTeX Info: Redefining \ldots on input line 379.
LaTeX Info: Redefining \dots on input line 382.
LaTeX Info: Redefining \cdots on input line 467.
\Mathstrutbox@=\box26
\strutbox@=\box27
\big@size=\dimen115
LaTeX Font Info:    Redeclaring font encoding OML on input line 567.
LaTeX Font Info:    Redeclaring font encoding OMS on input line 568.
\macc@depth=\count98
\c@MaxMatrixCols=\count99
\dotsspace@=\muskip10
\c@parentequation=\count100
\dspbrk@lvl=\count101
\tag@help=\toks18
\row@=\count102
\column@=\count103
\maxfields@=\count104
\andhelp@=\toks19
\eqnshift@=\dimen116
\alignsep@=\dimen117
\tagshift@=\dimen118
\tagwidth@=\dimen119
\totwidth@=\dimen120
\lineht@=\dimen121
\@envbody=\toks20
\multlinegap=\skip50
\multlinetaggap=\skip51
\mathdisplay@stack=\toks21
LaTeX Info: Redefining \[ on input line 2666.
LaTeX Info: Redefining \] on input line 2667.
)
("C:\Program Files\MiKTeX 2.7\tex\latex\amsfonts\amssymb.sty"
Package: amssymb 2002/01/22 v2.2d

("C:\Program Files\MiKTeX 2.7\tex\latex\amsfonts\amsfonts.sty"
Package: amsfonts 2001/10/25 v2.2f
\symAMSa=\mathgroup4
\symAMSb=\mathgroup5
LaTeX Font Info:    Overwriting math alphabet `\mathfrak' in version `bold'
(Font)                  U/euf/m/n --> U/euf/b/n on input line 132.
))
("C:\Program Files\MiKTeX 2.7\tex\latex\tools\bm.sty"
Package: bm 2004/02/26 v1.1c Bold Symbol Support (DPC/FMi)
\symboldoperators=\mathgroup6
\symboldletters=\mathgroup7
\symboldsymbols=\mathgroup8
LaTeX Font Info:    Redeclaring math alphabet \mathbf on input line 137.
LaTeX Info: Redefining \bm on input line 203.
)
("C:\Program Files\MiKTeX 2.7\tex\latex\graphics\lscape.sty"
Package: lscape 2000/10/22 v3.01 Landscape Pages (DPC)
)
("C:\Program Files\MiKTeX 2.7\tex\latex\tools\multicol.sty"
Package: multicol 2006/05/18 v1.6g multicolumn formatting (FMi)
\c@tracingmulticols=\count105
\mult@box=\box28
\multicol@leftmargin=\dimen122
\c@unbalance=\count106
\c@collectmore=\count107
\doublecol@number=\count108
\multicoltolerance=\count109
\multicolpretolerance=\count110
\full@width=\dimen123
\page@free=\dimen124
\premulticols=\dimen125
\postmulticols=\dimen126
\multicolsep=\skip52
\multicolbaselineskip=\skip53
\partial@page=\box29
\last@line=\box30
\mult@rightbox=\box31
\mult@grightbox=\box32
\mult@gfirstbox=\box33
\mult@firstbox=\box34
\@tempa=\box35
\@tempa=\box36
\@tempa=\box37
\@tempa=\box38
\@tempa=\box39
\@tempa=\box40
\@tempa=\box41
\@tempa=\box42
\@tempa=\box43
\@tempa=\box44
\@tempa=\box45
\@tempa=\box46
\@tempa=\box47
\@tempa=\box48
\@tempa=\box49
\@tempa=\box50
\@tempa=\box51
\c@columnbadness=\count111
\c@finalcolumnbadness=\count112
\last@try=\dimen127
\multicolovershoot=\dimen128
\multicolundershoot=\dimen129
\mult@nat@firstbox=\box52
\colbreak@box=\box53
)
("C:\Program Files\MiKTeX 2.7\tex\latex\tools\longtable.sty"
Package: longtable 2004/02/01 v4.11 Multi-page Table package (DPC)
\LTleft=\skip54
\LTright=\skip55
\LTpre=\skip56
\LTpost=\skip57
\LTchunksize=\count113
\LTcapwidth=\dimen130
\LT@head=\box54
\LT@firsthead=\box55
\LT@foot=\box56
\LT@lastfoot=\box57
\LT@cols=\count114
\LT@rows=\count115
\c@LT@tables=\count116
\c@LT@chunks=\count117
\LT@p@ftn=\toks22
) (rotating.sty
Package: rotating 1997/09/26, v2.13 Rotation package

("C:\Program Files\MiKTeX 2.7\tex\latex\base\ifthen.sty"
Package: ifthen 2001/05/26 v1.1c Standard LaTeX ifthen package (DPC)
)
\c@r@tfl@t=\count118
\rot@float@box=\box58
)
("C:\Program Files\MiKTeX 2.7\tex\latex\graphics\color.sty"
Package: color 2005/11/14 v1.0j Standard LaTeX Color (DPC)

("C:\Program Files\MiKTeX 2.7\tex\latex\00miktex\color.cfg"
File: color.cfg 2007/01/18 v1.5 color configuration of teTeX/TeXLive
)
Package color Info: Driver file: dvips.def on input line 130.

("C:\Program Files\MiKTeX 2.7\tex\latex\graphics\dvipsnam.def"
File: dvipsnam.def 1999/02/16 v3.0i Driver-dependant file (DPC,SPQR)
))
("C:\Program Files\MiKTeX 2.7\tex\latex\colortbl\colortbl.sty"
Package: colortbl 2001/02/13 v0.1j Color table columns (DPC)

("C:\Program Files\MiKTeX 2.7\tex\latex\tools\array.sty"
Package: array 2005/08/23 v2.4b Tabular extension package (FMi)
\col@sep=\dimen131
\extrarowheight=\dimen132
\NC@list=\toks23
\extratabsurround=\skip58
\backup@length=\skip59
)
\everycr=\toks24
\minrowclearance=\skip60
) (fancyheadings.sty
\headrulewidth=\dimen133
\footrulewidth=\dimen134
\plainheadrulewidth=\dimen135
\plainfootrulewidth=\dimen136
\headwidth=\dimen137
\footruleskip=\dimen138
)
("C:\Program Files\MiKTeX 2.7\tex\latex\natbib\natbib.sty"
Package: natbib 2007/02/05 8.0 (PWD)
\bibhang=\skip61
\bibsep=\skip62
LaTeX Info: Redefining \cite on input line 602.
\c@NAT@ctr=\count119
)
("C:\Program Files\MiKTeX 2.7\tex\latex\geometry\geometry.sty"
Package: geometry 2002/07/08 v3.2 Page Geometry
\Gm@cnth=\count120
\Gm@cntv=\count121
\c@Gm@tempcnt=\count122
\Gm@bindingoffset=\dimen139
\Gm@wd@mp=\dimen140
\Gm@odd@mp=\dimen141
\Gm@even@mp=\dimen142
\Gm@dimlist=\toks25

("C:\Program Files\MiKTeX 2.7\tex\latex\geometry\geometry.cfg"))
("C:\Program Files\MiKTeX 2.7\tex\latex\setspace\setspace.sty"
Package: setspace 2000/12/01 6.7 Contributed and Supported LaTeX2e package

Package: `setspace' 6.7 <2000/12/01>
) (mestrado_beta.v8.aux)
LaTeX Font Info:    Checking defaults for OML/cmm/m/it on input line 62.
LaTeX Font Info:    ... okay on input line 62.
LaTeX Font Info:    Checking defaults for T1/cmr/m/n on input line 62.
LaTeX Font Info:    ... okay on input line 62.
LaTeX Font Info:    Checking defaults for OT1/cmr/m/n on input line 62.
LaTeX Font Info:    ... okay on input line 62.
LaTeX Font Info:    Checking defaults for OMS/cmsy/m/n on input line 62.
LaTeX Font Info:    ... okay on input line 62.
LaTeX Font Info:    Checking defaults for OMX/cmex/m/n on input line 62.
LaTeX Font Info:    ... okay on input line 62.
LaTeX Font Info:    Checking defaults for U/cmr/m/n on input line 62.
LaTeX Font Info:    ... okay on input line 62.
Package caption Info: Begin \AtBeginDocument code.
Package caption Info: longtable package is loaded.

("C:\Program Files\MiKTeX 2.7\tex\latex\caption\ltcaption.sty"
Package: ltcaption 2007/09/01 v1.1 longtable captions (AR)
)
Package caption Info: rotating package is loaded.
Package caption Info: subfigure package is loaded.
Package caption Info: End \AtBeginDocument code.
-------------------- Geometry parameters
paper: a4paper
landscape: --
twocolumn: --
twoside: --
asymmetric: --
h-parts: 85.35826pt, 441.01773pt, 71.13188pt
v-parts: 85.35826pt, 674.33032pt, 85.35826pt
hmarginratio: --
vmarginratio: --
lines: --
heightrounded: --
bindingoffset: 0.0pt
truedimen: --
includehead: --
includefoot: --
includemp: --
driver: dvips
-------------------- Page layout dimensions and switches
\paperwidth  597.50787pt
\paperheight 845.04684pt
\textwidth  441.01773pt
\textheight 674.33032pt
\oddsidemargin  13.08827pt
\evensidemargin 13.08827pt
\topmargin  -23.91173pt
\headheight 12.0pt
\headsep    25.0pt
\footskip   30.0pt
\marginparwidth 35.0pt
\marginparsep   10.0pt
\columnsep  10.0pt
\skip\footins  10.8pt plus 4.0pt minus 2.0pt
\hoffset 0.0pt
\voffset 0.0pt
\mag 1000

(1in=72.27pt, 1cm=28.45pt)
-----------------------

(mestrado_beta.v8.toc
LaTeX Font Info:    Try loading font information for U+msa on input line 3.
 ("C:\Program Files\MiKTeX 2.7\tex\latex\amsfonts\umsa.fd"
File: umsa.fd 2002/01/19 v2.2g AMS font definitions
)
LaTeX Font Info:    Try loading font information for U+msb on input line 3.
 ("C:\Program Files\MiKTeX 2.7\tex\latex\amsfonts\umsb.fd"
File: umsb.fd 2002/01/19 v2.2g AMS font definitions
) [1


])
\tf@toc=\write3
 [2]
Chapter 1.
[1

]
File: pics/rvpic.eps Graphic file (type eps)
 <pics/rvpic.eps>
File: pics/rv_1995.eps Graphic file (type eps)
 <pics/rv_1995.eps>
LaTeX Font Info:    Try loading font information for T1+cmss on input line 112.


("C:\Program Files\MiKTeX 2.7\tex\latex\base\t1cmss.fd"
File: t1cmss.fd 1999/05/25 v2.5h Standard LaTeX font definitions
)
Overfull \vbox (2.49998pt too high) has occurred while \output is active []


[2]
File: pics/phototransit.eps Graphic file (type eps)
 <pics/phototransit.eps>

LaTeX Warning: `h' float specifier changed to `ht'.


Overfull \vbox (2.49998pt too high) has occurred while \output is active []


[3]
Overfull \vbox (2.49998pt too high) has occurred while \output is active []


[4]
File: pics/microlensing2.eps Graphic file (type eps)
 <pics/microlensing2.eps>
Underfull \hbox (badness 10000) in paragraph at lines 177--181

 []


Overfull \vbox (2.49998pt too high) has occurred while \output is active []


[5]
File: pics/massplanet3.eps Graphic file (type eps)
 <pics/massplanet3.eps>
Overfull \vbox (2.49998pt too high) has occurred while \output is active []


[6]
Overfull \vbox (2.49998pt too high) has occurred while \output is active []


[7]
File: pics/fehhist.eps Graphic file (type eps)
 <pics/fehhist.eps>

LaTeX Warning: `h' float specifier changed to `ht'.


Overfull \vbox (2.49998pt too high) has occurred while \output is active []


[8]
Overfull \vbox (2.49998pt too high) has occurred while \output is active []


[9]
Overfull \vbox (2.49998pt too high) has occurred while \output is active []


[10]
Overfull \vbox (2.49998pt too high) has occurred while \output is active []


[11]
Chapter 2.
[12

]
Overfull \vbox (2.49998pt too high) has occurred while \output is active []


[13]
File: pics/equivalent_width.eps Graphic file (type eps)
 <pics/equivalent_width.eps>
Underfull \hbox (badness 10000) in paragraph at lines 419--419
[]\T1/cmr/m/n/10 Figure 2.1: |Il-lus-tra-tion of a spec-tral line and its equiv
-a-lent width. From:
 []


Overfull \vbox (2.49998pt too high) has occurred while \output is active []


[14]
File: pics/parte2/curve_of_growth.eps Graphic file (type eps)
 <pics/parte2/curve_of_growth.eps>
File: pics/parte2/line_profile.eps Graphic file (type eps)
 <pics/parte2/line_profile.eps>
Overfull \vbox (2.49998pt too high) has occurred while \output is active []


[15]
File: pics/parte2/temperature.eps Graphic file (type eps)
 <pics/parte2/temperature.eps>
Overfull \vbox (2.49998pt too high) has occurred while \output is active []


[16]
File: pics/parte2/pressure.eps Graphic file (type eps)
 <pics/parte2/pressure.eps>
File: pics/parte2/pressure2.eps Graphic file (type eps)
 <pics/parte2/pressure2.eps>
Overfull \vbox (2.49998pt too high) has occurred while \output is active []


[17]
File: pics/parte2/vtur.eps Graphic file (type eps)
 <pics/parte2/vtur.eps>
Overfull \vbox (2.49998pt too high) has occurred while \output is active []


[18]
Overfull \vbox (2.49998pt too high) has occurred while \output is active []


[19]
Chapter 3.
[20

]
Overfull \vbox (2.49998pt too high) has occurred while \output is active []


[21]
File: pics/parte3/eskemafinalv6.eps Graphic file (type eps)
 <pics/parte3/eskemafinalv6.eps>
Overfull \vbox (2.49998pt too high) has occurred while \output is active []


[22]
Overfull \hbox (52.34636pt too wide) in paragraph at lines 674--674
[][]\T1/cmr/m/n/10 Collection of HARPS so-lar spec-tra: $\OML/cmm/m/it/10 http 
\OT1/cmr/m/n/10 : \OML/cmm/m/it/10 ==www:ls:eso:org=lasilla=sciops=\OT1/cmr/m/n
/10 3\OML/cmm/m/it/10 p\OT1/cmr/m/n/10 6\OML/cmm/m/it/10 =harps=monitoring=sun:
html$| 
 []


Overfull \vbox (2.49998pt too high) has occurred while \output is active []


[23]
Overfull \vbox (2.49998pt too high) has occurred while \output is active []


[24]
Overfull \vbox (2.49998pt too high) has occurred while \output is active []


[25]
Overfull \vbox (2.49998pt too high) has occurred while \output is active []


[26]
File: pics/Ni20.eps Graphic file (type eps)
 <pics/Ni20.eps>
Overfull \vbox (2.49998pt too high) has occurred while \output is active []


[27]
Overfull \vbox (2.49998pt too high) has occurred while \output is active []


[28]
Overfull \vbox (2.49998pt too high) has occurred while \output is active []


[29]
File: pics/parte3/moogpicniq.eps Graphic file (type eps)
 <pics/parte3/moogpicniq.eps>
File: pics/parte3/EP.eps Graphic file (type eps)
 <pics/parte3/EP.eps>

LaTeX Warning: `!h' float specifier changed to `!ht'.

File: pics/parte3/RW.eps Graphic file (type eps)
<pics/parte3/RW.eps>

LaTeX Warning: `!h' float specifier changed to `!ht'.


Overfull \vbox (2.49998pt too high) has occurred while \output is active []


[30]
Overfull \vbox (2.49998pt too high) has occurred while \output is active []


[31]
File: pics/parte3/CrICrII.eps Graphic file (type eps)
 <pics/parte3/CrICrII.eps>
File: pics/parte3/xfeteff.eps Graphic file (type eps)
 <pics/parte3/xfeteff.eps>
Overfull \hbox (14.22635pt too wide) in paragraph at lines 904--905
 [][][] 
 []


LaTeX Warning: `!h' float specifier changed to `!ht'.

File: pics/parte3/xfelogg.eps Graphic file (type eps)
<pics/parte3/xfelogg.eps>
Overfull \hbox (14.22635pt too wide) in paragraph at lines 910--911
 [][][] 
 []


LaTeX Warning: `!h' float specifier changed to `!ht'.


Overfull \vbox (2.49998pt too high) has occurred while \output is active []


[32]
Overfull \vbox (2.49998pt too high) has occurred while \output is active []


[33]
Overfull \vbox (2.49998pt too high) has occurred while \output is active []


[34]
Overfull \vbox (2.49998pt too high) has occurred while \output is active []


[35]
Chapter 4.
File: pics/parte4/comp.eps Graphic file (type eps)
<pics/parte4/comp.eps>
Overfull \hbox (14.22635pt too wide) in paragraph at lines 967--968
 [][][] 
 []

[36

]
Overfull \vbox (2.49998pt too high) has occurred while \output is active []


[37]

Package caption Warning: \label before \caption ignored on input line 994.
See the caption package documentation for explanation.


LaTeX Warning: Reference `avgabund' on page 38 undefined on input line 1024.


Overfull \vbox (2.49998pt too high) has occurred while \output is active []


[38]
File: pics/parte4/histxhfinal.eps Graphic file (type eps)
 <pics/parte4/histxhfinal.eps>
Overfull \hbox (14.22635pt too wide) in paragraph at lines 1029--1030
 [][][] 
 []


Overfull \vbox (2.49998pt too high) has occurred while \output is active []


[39]
File: pics/parte4/xfefehfinal/xfefehtfinal.eps Graphic file (type eps)
 <pics/parte4/xfefehfinal/xfefehtfinal.eps>
Overfull \hbox (14.22635pt too wide) in paragraph at lines 1077--1078
 [][][] 
 []


LaTeX Warning: `!h' float specifier changed to `!ht'.

File: pics/parte4/xfefehfinal/xfefehtsolfinal.eps Graphic file (type eps)
<pics/parte4/xfefehfinal/xfefehtsolfinal.eps>
Overfull \hbox (14.22635pt too wide) in paragraph at lines 1088--1089
 [][][] 
 []


Overfull \vbox (2.49998pt too high) has occurred while \output is active []


[40]

LaTeX Warning: `!h' float specifier changed to `!ht'.


Overfull \vbox (2.49998pt too high) has occurred while \output is active []


[41]
Overfull \vbox (2.49998pt too high) has occurred while \output is active []


[42]
Overfull \vbox (2.49998pt too high) has occurred while \output is active []


[43]
Overfull \vbox (2.49998pt too high) has occurred while \output is active []


[44]
Chapter 5.
LaTeX Font Info:    Try loading font information for OMS+cmr on input line 1217
.
("C:\Program Files\MiKTeX 2.7\tex\latex\base\omscmr.fd"
File: omscmr.fd 1999/05/25 v2.5h Standard LaTeX font definitions
)
LaTeX Font Info:    Font shape `OMS/cmr/m/n' in size <12> not available
(Font)              Font shape `OMS/cmsy/m/n' tried instead on input line 1217.

 [45

]
Overfull \vbox (2.49998pt too high) has occurred while \output is active []


[46] (mestrado_beta.v8.bbl [47

]
Overfull \vbox (2.49998pt too high) has occurred while \output is active []


[48])
Overfull \vbox (2.49998pt too high) has occurred while \output is active []


[49] (mestrado_beta.v8.aux)

LaTeX Warning: There were undefined references.

 )
(\end occurred inside a group at level 2)

### simple group (level 2) entered at line 728 ({)
### simple group (level 1) entered at line 262 ({)
### bottom level 
Here is how much of TeX's memory you used:
 4198 strings out of 95352
 54205 string characters out of 1184500
 148547 words of memory out of 1500000
 7261 multiletter control sequences out of 110000
 26991 words of font info for 73 fonts, out of 1200000 for 2000
 14 hyphenation exceptions out of 8191
 36i,12n,39p,1415b,463s stack positions out of 5000i,500n,10000p,200000b,5000s

Output written on mestrado_beta.v8.dvi (51 pages, 181968 bytes).
