mktexpk --mfmode / --bdpi 600 --mag 0+570/600 --dpi 570 txsssl
mktexpk --mfmode / --bdpi 600 --mag 0+570/600 --dpi 570 cmr10
mktextfm txsssl
mktextfm cmr10
mktexpk --mfmode / --bdpi 600 --mag 0+570/600 --dpi 570 txsssl
mktexpk --mfmode / --bdpi 600 --mag 0+570/600 --dpi 570 cmr10
mktextfm txsssl
mktextfm cmr10
mktexpk --mfmode / --bdpi 600 --mag 0+570/600 --dpi 570 txsssl
mktexpk --mfmode / --bdpi 600 --mag 0+570/600 --dpi 570 cmr10
mktextfm txsssl
mktextfm cmr10
mktexpk --mfmode / --bdpi 600 --mag 0+570/600 --dpi 570 txsssl
mktexpk --mfmode / --bdpi 600 --mag 0+570/600 --dpi 570 cmr10
mktextfm txsssl
mktextfm cmr10
mktexpk --mfmode / --bdpi 600 --mag 0+570/600 --dpi 570 txsssl
mktexpk --mfmode / --bdpi 600 --mag 0+570/600 --dpi 570 cmr10
mktextfm txsssl
mktextfm cmr10
mktexpk --mfmode / --bdpi 600 --mag 0+570/600 --dpi 570 txsssl
mktexpk --mfmode / --bdpi 600 --mag 0+570/600 --dpi 570 cmr10
mktextfm txsssl
mktextfm cmr10
mktexpk --mfmode / --bdpi 600 --mag 0+570/600 --dpi 570 txsssl
mktexpk --mfmode / --bdpi 600 --mag 0+570/600 --dpi 570 cmr10
mktextfm txsssl
mktextfm cmr10
mktexpk --mfmode / --bdpi 600 --mag 0+570/600 --dpi 570 txsssl
mktexpk --mfmode / --bdpi 600 --mag 0+570/600 --dpi 570 cmr10
mktextfm txsssl
mktextfm cmr10
mktexpk --mfmode / --bdpi 600 --mag 0+540/600 --dpi 540 txb
mktexpk --mfmode / --bdpi 600 --mag 0+540/600 --dpi 540 cmr10
mktextfm txb
mktextfm cmr10
mktexpk --mfmode / --bdpi 600 --mag 0+540/600 --dpi 540 txb
mktexpk --mfmode / --bdpi 600 --mag 0+540/600 --dpi 540 cmr10
mktextfm txb
mktextfm cmr10
mktexpk --mfmode / --bdpi 600 --mag 0+540/600 --dpi 540 txb
mktexpk --mfmode / --bdpi 600 --mag 0+540/600 --dpi 540 cmr10
mktextfm txb
mktextfm cmr10
mktexpk --mfmode / --bdpi 600 --mag 0+540/600 --dpi 540 txb
mktexpk --mfmode / --bdpi 600 --mag 0+540/600 --dpi 540 cmr10
mktextfm txb
mktextfm cmr10
mktexpk --mfmode / --bdpi 600 --mag 0+540/600 --dpi 540 txb
mktexpk --mfmode / --bdpi 600 --mag 0+540/600 --dpi 540 cmr10
mktextfm txb
mktextfm cmr10
mktexpk --mfmode / --bdpi 600 --mag 0+540/600 --dpi 540 txb
mktexpk --mfmode / --bdpi 600 --mag 0+540/600 --dpi 540 cmr10
mktextfm txb
mktextfm cmr10
mktexpk --mfmode / --bdpi 600 --mag 0+570/600 --dpi 570 txsssl
mktexpk --mfmode / --bdpi 600 --mag 0+570/600 --dpi 570 cmr10
mktextfm txsssl
mktextfm cmr10
mktexpk --mfmode / --bdpi 600 --mag 0+570/600 --dpi 570 txsssl
mktexpk --mfmode / --bdpi 600 --mag 0+570/600 --dpi 570 cmr10
mktextfm txsssl
mktextfm cmr10
mktexpk --mfmode / --bdpi 600 --mag 0+570/600 --dpi 570 txsssl
mktexpk --mfmode / --bdpi 600 --mag 0+570/600 --dpi 570 cmr10
mktextfm txsssl
mktextfm cmr10
mktexpk --mfmode / --bdpi 600 --mag 0+570/600 --dpi 570 txsssl
mktexpk --mfmode / --bdpi 600 --mag 0+570/600 --dpi 570 cmr10
mktextfm txsssl
mktextfm cmr10
mktexpk --mfmode / --bdpi 600 --mag 0+570/600 --dpi 570 txsssl
mktexpk --mfmode / --bdpi 600 --mag 0+570/600 --dpi 570 cmr10
mktextfm txsssl
mktextfm cmr10
mktexpk --mfmode / --bdpi 600 --mag 0+570/600 --dpi 570 txsssl
mktexpk --mfmode / --bdpi 600 --mag 0+570/600 --dpi 570 cmr10
mktextfm txsssl
mktextfm cmr10
mktexpk --mfmode / --bdpi 600 --mag 0+570/600 --dpi 570 txsssl
mktexpk --mfmode / --bdpi 600 --mag 0+570/600 --dpi 570 cmr10
mktextfm txsssl
mktextfm cmr10
mktexpk --mfmode / --bdpi 600 --mag 0+570/600 --dpi 570 txsssl
mktexpk --mfmode / --bdpi 600 --mag 0+570/600 --dpi 570 cmr10
mktextfm txsssl
mktextfm cmr10
mktexpk --mfmode / --bdpi 600 --mag 0+540/600 --dpi 540 txb
mktexpk --mfmode / --bdpi 600 --mag 0+540/600 --dpi 540 cmr10
mktextfm txb
mktextfm cmr10
mktexpk --mfmode / --bdpi 600 --mag 0+540/600 --dpi 540 txb
mktexpk --mfmode / --bdpi 600 --mag 0+540/600 --dpi 540 cmr10
mktextfm txb
mktextfm cmr10
mktexpk --mfmode / --bdpi 600 --mag 0+540/600 --dpi 540 txb
mktexpk --mfmode / --bdpi 600 --mag 0+540/600 --dpi 540 cmr10
mktextfm txb
mktextfm cmr10
mktexpk --mfmode / --bdpi 600 --mag 0+540/600 --dpi 540 txb
mktexpk --mfmode / --bdpi 600 --mag 0+540/600 --dpi 540 cmr10
mktextfm txb
mktextfm cmr10
mktexpk --mfmode / --bdpi 600 --mag 0+540/600 --dpi 540 txb
mktexpk --mfmode / --bdpi 600 --mag 0+540/600 --dpi 540 cmr10
mktextfm txb
mktextfm cmr10
mktexpk --mfmode / --bdpi 600 --mag 0+540/600 --dpi 540 txb
mktexpk --mfmode / --bdpi 600 --mag 0+540/600 --dpi 540 cmr10
mktextfm txb
mktextfm cmr10
mktexpk --mfmode / --bdpi 600 --mag 0+540/600 --dpi 540 txb
mktexpk --mfmode / --bdpi 600 --mag 0+540/600 --dpi 540 cmr10
mktextfm txb
mktextfm cmr10
mktexpk --mfmode / --bdpi 600 --mag 0+540/600 --dpi 540 txb
mktexpk --mfmode / --bdpi 600 --mag 0+540/600 --dpi 540 cmr10
mktextfm txb
mktextfm cmr10
mktexpk --mfmode / --bdpi 600 --mag 0+570/600 --dpi 570 txsssl
mktexpk --mfmode / --bdpi 600 --mag 0+570/600 --dpi 570 cmr10
mktextfm txsssl
mktextfm cmr10
mktexpk --mfmode / --bdpi 600 --mag 0+570/600 --dpi 570 txsssl
mktexpk --mfmode / --bdpi 600 --mag 0+570/600 --dpi 570 cmr10
mktextfm txsssl
mktextfm cmr10
mktexpk --mfmode / --bdpi 600 --mag 0+570/600 --dpi 570 txsssl
mktexpk --mfmode / --bdpi 600 --mag 0+570/600 --dpi 570 cmr10
mktextfm txsssl
mktextfm cmr10
mktexpk --mfmode / --bdpi 600 --mag 0+570/600 --dpi 570 txsssl
mktexpk --mfmode / --bdpi 600 --mag 0+570/600 --dpi 570 cmr10
mktextfm txsssl
mktextfm cmr10
mktexpk --mfmode / --bdpi 600 --mag 0+540/600 --dpi 540 txb
mktexpk --mfmode / --bdpi 600 --mag 0+540/600 --dpi 540 cmr10
mktextfm txb
mktextfm cmr10
mktexpk --mfmode / --bdpi 600 --mag 0+540/600 --dpi 540 txb
mktexpk --mfmode / --bdpi 600 --mag 0+540/600 --dpi 540 cmr10
mktextfm txb
mktextfm cmr10
mktexpk --mfmode / --bdpi 600 --mag 0+540/600 --dpi 540 txb
mktexpk --mfmode / --bdpi 600 --mag 0+540/600 --dpi 540 cmr10
mktextfm txb
mktextfm cmr10
mktexpk --mfmode / --bdpi 600 --mag 0+540/600 --dpi 540 txb
mktexpk --mfmode / --bdpi 600 --mag 0+540/600 --dpi 540 cmr10
mktextfm txb
mktextfm cmr10
mktexpk --mfmode / --bdpi 600 --mag 0+540/600 --dpi 540 txb
mktexpk --mfmode / --bdpi 600 --mag 0+540/600 --dpi 540 cmr10
mktextfm txb
mktextfm cmr10
mktexpk --mfmode / --bdpi 600 --mag 0+540/600 --dpi 540 txb
mktexpk --mfmode / --bdpi 600 --mag 0+540/600 --dpi 540 cmr10
mktextfm txb
mktextfm cmr10
